#! /usr/local/Cellar/icarus-verilog/11.0/bin/vvp
:ivl_version "11.0 (stable)";
:ivl_delay_selection "TYPICAL";
:vpi_time_precision - 12;
:vpi_module "/usr/local/Cellar/icarus-verilog/11.0/lib/ivl/system.vpi";
:vpi_module "/usr/local/Cellar/icarus-verilog/11.0/lib/ivl/vhdl_sys.vpi";
:vpi_module "/usr/local/Cellar/icarus-verilog/11.0/lib/ivl/vhdl_textio.vpi";
:vpi_module "/usr/local/Cellar/icarus-verilog/11.0/lib/ivl/v2005_math.vpi";
:vpi_module "/usr/local/Cellar/icarus-verilog/11.0/lib/ivl/va_math.vpi";
:vpi_module "/usr/local/Cellar/icarus-verilog/11.0/lib/ivl/v2009.vpi";
S_0x7fadd6a04080 .scope package, "$unit" "$unit" 2 1;
 .timescale 0 0;
S_0x7fadd6a041f0 .scope module, "eth_packer_tb" "eth_packer_tb" 3 3;
 .timescale 0 0;
v0x6000026c9290_0 .var "axiid", 1 0;
v0x6000026c9320_0 .var "axiiv", 0 0;
v0x6000026c93b0_0 .var "cksum1", 31 0;
v0x6000026c9440_0 .var "clk", 0 0;
v0x6000026c94d0_0 .var "message1", 167 0;
v0x6000026c9560_0 .net "phy_txd", 1 0, v0x6000026c8fc0_0;  1 drivers
v0x6000026c95f0_0 .net "phy_txen", 0 0, v0x6000026c9050_0;  1 drivers
v0x6000026c9680_0 .var "rst", 0 0;
v0x6000026c9710_0 .net "stall", 0 0, v0x6000026c9170_0;  1 drivers
S_0x7fadd6a04360 .scope begin, "$ivl_for_loop0" "$ivl_for_loop0" 3 46, 3 46 0, S_0x7fadd6a041f0;
 .timescale 0 0;
v0x6000026c8000_0 .var/2s "i", 31 0;
S_0x7fadd6a044d0 .scope begin, "$ivl_for_loop1" "$ivl_for_loop1" 3 53, 3 53 0, S_0x7fadd6a041f0;
 .timescale 0 0;
v0x6000026c8090_0 .var/2s "i", 31 0;
S_0x7fadd6a04640 .scope begin, "$ivl_for_loop2" "$ivl_for_loop2" 3 63, 3 63 0, S_0x7fadd6a041f0;
 .timescale 0 0;
v0x6000026c8120_0 .var/2s "i", 31 0;
S_0x7fadd6a047b0 .scope begin, "$ivl_for_loop3" "$ivl_for_loop3" 3 70, 3 70 0, S_0x7fadd6a041f0;
 .timescale 0 0;
v0x6000026c81b0_0 .var/2s "i", 31 0;
S_0x7fadd6a04920 .scope begin, "$ivl_for_loop4" "$ivl_for_loop4" 3 77, 3 77 0, S_0x7fadd6a041f0;
 .timescale 0 0;
v0x6000026c8240_0 .var/2s "i", 31 0;
S_0x7fadd6a04a90 .scope begin, "$ivl_for_loop5" "$ivl_for_loop5" 3 84, 3 84 0, S_0x7fadd6a041f0;
 .timescale 0 0;
v0x6000026c82d0_0 .var/2s "i", 31 0;
S_0x7fadd6a04c00 .scope begin, "$ivl_for_loop6" "$ivl_for_loop6" 3 91, 3 91 0, S_0x7fadd6a041f0;
 .timescale 0 0;
v0x6000026c8360_0 .var/2s "i", 31 0;
S_0x7fadd6a04d70 .scope begin, "$ivl_for_loop7" "$ivl_for_loop7" 3 98, 3 98 0, S_0x7fadd6a041f0;
 .timescale 0 0;
v0x6000026c83f0_0 .var/2s "i", 31 0;
S_0x7fadd6a04ee0 .scope module, "eth_packer" "eth_packer" 3 12, 4 4 0, S_0x7fadd6a041f0;
 .timescale -9 -12;
    .port_info 0 /INPUT 1 "clk";
    .port_info 1 /INPUT 1 "rst";
    .port_info 2 /INPUT 1 "axiiv";
    .port_info 3 /INPUT 2 "axiid";
    .port_info 4 /OUTPUT 1 "stall";
    .port_info 5 /OUTPUT 1 "phy_txen";
    .port_info 6 /OUTPUT 2 "phy_txd";
P_0x7fadd6a05050 .param/l "ADDR_DIBITS" 0 4 19, +C4<000000000000000000000000000010111>;
P_0x7fadd6a05090 .param/l "CRC_DIBITS" 0 4 21, +C4<000000000000000000000000000001111>;
P_0x7fadd6a050d0 .param/l "DEST_ADDR_DIBIT" 0 4 15, C4<11>;
P_0x7fadd6a05110 .param/l "IFG_PERIOD" 0 4 22, +C4<000000000000000000000000000101111>;
P_0x7fadd6a05150 .param/l "LEN_DIBITS" 0 4 23, +C4<000000000000000000000000000000111>;
P_0x7fadd6a05190 .param/l "MIN_DATA_DIBITS" 0 4 20, +C4<000000000000000000000000000010011>;
P_0x7fadd6a051d0 .param/l "PREAMBLE_DIBITS" 0 4 18, +C4<000000000000000000000000000011111>;
P_0x7fadd6a05210 .param/l "SOURCE_ADDR" 0 4 16, C4<011010010110100101011010000001100101010010010001>;
enum0x6000026cc480 .enum2/s (32)
   "Idle" 0,
   "SendPre" 1,
   "SendDestAddr" 2,
   "SendSourceAddr" 3,
   "SendLength" 4,
   "SendData" 5,
   "SendTail" 6
 ;
v0x6000026c8a20_0 .var "audio_counter", 8 0;
v0x6000026c8ab0_0 .net "axiid", 1 0, v0x6000026c9290_0;  1 drivers
v0x6000026c8b40_0 .net "axiiv", 0 0, v0x6000026c9320_0;  1 drivers
v0x6000026c8bd0_0 .var "byte_bit_counter", 2 0;
v0x6000026c8c60_0 .net "cksum", 31 0, L_0x600003fcdab0;  1 drivers
v0x6000026c8cf0_0 .var "cksum_axiiv", 0 0;
L_0x7fadd6863008 .functor BUFT 1, C4<1>, C4<0>, C4<0>, C4<0>;
v0x6000026c8d80_0 .net "cksum_calculated", 0 0, L_0x7fadd6863008;  1 drivers
v0x6000026c8e10_0 .net "clk", 0 0, v0x6000026c9440_0;  1 drivers
v0x6000026c8ea0_0 .var "crc32rst", 0 0;
v0x6000026c8f30_0 .var "dibit_counter", 12 0;
v0x6000026c8fc0_0 .var "phy_txd", 1 0;
v0x6000026c9050_0 .var "phy_txen", 0 0;
v0x6000026c90e0_0 .net "rst", 0 0, v0x6000026c9680_0;  1 drivers
v0x6000026c9170_0 .var "stall", 0 0;
v0x6000026c9200_0 .var "state", 3 0;
E_0x600001ac8840/0 .event edge, v0x6000026c9200_0, v0x6000026c8f30_0, v0x6000026c8ab0_0, v0x6000026c8bd0_0;
E_0x600001ac8840/1 .event edge, v0x6000026c8630_0;
E_0x600001ac8840 .event/or E_0x600001ac8840/0, E_0x600001ac8840/1;
S_0x7fadd6a05250 .scope module, "crc32" "crc32" 4 45, 5 22 0, S_0x7fadd6a04ee0;
 .timescale -9 -12;
    .port_info 0 /INPUT 1 "clk";
    .port_info 1 /INPUT 1 "rst";
    .port_info 2 /INPUT 1 "axiiv";
    .port_info 3 /INPUT 2 "axiid";
    .port_info 4 /OUTPUT 1 "axiov";
    .port_info 5 /OUTPUT 32 "axiod";
L_0x600003fcdab0 .functor NOT 32, v0x6000026c8750_0, C4<00000000000000000000000000000000>, C4<00000000000000000000000000000000>, C4<00000000000000000000000000000000>;
v0x6000026c8510_0 .net "axiid", 1 0, v0x6000026c8fc0_0;  alias, 1 drivers
v0x6000026c85a0_0 .net "axiiv", 0 0, v0x6000026c8cf0_0;  1 drivers
v0x6000026c8630_0 .net "axiod", 31 0, L_0x600003fcdab0;  alias, 1 drivers
v0x6000026c86c0_0 .net "axiov", 0 0, L_0x7fadd6863008;  alias, 1 drivers
v0x6000026c8750_0 .var "caxiod", 31 0;
v0x6000026c87e0_0 .net "clk", 0 0, v0x6000026c9440_0;  alias, 1 drivers
v0x6000026c8870_0 .var/i "i", 31 0;
v0x6000026c8900_0 .net "rst", 0 0, v0x6000026c8ea0_0;  1 drivers
v0x6000026c8990_0 .var "saxiod", 31 0;
E_0x600001aca850 .event posedge, v0x6000026c87e0_0;
E_0x600001acb270 .event edge, v0x6000026c8750_0, v0x6000026c8510_0;
    .scope S_0x7fadd6a05250;
T_0 ;
    %wait E_0x600001acb270;
    %pushi/vec4 0, 0, 32;
    %store/vec4 v0x6000026c8870_0, 0, 32;
T_0.0 ;
    %load/vec4 v0x6000026c8870_0;
    %cmpi/s 32, 0, 32;
    %jmp/0xz T_0.1, 5;
    %load/vec4 v0x6000026c8870_0;
    %dup/vec4;
    %pushi/vec4 0, 0, 32;
    %cmp/u;
    %jmp/1 T_0.2, 6;
    %dup/vec4;
    %pushi/vec4 1, 0, 32;
    %cmp/u;
    %jmp/1 T_0.3, 6;
    %dup/vec4;
    %pushi/vec4 4, 0, 32;
    %cmp/u;
    %jmp/1 T_0.4, 6;
    %dup/vec4;
    %pushi/vec4 7, 0, 32;
    %cmp/u;
    %jmp/1 T_0.5, 6;
    %dup/vec4;
    %pushi/vec4 10, 0, 32;
    %cmp/u;
    %jmp/1 T_0.6, 6;
    %dup/vec4;
    %pushi/vec4 16, 0, 32;
    %cmp/u;
    %jmp/1 T_0.7, 6;
    %dup/vec4;
    %pushi/vec4 22, 0, 32;
    %cmp/u;
    %jmp/1 T_0.8, 6;
    %dup/vec4;
    %pushi/vec4 26, 0, 32;
    %cmp/u;
    %jmp/1 T_0.9, 6;
    %dup/vec4;
    %pushi/vec4 2, 0, 32;
    %cmp/u;
    %jmp/1 T_0.10, 6;
    %dup/vec4;
    %pushi/vec4 5, 0, 32;
    %cmp/u;
    %jmp/1 T_0.11, 6;
    %dup/vec4;
    %pushi/vec4 8, 0, 32;
    %cmp/u;
    %jmp/1 T_0.12, 6;
    %dup/vec4;
    %pushi/vec4 11, 0, 32;
    %cmp/u;
    %jmp/1 T_0.13, 6;
    %dup/vec4;
    %pushi/vec4 12, 0, 32;
    %cmp/u;
    %jmp/1 T_0.14, 6;
    %dup/vec4;
    %pushi/vec4 23, 0, 32;
    %cmp/u;
    %jmp/1 T_0.15, 6;
    %dup/vec4;
    %pushi/vec4 3, 0, 32;
    %cmp/u;
    %jmp/1 T_0.16, 6;
    %dup/vec4;
    %pushi/vec4 6, 0, 32;
    %cmp/u;
    %jmp/1 T_0.17, 6;
    %dup/vec4;
    %pushi/vec4 9, 0, 32;
    %cmp/u;
    %jmp/1 T_0.18, 6;
    %dup/vec4;
    %pushi/vec4 13, 0, 32;
    %cmp/u;
    %jmp/1 T_0.19, 6;
    %dup/vec4;
    %pushi/vec4 17, 0, 32;
    %cmp/u;
    %jmp/1 T_0.20, 6;
    %dup/vec4;
    %pushi/vec4 24, 0, 32;
    %cmp/u;
    %jmp/1 T_0.21, 6;
    %dup/vec4;
    %pushi/vec4 27, 0, 32;
    %cmp/u;
    %jmp/1 T_0.22, 6;
    %load/vec4 v0x6000026c8750_0;
    %load/vec4 v0x6000026c8870_0;
    %subi 2, 0, 32;
    %part/s 1;
    %ix/getv/s 4, v0x6000026c8870_0;
    %store/vec4 v0x6000026c8990_0, 4, 1;
    %jmp T_0.24;
T_0.2 ;
    %load/vec4 v0x6000026c8750_0;
    %parti/s 1, 30, 6;
    %load/vec4 v0x6000026c8510_0;
    %parti/s 1, 1, 2;
    %xor;
    %ix/getv/s 4, v0x6000026c8870_0;
    %store/vec4 v0x6000026c8990_0, 4, 1;
    %jmp T_0.24;
T_0.3 ;
    %load/vec4 v0x6000026c8750_0;
    %parti/s 1, 31, 6;
    %load/vec4 v0x6000026c8510_0;
    %parti/s 1, 0, 2;
    %xor;
    %load/vec4 v0x6000026c8750_0;
    %parti/s 1, 30, 6;
    %load/vec4 v0x6000026c8510_0;
    %parti/s 1, 1, 2;
    %xor;
    %xor;
    %ix/getv/s 4, v0x6000026c8870_0;
    %store/vec4 v0x6000026c8990_0, 4, 1;
    %jmp T_0.24;
T_0.4 ;
    %load/vec4 v0x6000026c8750_0;
    %load/vec4 v0x6000026c8870_0;
    %subi 2, 0, 32;
    %part/s 1;
    %load/vec4 v0x6000026c8750_0;
    %parti/s 1, 30, 6;
    %load/vec4 v0x6000026c8510_0;
    %parti/s 1, 1, 2;
    %xor;
    %xor;
    %ix/getv/s 4, v0x6000026c8870_0;
    %store/vec4 v0x6000026c8990_0, 4, 1;
    %jmp T_0.24;
T_0.5 ;
    %load/vec4 v0x6000026c8750_0;
    %load/vec4 v0x6000026c8870_0;
    %subi 2, 0, 32;
    %part/s 1;
    %load/vec4 v0x6000026c8750_0;
    %parti/s 1, 30, 6;
    %load/vec4 v0x6000026c8510_0;
    %parti/s 1, 1, 2;
    %xor;
    %xor;
    %ix/getv/s 4, v0x6000026c8870_0;
    %store/vec4 v0x6000026c8990_0, 4, 1;
    %jmp T_0.24;
T_0.6 ;
    %load/vec4 v0x6000026c8750_0;
    %load/vec4 v0x6000026c8870_0;
    %subi 2, 0, 32;
    %part/s 1;
    %load/vec4 v0x6000026c8750_0;
    %parti/s 1, 30, 6;
    %load/vec4 v0x6000026c8510_0;
    %parti/s 1, 1, 2;
    %xor;
    %xor;
    %ix/getv/s 4, v0x6000026c8870_0;
    %store/vec4 v0x6000026c8990_0, 4, 1;
    %jmp T_0.24;
T_0.7 ;
    %load/vec4 v0x6000026c8750_0;
    %load/vec4 v0x6000026c8870_0;
    %subi 2, 0, 32;
    %part/s 1;
    %load/vec4 v0x6000026c8750_0;
    %parti/s 1, 30, 6;
    %load/vec4 v0x6000026c8510_0;
    %parti/s 1, 1, 2;
    %xor;
    %xor;
    %ix/getv/s 4, v0x6000026c8870_0;
    %store/vec4 v0x6000026c8990_0, 4, 1;
    %jmp T_0.24;
T_0.8 ;
    %load/vec4 v0x6000026c8750_0;
    %load/vec4 v0x6000026c8870_0;
    %subi 2, 0, 32;
    %part/s 1;
    %load/vec4 v0x6000026c8750_0;
    %parti/s 1, 30, 6;
    %load/vec4 v0x6000026c8510_0;
    %parti/s 1, 1, 2;
    %xor;
    %xor;
    %ix/getv/s 4, v0x6000026c8870_0;
    %store/vec4 v0x6000026c8990_0, 4, 1;
    %jmp T_0.24;
T_0.9 ;
    %load/vec4 v0x6000026c8750_0;
    %load/vec4 v0x6000026c8870_0;
    %subi 2, 0, 32;
    %part/s 1;
    %load/vec4 v0x6000026c8750_0;
    %parti/s 1, 30, 6;
    %load/vec4 v0x6000026c8510_0;
    %parti/s 1, 1, 2;
    %xor;
    %xor;
    %ix/getv/s 4, v0x6000026c8870_0;
    %store/vec4 v0x6000026c8990_0, 4, 1;
    %jmp T_0.24;
T_0.10 ;
    %load/vec4 v0x6000026c8750_0;
    %load/vec4 v0x6000026c8870_0;
    %subi 2, 0, 32;
    %part/s 1;
    %load/vec4 v0x6000026c8750_0;
    %parti/s 1, 31, 6;
    %load/vec4 v0x6000026c8510_0;
    %parti/s 1, 0, 2;
    %xor;
    %load/vec4 v0x6000026c8750_0;
    %parti/s 1, 30, 6;
    %load/vec4 v0x6000026c8510_0;
    %parti/s 1, 1, 2;
    %xor;
    %xor;
    %xor;
    %ix/getv/s 4, v0x6000026c8870_0;
    %store/vec4 v0x6000026c8990_0, 4, 1;
    %jmp T_0.24;
T_0.11 ;
    %load/vec4 v0x6000026c8750_0;
    %load/vec4 v0x6000026c8870_0;
    %subi 2, 0, 32;
    %part/s 1;
    %load/vec4 v0x6000026c8750_0;
    %parti/s 1, 31, 6;
    %load/vec4 v0x6000026c8510_0;
    %parti/s 1, 0, 2;
    %xor;
    %load/vec4 v0x6000026c8750_0;
    %parti/s 1, 30, 6;
    %load/vec4 v0x6000026c8510_0;
    %parti/s 1, 1, 2;
    %xor;
    %xor;
    %xor;
    %ix/getv/s 4, v0x6000026c8870_0;
    %store/vec4 v0x6000026c8990_0, 4, 1;
    %jmp T_0.24;
T_0.12 ;
    %load/vec4 v0x6000026c8750_0;
    %load/vec4 v0x6000026c8870_0;
    %subi 2, 0, 32;
    %part/s 1;
    %load/vec4 v0x6000026c8750_0;
    %parti/s 1, 31, 6;
    %load/vec4 v0x6000026c8510_0;
    %parti/s 1, 0, 2;
    %xor;
    %load/vec4 v0x6000026c8750_0;
    %parti/s 1, 30, 6;
    %load/vec4 v0x6000026c8510_0;
    %parti/s 1, 1, 2;
    %xor;
    %xor;
    %xor;
    %ix/getv/s 4, v0x6000026c8870_0;
    %store/vec4 v0x6000026c8990_0, 4, 1;
    %jmp T_0.24;
T_0.13 ;
    %load/vec4 v0x6000026c8750_0;
    %load/vec4 v0x6000026c8870_0;
    %subi 2, 0, 32;
    %part/s 1;
    %load/vec4 v0x6000026c8750_0;
    %parti/s 1, 31, 6;
    %load/vec4 v0x6000026c8510_0;
    %parti/s 1, 0, 2;
    %xor;
    %load/vec4 v0x6000026c8750_0;
    %parti/s 1, 30, 6;
    %load/vec4 v0x6000026c8510_0;
    %parti/s 1, 1, 2;
    %xor;
    %xor;
    %xor;
    %ix/getv/s 4, v0x6000026c8870_0;
    %store/vec4 v0x6000026c8990_0, 4, 1;
    %jmp T_0.24;
T_0.14 ;
    %load/vec4 v0x6000026c8750_0;
    %load/vec4 v0x6000026c8870_0;
    %subi 2, 0, 32;
    %part/s 1;
    %load/vec4 v0x6000026c8750_0;
    %parti/s 1, 31, 6;
    %load/vec4 v0x6000026c8510_0;
    %parti/s 1, 0, 2;
    %xor;
    %load/vec4 v0x6000026c8750_0;
    %parti/s 1, 30, 6;
    %load/vec4 v0x6000026c8510_0;
    %parti/s 1, 1, 2;
    %xor;
    %xor;
    %xor;
    %ix/getv/s 4, v0x6000026c8870_0;
    %store/vec4 v0x6000026c8990_0, 4, 1;
    %jmp T_0.24;
T_0.15 ;
    %load/vec4 v0x6000026c8750_0;
    %load/vec4 v0x6000026c8870_0;
    %subi 2, 0, 32;
    %part/s 1;
    %load/vec4 v0x6000026c8750_0;
    %parti/s 1, 31, 6;
    %load/vec4 v0x6000026c8510_0;
    %parti/s 1, 0, 2;
    %xor;
    %load/vec4 v0x6000026c8750_0;
    %parti/s 1, 30, 6;
    %load/vec4 v0x6000026c8510_0;
    %parti/s 1, 1, 2;
    %xor;
    %xor;
    %xor;
    %ix/getv/s 4, v0x6000026c8870_0;
    %store/vec4 v0x6000026c8990_0, 4, 1;
    %jmp T_0.24;
T_0.16 ;
    %load/vec4 v0x6000026c8750_0;
    %load/vec4 v0x6000026c8870_0;
    %subi 2, 0, 32;
    %part/s 1;
    %load/vec4 v0x6000026c8750_0;
    %parti/s 1, 31, 6;
    %load/vec4 v0x6000026c8510_0;
    %parti/s 1, 0, 2;
    %xor;
    %xor;
    %ix/getv/s 4, v0x6000026c8870_0;
    %store/vec4 v0x6000026c8990_0, 4, 1;
    %jmp T_0.24;
T_0.17 ;
    %load/vec4 v0x6000026c8750_0;
    %load/vec4 v0x6000026c8870_0;
    %subi 2, 0, 32;
    %part/s 1;
    %load/vec4 v0x6000026c8750_0;
    %parti/s 1, 31, 6;
    %load/vec4 v0x6000026c8510_0;
    %parti/s 1, 0, 2;
    %xor;
    %xor;
    %ix/getv/s 4, v0x6000026c8870_0;
    %store/vec4 v0x6000026c8990_0, 4, 1;
    %jmp T_0.24;
T_0.18 ;
    %load/vec4 v0x6000026c8750_0;
    %load/vec4 v0x6000026c8870_0;
    %subi 2, 0, 32;
    %part/s 1;
    %load/vec4 v0x6000026c8750_0;
    %parti/s 1, 31, 6;
    %load/vec4 v0x6000026c8510_0;
    %parti/s 1, 0, 2;
    %xor;
    %xor;
    %ix/getv/s 4, v0x6000026c8870_0;
    %store/vec4 v0x6000026c8990_0, 4, 1;
    %jmp T_0.24;
T_0.19 ;
    %load/vec4 v0x6000026c8750_0;
    %load/vec4 v0x6000026c8870_0;
    %subi 2, 0, 32;
    %part/s 1;
    %load/vec4 v0x6000026c8750_0;
    %parti/s 1, 31, 6;
    %load/vec4 v0x6000026c8510_0;
    %parti/s 1, 0, 2;
    %xor;
    %xor;
    %ix/getv/s 4, v0x6000026c8870_0;
    %store/vec4 v0x6000026c8990_0, 4, 1;
    %jmp T_0.24;
T_0.20 ;
    %load/vec4 v0x6000026c8750_0;
    %load/vec4 v0x6000026c8870_0;
    %subi 2, 0, 32;
    %part/s 1;
    %load/vec4 v0x6000026c8750_0;
    %parti/s 1, 31, 6;
    %load/vec4 v0x6000026c8510_0;
    %parti/s 1, 0, 2;
    %xor;
    %xor;
    %ix/getv/s 4, v0x6000026c8870_0;
    %store/vec4 v0x6000026c8990_0, 4, 1;
    %jmp T_0.24;
T_0.21 ;
    %load/vec4 v0x6000026c8750_0;
    %load/vec4 v0x6000026c8870_0;
    %subi 2, 0, 32;
    %part/s 1;
    %load/vec4 v0x6000026c8750_0;
    %parti/s 1, 31, 6;
    %load/vec4 v0x6000026c8510_0;
    %parti/s 1, 0, 2;
    %xor;
    %xor;
    %ix/getv/s 4, v0x6000026c8870_0;
    %store/vec4 v0x6000026c8990_0, 4, 1;
    %jmp T_0.24;
T_0.22 ;
    %load/vec4 v0x6000026c8750_0;
    %load/vec4 v0x6000026c8870_0;
    %subi 2, 0, 32;
    %part/s 1;
    %load/vec4 v0x6000026c8750_0;
    %parti/s 1, 31, 6;
    %load/vec4 v0x6000026c8510_0;
    %parti/s 1, 0, 2;
    %xor;
    %xor;
    %ix/getv/s 4, v0x6000026c8870_0;
    %store/vec4 v0x6000026c8990_0, 4, 1;
    %jmp T_0.24;
T_0.24 ;
    %pop/vec4 1;
    %load/vec4 v0x6000026c8870_0;
    %addi 1, 0, 32;
    %store/vec4 v0x6000026c8870_0, 0, 32;
    %jmp T_0.0;
T_0.1 ;
    %jmp T_0;
    .thread T_0, $push;
    .scope S_0x7fadd6a05250;
T_1 ;
    %wait E_0x600001aca850;
    %load/vec4 v0x6000026c8900_0;
    %flag_set/vec4 8;
    %jmp/0xz  T_1.0, 8;
    %pushi/vec4 4294967295, 0, 32;
    %assign/vec4 v0x6000026c8750_0, 0;
    %jmp T_1.1;
T_1.0 ;
    %load/vec4 v0x6000026c85a0_0;
    %flag_set/vec4 8;
    %jmp/0 T_1.2, 8;
    %load/vec4 v0x6000026c8990_0;
    %jmp/1 T_1.3, 8;
T_1.2 ; End of true expr.
    %load/vec4 v0x6000026c8750_0;
    %jmp/0 T_1.3, 8;
 ; End of false expr.
    %blend;
T_1.3;
    %assign/vec4 v0x6000026c8750_0, 0;
T_1.1 ;
    %jmp T_1;
    .thread T_1;
    .scope S_0x7fadd6a04ee0;
T_2 ;
Ewait_0 .event/or E_0x600001ac8840, E_0x0;
    %wait Ewait_0;
    %pushi/vec4 1, 0, 32;
    %load/vec4 v0x6000026c9200_0;
    %pad/u 32;
    %cmp/u;
    %flag_get/vec4 5;
    %load/vec4 v0x6000026c9200_0;
    %pad/u 32;
    %cmpi/u 6, 0, 32;
    %flag_get/vec4 5;
    %and;
    %flag_set/vec4 8;
    %jmp/0xz  T_2.0, 8;
    %pushi/vec4 1, 0, 1;
    %store/vec4 v0x6000026c8cf0_0, 0, 1;
    %jmp T_2.1;
T_2.0 ;
    %pushi/vec4 0, 0, 1;
    %store/vec4 v0x6000026c8cf0_0, 0, 1;
T_2.1 ;
    %load/vec4 v0x6000026c9200_0;
    %dup/vec4;
    %pushi/vec4 0, 0, 4;
    %cmp/u;
    %jmp/1 T_2.2, 6;
    %dup/vec4;
    %pushi/vec4 1, 0, 4;
    %cmp/u;
    %jmp/1 T_2.3, 6;
    %dup/vec4;
    %pushi/vec4 2, 0, 4;
    %cmp/u;
    %jmp/1 T_2.4, 6;
    %dup/vec4;
    %pushi/vec4 3, 0, 4;
    %cmp/u;
    %jmp/1 T_2.5, 6;
    %dup/vec4;
    %pushi/vec4 4, 0, 4;
    %cmp/u;
    %jmp/1 T_2.6, 6;
    %dup/vec4;
    %pushi/vec4 5, 0, 4;
    %cmp/u;
    %jmp/1 T_2.7, 6;
    %dup/vec4;
    %pushi/vec4 6, 0, 4;
    %cmp/u;
    %jmp/1 T_2.8, 6;
    %jmp T_2.9;
T_2.2 ;
    %pushi/vec4 0, 0, 1;
    %store/vec4 v0x6000026c9050_0, 0, 1;
    %pushi/vec4 0, 0, 2;
    %store/vec4 v0x6000026c8fc0_0, 0, 2;
    %pushi/vec4 1, 0, 1;
    %store/vec4 v0x6000026c9170_0, 0, 1;
    %jmp T_2.9;
T_2.3 ;
    %pushi/vec4 1, 0, 1;
    %store/vec4 v0x6000026c9050_0, 0, 1;
    %load/vec4 v0x6000026c8f30_0;
    %pad/u 33;
    %cmpi/u 31, 0, 33;
    %jmp/0xz  T_2.10, 5;
    %pushi/vec4 1, 0, 2;
    %store/vec4 v0x6000026c8fc0_0, 0, 2;
    %jmp T_2.11;
T_2.10 ;
    %load/vec4 v0x6000026c8f30_0;
    %pad/u 33;
    %cmpi/e 31, 0, 33;
    %jmp/0xz  T_2.12, 4;
    %pushi/vec4 3, 0, 2;
    %store/vec4 v0x6000026c8fc0_0, 0, 2;
T_2.12 ;
T_2.11 ;
    %pushi/vec4 1, 0, 1;
    %store/vec4 v0x6000026c9170_0, 0, 1;
    %jmp T_2.9;
T_2.4 ;
    %pushi/vec4 1, 0, 1;
    %store/vec4 v0x6000026c9050_0, 0, 1;
    %pushi/vec4 3, 0, 2;
    %store/vec4 v0x6000026c8fc0_0, 0, 2;
    %pushi/vec4 1, 0, 1;
    %store/vec4 v0x6000026c9170_0, 0, 1;
    %jmp T_2.9;
T_2.5 ;
    %pushi/vec4 1, 0, 1;
    %store/vec4 v0x6000026c9050_0, 0, 1;
    %pushi/vec4 2, 0, 2;
    %store/vec4 v0x6000026c8fc0_0, 0, 2;
    %pushi/vec4 1, 0, 1;
    %store/vec4 v0x6000026c9170_0, 0, 1;
    %jmp T_2.9;
T_2.6 ;
    %pushi/vec4 1, 0, 1;
    %store/vec4 v0x6000026c9050_0, 0, 1;
    %pushi/vec4 1, 0, 2;
    %store/vec4 v0x6000026c8fc0_0, 0, 2;
    %pushi/vec4 1, 0, 1;
    %store/vec4 v0x6000026c9170_0, 0, 1;
    %jmp T_2.9;
T_2.7 ;
    %pushi/vec4 1, 0, 1;
    %store/vec4 v0x6000026c9050_0, 0, 1;
    %load/vec4 v0x6000026c8ab0_0;
    %store/vec4 v0x6000026c8fc0_0, 0, 2;
    %pushi/vec4 0, 0, 1;
    %store/vec4 v0x6000026c9170_0, 0, 1;
    %jmp T_2.9;
T_2.8 ;
    %pushi/vec4 1, 0, 1;
    %store/vec4 v0x6000026c9050_0, 0, 1;
    %load/vec4 v0x6000026c8f30_0;
    %pad/u 32;
    %cmpi/u 3, 0, 32;
    %flag_or 5, 4;
    %jmp/0xz  T_2.14, 5;
    %load/vec4 v0x6000026c8c60_0;
    %pushi/vec4 25, 0, 32;
    %load/vec4 v0x6000026c8bd0_0;
    %pad/u 32;
    %add;
    %part/u 1;
    %load/vec4 v0x6000026c8c60_0;
    %pushi/vec4 24, 0, 32;
    %load/vec4 v0x6000026c8bd0_0;
    %pad/u 32;
    %add;
    %part/u 1;
    %concat/vec4; draw_concat_vec4
    %store/vec4 v0x6000026c8fc0_0, 0, 2;
    %jmp T_2.15;
T_2.14 ;
    %load/vec4 v0x6000026c8f30_0;
    %pad/u 32;
    %cmpi/u 7, 0, 32;
    %flag_or 5, 4;
    %jmp/0xz  T_2.16, 5;
    %load/vec4 v0x6000026c8c60_0;
    %pushi/vec4 17, 0, 32;
    %load/vec4 v0x6000026c8bd0_0;
    %pad/u 32;
    %add;
    %part/u 1;
    %load/vec4 v0x6000026c8c60_0;
    %pushi/vec4 16, 0, 32;
    %load/vec4 v0x6000026c8bd0_0;
    %pad/u 32;
    %add;
    %part/u 1;
    %concat/vec4; draw_concat_vec4
    %store/vec4 v0x6000026c8fc0_0, 0, 2;
    %jmp T_2.17;
T_2.16 ;
    %load/vec4 v0x6000026c8f30_0;
    %pad/u 32;
    %cmpi/u 11, 0, 32;
    %flag_or 5, 4;
    %jmp/0xz  T_2.18, 5;
    %load/vec4 v0x6000026c8c60_0;
    %pushi/vec4 9, 0, 32;
    %load/vec4 v0x6000026c8bd0_0;
    %pad/u 32;
    %add;
    %part/u 1;
    %load/vec4 v0x6000026c8c60_0;
    %pushi/vec4 8, 0, 32;
    %load/vec4 v0x6000026c8bd0_0;
    %pad/u 32;
    %add;
    %part/u 1;
    %concat/vec4; draw_concat_vec4
    %store/vec4 v0x6000026c8fc0_0, 0, 2;
    %jmp T_2.19;
T_2.18 ;
    %load/vec4 v0x6000026c8f30_0;
    %pad/u 32;
    %cmpi/u 15, 0, 32;
    %flag_or 5, 4;
    %jmp/0xz  T_2.20, 5;
    %load/vec4 v0x6000026c8c60_0;
    %pushi/vec4 1, 0, 32;
    %load/vec4 v0x6000026c8bd0_0;
    %pad/u 32;
    %add;
    %part/u 1;
    %load/vec4 v0x6000026c8c60_0;
    %load/vec4 v0x6000026c8bd0_0;
    %part/u 1;
    %concat/vec4; draw_concat_vec4
    %store/vec4 v0x6000026c8fc0_0, 0, 2;
T_2.20 ;
T_2.19 ;
T_2.17 ;
T_2.15 ;
    %jmp T_2.9;
T_2.9 ;
    %pop/vec4 1;
    %jmp T_2;
    .thread T_2, $push;
    .scope S_0x7fadd6a04ee0;
T_3 ;
    %wait E_0x600001aca850;
    %load/vec4 v0x6000026c90e0_0;
    %flag_set/vec4 8;
    %jmp/0xz  T_3.0, 8;
    %pushi/vec4 0, 0, 4;
    %assign/vec4 v0x6000026c9200_0, 0;
    %pushi/vec4 0, 0, 3;
    %assign/vec4 v0x6000026c8bd0_0, 0;
    %pushi/vec4 0, 0, 9;
    %assign/vec4 v0x6000026c8a20_0, 0;
    %pushi/vec4 1, 0, 1;
    %assign/vec4 v0x6000026c8ea0_0, 0;
    %pushi/vec4 0, 0, 13;
    %assign/vec4 v0x6000026c8f30_0, 0;
    %jmp T_3.1;
T_3.0 ;
    %load/vec4 v0x6000026c9200_0;
    %dup/vec4;
    %pushi/vec4 0, 0, 4;
    %cmp/u;
    %jmp/1 T_3.2, 6;
    %dup/vec4;
    %pushi/vec4 1, 0, 4;
    %cmp/u;
    %jmp/1 T_3.3, 6;
    %dup/vec4;
    %pushi/vec4 2, 0, 4;
    %cmp/u;
    %jmp/1 T_3.4, 6;
    %dup/vec4;
    %pushi/vec4 3, 0, 4;
    %cmp/u;
    %jmp/1 T_3.5, 6;
    %dup/vec4;
    %pushi/vec4 4, 0, 4;
    %cmp/u;
    %jmp/1 T_3.6, 6;
    %dup/vec4;
    %pushi/vec4 5, 0, 4;
    %cmp/u;
    %jmp/1 T_3.7, 6;
    %dup/vec4;
    %pushi/vec4 6, 0, 4;
    %cmp/u;
    %jmp/1 T_3.8, 6;
    %jmp T_3.9;
T_3.2 ;
    %pushi/vec4 0, 0, 3;
    %assign/vec4 v0x6000026c8bd0_0, 0;
    %pushi/vec4 0, 0, 9;
    %assign/vec4 v0x6000026c8a20_0, 0;
    %pushi/vec4 0, 0, 1;
    %assign/vec4 v0x6000026c8ea0_0, 0;
    %load/vec4 v0x6000026c8f30_0;
    %pad/u 33;
    %cmpi/u 47, 0, 33;
    %jmp/0xz  T_3.10, 5;
    %load/vec4 v0x6000026c8f30_0;
    %addi 1, 0, 13;
    %assign/vec4 v0x6000026c8f30_0, 0;
    %jmp T_3.11;
T_3.10 ;
    %pushi/vec4 0, 0, 13;
    %assign/vec4 v0x6000026c8f30_0, 0;
    %pushi/vec4 1, 0, 4;
    %assign/vec4 v0x6000026c9200_0, 0;
    %vpi_call/w 4 127 "$display", "Sending Pre Now" {0 0 0};
T_3.11 ;
    %jmp T_3.9;
T_3.3 ;
    %load/vec4 v0x6000026c8f30_0;
    %pad/u 33;
    %cmpi/u 31, 0, 33;
    %jmp/0xz  T_3.12, 5;
    %load/vec4 v0x6000026c8f30_0;
    %addi 1, 0, 13;
    %assign/vec4 v0x6000026c8f30_0, 0;
    %jmp T_3.13;
T_3.12 ;
    %load/vec4 v0x6000026c8f30_0;
    %pad/u 33;
    %cmpi/e 31, 0, 33;
    %jmp/0xz  T_3.14, 4;
    %pushi/vec4 0, 0, 13;
    %assign/vec4 v0x6000026c8f30_0, 0;
    %pushi/vec4 2, 0, 4;
    %assign/vec4 v0x6000026c9200_0, 0;
    %vpi_call/w 4 137 "$display", "Sending Dest Now" {0 0 0};
T_3.14 ;
T_3.13 ;
    %jmp T_3.9;
T_3.4 ;
    %pushi/vec4 0, 0, 1;
    %assign/vec4 v0x6000026c8ea0_0, 0;
    %load/vec4 v0x6000026c8f30_0;
    %pad/u 33;
    %cmpi/u 23, 0, 33;
    %jmp/0xz  T_3.16, 5;
    %load/vec4 v0x6000026c8f30_0;
    %addi 1, 0, 13;
    %assign/vec4 v0x6000026c8f30_0, 0;
    %jmp T_3.17;
T_3.16 ;
    %pushi/vec4 0, 0, 13;
    %assign/vec4 v0x6000026c8f30_0, 0;
    %pushi/vec4 3, 0, 4;
    %assign/vec4 v0x6000026c9200_0, 0;
    %vpi_call/w 4 147 "$display", "Sending Source Now" {0 0 0};
T_3.17 ;
    %jmp T_3.9;
T_3.5 ;
    %pushi/vec4 0, 0, 1;
    %assign/vec4 v0x6000026c8ea0_0, 0;
    %load/vec4 v0x6000026c8f30_0;
    %pad/u 33;
    %cmpi/u 23, 0, 33;
    %jmp/0xz  T_3.18, 5;
    %load/vec4 v0x6000026c8f30_0;
    %addi 1, 0, 13;
    %assign/vec4 v0x6000026c8f30_0, 0;
    %jmp T_3.19;
T_3.18 ;
    %pushi/vec4 0, 0, 13;
    %assign/vec4 v0x6000026c8f30_0, 0;
    %pushi/vec4 4, 0, 4;
    %assign/vec4 v0x6000026c9200_0, 0;
    %vpi_call/w 4 157 "$display", "Sending Length Now" {0 0 0};
T_3.19 ;
    %jmp T_3.9;
T_3.6 ;
    %pushi/vec4 0, 0, 1;
    %assign/vec4 v0x6000026c8ea0_0, 0;
    %load/vec4 v0x6000026c8f30_0;
    %pad/u 33;
    %cmpi/u 7, 0, 33;
    %jmp/0xz  T_3.20, 5;
    %load/vec4 v0x6000026c8f30_0;
    %addi 1, 0, 13;
    %assign/vec4 v0x6000026c8f30_0, 0;
    %jmp T_3.21;
T_3.20 ;
    %pushi/vec4 0, 0, 13;
    %assign/vec4 v0x6000026c8f30_0, 0;
    %pushi/vec4 5, 0, 4;
    %assign/vec4 v0x6000026c9200_0, 0;
    %vpi_call/w 4 167 "$display", "Sending Data Now" {0 0 0};
T_3.21 ;
    %jmp T_3.9;
T_3.7 ;
    %pushi/vec4 0, 0, 1;
    %assign/vec4 v0x6000026c8ea0_0, 0;
    %load/vec4 v0x6000026c8f30_0;
    %pad/u 33;
    %cmpi/u 19, 0, 33;
    %jmp/0xz  T_3.22, 5;
    %load/vec4 v0x6000026c8f30_0;
    %addi 1, 0, 13;
    %assign/vec4 v0x6000026c8f30_0, 0;
    %jmp T_3.23;
T_3.22 ;
    %pushi/vec4 0, 0, 13;
    %assign/vec4 v0x6000026c8f30_0, 0;
    %pushi/vec4 6, 0, 4;
    %assign/vec4 v0x6000026c9200_0, 0;
    %vpi_call/w 4 177 "$display", "Sending Tail Now" {0 0 0};
    %pushi/vec4 0, 0, 3;
    %assign/vec4 v0x6000026c8bd0_0, 0;
T_3.23 ;
    %jmp T_3.9;
T_3.8 ;
    %load/vec4 v0x6000026c8bd0_0;
    %pad/u 32;
    %cmpi/e 6, 0, 32;
    %jmp/0xz  T_3.24, 4;
    %pushi/vec4 0, 0, 3;
    %assign/vec4 v0x6000026c8bd0_0, 0;
    %jmp T_3.25;
T_3.24 ;
    %load/vec4 v0x6000026c8bd0_0;
    %addi 2, 0, 3;
    %assign/vec4 v0x6000026c8bd0_0, 0;
T_3.25 ;
    %load/vec4 v0x6000026c8f30_0;
    %pad/u 33;
    %cmpi/u 15, 0, 33;
    %jmp/0xz  T_3.26, 5;
    %pushi/vec4 0, 0, 1;
    %assign/vec4 v0x6000026c8ea0_0, 0;
    %load/vec4 v0x6000026c8f30_0;
    %addi 1, 0, 13;
    %assign/vec4 v0x6000026c8f30_0, 0;
    %jmp T_3.27;
T_3.26 ;
    %pushi/vec4 0, 0, 13;
    %assign/vec4 v0x6000026c8f30_0, 0;
    %pushi/vec4 0, 0, 4;
    %assign/vec4 v0x6000026c9200_0, 0;
    %pushi/vec4 1, 0, 1;
    %assign/vec4 v0x6000026c8ea0_0, 0;
T_3.27 ;
    %jmp T_3.9;
T_3.9 ;
    %pop/vec4 1;
T_3.1 ;
    %jmp T_3;
    .thread T_3;
    .scope S_0x7fadd6a041f0;
T_4 ;
    %pushi/vec4 440061106, 0, 32;
    %store/vec4 v0x6000026c93b0_0, 0, 32;
    %pushi/vec4 2227365092, 0, 33;
    %concati/vec4 4064428164, 0, 32;
    %concati/vec4 3838493398, 0, 32;
    %concati/vec4 3435325160, 0, 32;
    %concati/vec4 2178000309, 0, 33;
    %concati/vec4 37, 0, 6;
    %store/vec4 v0x6000026c94d0_0, 0, 168;
    %end;
    .thread T_4, $init;
    .scope S_0x7fadd6a041f0;
T_5 ;
    %delay 1316134912, 2328;
    %load/vec4 v0x6000026c9440_0;
    %nor/r;
    %store/vec4 v0x6000026c9440_0, 0, 1;
    %jmp T_5;
    .thread T_5;
    .scope S_0x7fadd6a041f0;
T_6 ;
    %vpi_call/w 3 32 "$dumpfile", "obj/eth_packer.vcd" {0 0 0};
    %vpi_call/w 3 33 "$dumpvars", 32'sb00000000000000000000000000000000, S_0x7fadd6a041f0 {0 0 0};
    %vpi_call/w 3 34 "$display", "Starting Sim" {0 0 0};
    %pushi/vec4 0, 0, 1;
    %store/vec4 v0x6000026c9440_0, 0, 1;
    %pushi/vec4 0, 0, 1;
    %store/vec4 v0x6000026c9680_0, 0, 1;
    %delay 2632269824, 4656;
    %pushi/vec4 1, 0, 1;
    %store/vec4 v0x6000026c9680_0, 0, 1;
    %delay 2632269824, 4656;
    %pushi/vec4 0, 0, 1;
    %store/vec4 v0x6000026c9680_0, 0, 1;
    %delay 1316134912, 2328;
    %vpi_call/w 3 44 "$display", "cycle  txen  txd" {0 0 0};
    %vpi_call/w 3 45 "$display", "Idle" {0 0 0};
    %fork t_1, S_0x7fadd6a04360;
    %jmp t_0;
    .scope S_0x7fadd6a04360;
t_1 ;
    %pushi/vec4 0, 0, 32;
    %store/vec4 v0x6000026c8000_0, 0, 32;
T_6.0 ;
    %load/vec4 v0x6000026c8000_0;
    %cmpi/s 47, 0, 32;
    %jmp/0xz T_6.1, 5;
    %pushi/vec4 1, 0, 1;
    %store/vec4 v0x6000026c9320_0, 0, 1;
    %pushi/vec4 0, 0, 2;
    %store/vec4 v0x6000026c9290_0, 0, 2;
    %delay 2632269824, 4656;
    %vpi_call/w 3 50 "$display", "%d     %1b       %2b", &PV<v0x6000026c8000_0, 0, 11>, v0x6000026c95f0_0, v0x6000026c9560_0 {0 0 0};
    %load/vec4 v0x6000026c8000_0;
    %addi 1, 0, 32;
    %cast2;
    %store/vec4 v0x6000026c8000_0, 0, 32;
    %jmp T_6.0;
T_6.1 ;
    %end;
    .scope S_0x7fadd6a041f0;
t_0 %join;
    %vpi_call/w 3 52 "$display", "Preamble" {0 0 0};
    %fork t_3, S_0x7fadd6a044d0;
    %jmp t_2;
    .scope S_0x7fadd6a044d0;
t_3 ;
    %pushi/vec4 0, 0, 32;
    %store/vec4 v0x6000026c8090_0, 0, 32;
T_6.2 ;
    %load/vec4 v0x6000026c8090_0;
    %cmpi/s 31, 0, 32;
    %jmp/0xz T_6.3, 5;
    %pushi/vec4 1, 0, 1;
    %store/vec4 v0x6000026c9320_0, 0, 1;
    %pushi/vec4 1, 0, 2;
    %store/vec4 v0x6000026c9290_0, 0, 2;
    %delay 2632269824, 4656;
    %vpi_call/w 3 57 "$display", "%d     %1b       %2b", &PV<v0x6000026c8090_0, 0, 11>, v0x6000026c95f0_0, v0x6000026c9560_0 {0 0 0};
    %load/vec4 v0x6000026c8090_0;
    %addi 1, 0, 32;
    %cast2;
    %store/vec4 v0x6000026c8090_0, 0, 32;
    %jmp T_6.2;
T_6.3 ;
    %end;
    .scope S_0x7fadd6a041f0;
t_2 %join;
    %pushi/vec4 1, 0, 1;
    %store/vec4 v0x6000026c9320_0, 0, 1;
    %pushi/vec4 3, 0, 2;
    %store/vec4 v0x6000026c9290_0, 0, 2;
    %delay 2632269824, 4656;
    %vpi_call/w 3 62 "$display", "Dest Addr" {0 0 0};
    %fork t_5, S_0x7fadd6a04640;
    %jmp t_4;
    .scope S_0x7fadd6a04640;
t_5 ;
    %pushi/vec4 0, 0, 32;
    %store/vec4 v0x6000026c8120_0, 0, 32;
T_6.4 ;
    %load/vec4 v0x6000026c8120_0;
    %cmpi/s 24, 0, 32;
    %jmp/0xz T_6.5, 5;
    %pushi/vec4 1, 0, 1;
    %store/vec4 v0x6000026c9320_0, 0, 1;
    %pushi/vec4 3, 0, 2;
    %store/vec4 v0x6000026c9290_0, 0, 2;
    %delay 2632269824, 4656;
    %vpi_call/w 3 67 "$display", "%d     %1b       %2b", &PV<v0x6000026c8120_0, 0, 11>, v0x6000026c95f0_0, v0x6000026c9560_0 {0 0 0};
    %load/vec4 v0x6000026c8120_0;
    %addi 1, 0, 32;
    %cast2;
    %store/vec4 v0x6000026c8120_0, 0, 32;
    %jmp T_6.4;
T_6.5 ;
    %end;
    .scope S_0x7fadd6a041f0;
t_4 %join;
    %vpi_call/w 3 69 "$display", "Source Addr" {0 0 0};
    %fork t_7, S_0x7fadd6a047b0;
    %jmp t_6;
    .scope S_0x7fadd6a047b0;
t_7 ;
    %pushi/vec4 0, 0, 32;
    %store/vec4 v0x6000026c81b0_0, 0, 32;
T_6.6 ;
    %load/vec4 v0x6000026c81b0_0;
    %cmpi/s 24, 0, 32;
    %jmp/0xz T_6.7, 5;
    %pushi/vec4 1, 0, 1;
    %store/vec4 v0x6000026c9320_0, 0, 1;
    %pushi/vec4 2, 0, 2;
    %store/vec4 v0x6000026c9290_0, 0, 2;
    %delay 2632269824, 4656;
    %vpi_call/w 3 74 "$display", "%d     %1b       %2b", &PV<v0x6000026c81b0_0, 0, 11>, v0x6000026c95f0_0, v0x6000026c9560_0 {0 0 0};
    %load/vec4 v0x6000026c81b0_0;
    %addi 1, 0, 32;
    %cast2;
    %store/vec4 v0x6000026c81b0_0, 0, 32;
    %jmp T_6.6;
T_6.7 ;
    %end;
    .scope S_0x7fadd6a041f0;
t_6 %join;
    %vpi_call/w 3 76 "$display", "Len" {0 0 0};
    %fork t_9, S_0x7fadd6a04920;
    %jmp t_8;
    .scope S_0x7fadd6a04920;
t_9 ;
    %pushi/vec4 0, 0, 32;
    %store/vec4 v0x6000026c8240_0, 0, 32;
T_6.8 ;
    %load/vec4 v0x6000026c8240_0;
    %cmpi/s 8, 0, 32;
    %jmp/0xz T_6.9, 5;
    %pushi/vec4 1, 0, 1;
    %store/vec4 v0x6000026c9320_0, 0, 1;
    %pushi/vec4 1, 0, 2;
    %store/vec4 v0x6000026c9290_0, 0, 2;
    %delay 2632269824, 4656;
    %vpi_call/w 3 81 "$display", "%d     %1b       %2b", &PV<v0x6000026c8240_0, 0, 11>, v0x6000026c95f0_0, v0x6000026c9560_0 {0 0 0};
    %load/vec4 v0x6000026c8240_0;
    %addi 1, 0, 32;
    %cast2;
    %store/vec4 v0x6000026c8240_0, 0, 32;
    %jmp T_6.8;
T_6.9 ;
    %end;
    .scope S_0x7fadd6a041f0;
t_8 %join;
    %vpi_call/w 3 83 "$display", "Data" {0 0 0};
    %fork t_11, S_0x7fadd6a04a90;
    %jmp t_10;
    .scope S_0x7fadd6a04a90;
t_11 ;
    %pushi/vec4 0, 0, 32;
    %store/vec4 v0x6000026c82d0_0, 0, 32;
T_6.10 ;
    %load/vec4 v0x6000026c82d0_0;
    %cmpi/s 20, 0, 32;
    %jmp/0xz T_6.11, 5;
    %pushi/vec4 1, 0, 1;
    %store/vec4 v0x6000026c9320_0, 0, 1;
    %pushi/vec4 3, 0, 2;
    %store/vec4 v0x6000026c9290_0, 0, 2;
    %delay 2632269824, 4656;
    %vpi_call/w 3 88 "$display", "%d     %1b       %2b", &PV<v0x6000026c82d0_0, 0, 11>, v0x6000026c95f0_0, v0x6000026c9560_0 {0 0 0};
    %load/vec4 v0x6000026c82d0_0;
    %addi 1, 0, 32;
    %cast2;
    %store/vec4 v0x6000026c82d0_0, 0, 32;
    %jmp T_6.10;
T_6.11 ;
    %end;
    .scope S_0x7fadd6a041f0;
t_10 %join;
    %vpi_call/w 3 90 "$display", "CRC32" {0 0 0};
    %fork t_13, S_0x7fadd6a04c00;
    %jmp t_12;
    .scope S_0x7fadd6a04c00;
t_13 ;
    %pushi/vec4 0, 0, 32;
    %store/vec4 v0x6000026c8360_0, 0, 32;
T_6.12 ;
    %load/vec4 v0x6000026c8360_0;
    %cmpi/s 16, 0, 32;
    %jmp/0xz T_6.13, 5;
    %pushi/vec4 0, 0, 1;
    %store/vec4 v0x6000026c9320_0, 0, 1;
    %pushi/vec4 2, 0, 2;
    %store/vec4 v0x6000026c9290_0, 0, 2;
    %vpi_call/w 3 94 "$display", "%d     %1b       %2b", &PV<v0x6000026c8360_0, 0, 11>, v0x6000026c95f0_0, v0x6000026c9560_0 {0 0 0};
    %delay 2632269824, 4656;
    %load/vec4 v0x6000026c8360_0;
    %addi 1, 0, 32;
    %cast2;
    %store/vec4 v0x6000026c8360_0, 0, 32;
    %jmp T_6.12;
T_6.13 ;
    %end;
    .scope S_0x7fadd6a041f0;
t_12 %join;
    %vpi_call/w 3 97 "$display", "Idle" {0 0 0};
    %fork t_15, S_0x7fadd6a04d70;
    %jmp t_14;
    .scope S_0x7fadd6a04d70;
t_15 ;
    %pushi/vec4 0, 0, 32;
    %store/vec4 v0x6000026c83f0_0, 0, 32;
T_6.14 ;
    %load/vec4 v0x6000026c83f0_0;
    %cmpi/s 16, 0, 32;
    %jmp/0xz T_6.15, 5;
    %pushi/vec4 0, 0, 1;
    %store/vec4 v0x6000026c9320_0, 0, 1;
    %pushi/vec4 0, 0, 2;
    %store/vec4 v0x6000026c9290_0, 0, 2;
    %vpi_call/w 3 101 "$display", "%d     %1b       %2b", &PV<v0x6000026c83f0_0, 0, 11>, v0x6000026c95f0_0, v0x6000026c9560_0 {0 0 0};
    %delay 2632269824, 4656;
    %load/vec4 v0x6000026c83f0_0;
    %addi 1, 0, 32;
    %cast2;
    %store/vec4 v0x6000026c83f0_0, 0, 32;
    %jmp T_6.14;
T_6.15 ;
    %end;
    .scope S_0x7fadd6a041f0;
t_14 %join;
    %delay 2632269824, 4656;
    %pushi/vec4 0, 0, 1;
    %store/vec4 v0x6000026c9440_0, 0, 1;
    %pushi/vec4 0, 0, 1;
    %store/vec4 v0x6000026c9680_0, 0, 1;
    %delay 2632269824, 4656;
    %pushi/vec4 1, 0, 1;
    %store/vec4 v0x6000026c9680_0, 0, 1;
    %delay 2632269824, 4656;
    %pushi/vec4 0, 0, 1;
    %store/vec4 v0x6000026c9680_0, 0, 1;
    %delay 969572352, 9313;
    %vpi_call/w 3 114 "$display", "Finishing Sim" {0 0 0};
    %vpi_call/w 3 115 "$finish" {0 0 0};
    %end;
    .thread T_6;
# The file index is used to find the file name in the following table.
:file_names 6;
    "N/A";
    "<interactive>";
    "-";
    "sim/eth_packer_tb.sv";
    "src/eth_packer.sv";
    "src/crc32.sv";
