#! /usr/local/Cellar/icarus-verilog/11.0/bin/vvp
:ivl_version "11.0 (stable)";
:ivl_delay_selection "TYPICAL";
:vpi_time_precision - 12;
:vpi_module "/usr/local/Cellar/icarus-verilog/11.0/lib/ivl/system.vpi";
:vpi_module "/usr/local/Cellar/icarus-verilog/11.0/lib/ivl/vhdl_sys.vpi";
:vpi_module "/usr/local/Cellar/icarus-verilog/11.0/lib/ivl/vhdl_textio.vpi";
:vpi_module "/usr/local/Cellar/icarus-verilog/11.0/lib/ivl/v2005_math.vpi";
:vpi_module "/usr/local/Cellar/icarus-verilog/11.0/lib/ivl/va_math.vpi";
:vpi_module "/usr/local/Cellar/icarus-verilog/11.0/lib/ivl/v2009.vpi";
S_0x7f8e89133880 .scope package, "$unit" "$unit" 2 1;
 .timescale 0 0;
S_0x7f8e89133200 .scope module, "com_tb" "com_tb" 3 4;
 .timescale -9 -12;
v0x7f8e891562a0_0 .var "clk_in", 0 0;
v0x7f8e89156340_0 .var "rst_in", 0 0;
v0x7f8e891563e0_0 .var "tabulate_in", 0 0;
v0x7f8e89156470_0 .var "valid_in", 0 0;
v0x7f8e89156520_0 .net "valid_out", 0 0, v0x7f8e89155bd0_0;  1 drivers
v0x7f8e891565f0_0 .var "x_in", 10 0;
v0x7f8e891566a0_0 .net "x_out", 10 0, L_0x7f8e89156b90;  1 drivers
v0x7f8e89156750_0 .var "y_in", 9 0;
v0x7f8e89156800_0 .net "y_out", 9 0, L_0x7f8e89156f60;  1 drivers
S_0x7f8e89137a90 .scope begin, "$ivl_for_loop0" "$ivl_for_loop0" 3 47, 3 47 0, S_0x7f8e89133200;
 .timescale -9 -12;
v0x7f8e89135470_0 .var/2s "i", 31 0;
S_0x7f8e89151a20 .scope begin, "$ivl_for_loop1" "$ivl_for_loop1" 3 74, 3 74 0, S_0x7f8e89133200;
 .timescale -9 -12;
v0x7f8e89151bf0_0 .var/2s "i", 31 0;
S_0x7f8e89151c80 .scope begin, "$ivl_for_loop2" "$ivl_for_loop2" 3 96, 3 96 0, S_0x7f8e89133200;
 .timescale -9 -12;
v0x7f8e89151e60_0 .var/2s "i", 31 0;
S_0x7f8e89151f10 .scope begin, "$ivl_for_loop3" "$ivl_for_loop3" 3 110, 3 110 0, S_0x7f8e89133200;
 .timescale -9 -12;
v0x7f8e891520d0_0 .var/2s "i", 31 0;
S_0x7f8e89152190 .scope begin, "$ivl_for_loop4" "$ivl_for_loop4" 3 128, 3 128 0, S_0x7f8e89133200;
 .timescale -9 -12;
v0x7f8e89152390_0 .var/2s "i", 31 0;
S_0x7f8e89152450 .scope begin, "$ivl_for_loop5" "$ivl_for_loop5" 3 142, 3 142 0, S_0x7f8e89133200;
 .timescale -9 -12;
v0x7f8e891528a0_0 .var/2s "i", 31 0;
S_0x7f8e89152610 .scope begin, "$ivl_for_loop6" "$ivl_for_loop6" 3 143, 3 143 0, S_0x7f8e89152450;
 .timescale -9 -12;
v0x7f8e891527e0_0 .var/2s "j", 31 0;
S_0x7f8e89152960 .scope module, "uut" "center_of_mass" 3 17, 4 4 0, S_0x7f8e89133200;
 .timescale -9 -12;
    .port_info 0 /INPUT 1 "clk_in";
    .port_info 1 /INPUT 1 "rst_in";
    .port_info 2 /INPUT 11 "x_in";
    .port_info 3 /INPUT 10 "y_in";
    .port_info 4 /INPUT 1 "valid_in";
    .port_info 5 /INPUT 1 "tabulate_in";
    .port_info 6 /OUTPUT 11 "x_out";
    .port_info 7 /OUTPUT 10 "y_out";
    .port_info 8 /OUTPUT 1 "valid_out";
P_0x7f8e89152b20 .param/l "INITIALIZING" 1 4 17, C4<001>;
P_0x7f8e89152b60 .param/l "RESTARTING" 1 4 20, C4<100>;
P_0x7f8e89152ba0 .param/l "RETURNING" 1 4 19, C4<011>;
P_0x7f8e89152be0 .param/l "SUMMING" 1 4 16, C4<000>;
P_0x7f8e89152c20 .param/l "WAITING" 1 4 18, C4<010>;
P_0x7f8e89152c60 .param/l "WAITING_FOR_X" 1 4 22, C4<110>;
P_0x7f8e89152ca0 .param/l "WAITING_FOR_Y" 1 4 21, C4<101>;
L_0x7f8e88763098 .functor BUFT 1, C4<000>, C4<0>, C4<0>, C4<0>;
v0x7f8e89154f30_0 .net *"_ivl_15", 2 0, L_0x7f8e88763098;  1 drivers
L_0x7f8e887630e0 .functor BUFT 1, C4<000000000000>, C4<0>, C4<0>, C4<0>;
v0x7f8e89154ff0_0 .net *"_ivl_20", 11 0, L_0x7f8e887630e0;  1 drivers
L_0x7f8e88763008 .functor BUFT 1, C4<000>, C4<0>, C4<0>, C4<0>;
v0x7f8e89155090_0 .net *"_ivl_3", 2 0, L_0x7f8e88763008;  1 drivers
L_0x7f8e88763050 .functor BUFT 1, C4<000000000000>, C4<0>, C4<0>, C4<0>;
v0x7f8e89155120_0 .net *"_ivl_8", 11 0, L_0x7f8e88763050;  1 drivers
v0x7f8e891551c0_0 .var "calculate_x", 0 0;
v0x7f8e89155290_0 .var "calculate_y", 0 0;
v0x7f8e89155340_0 .net "calculating_x", 0 0, v0x7f8e891535e0_0;  1 drivers
v0x7f8e891553f0_0 .net "calculating_y", 0 0, v0x7f8e89154530_0;  1 drivers
v0x7f8e891554a0_0 .net "clk_in", 0 0, v0x7f8e891562a0_0;  1 drivers
v0x7f8e891555b0_0 .net "error_x", 0 0, v0x7f8e89153b00_0;  1 drivers
v0x7f8e89155640_0 .net "error_y", 0 0, v0x7f8e89154a30_0;  1 drivers
v0x7f8e891556f0_0 .net "remainder_holder_x", 31 0, v0x7f8e89153d60_0;  1 drivers
v0x7f8e891557a0_0 .net "remainder_holder_y", 31 0, v0x7f8e89154c90_0;  1 drivers
v0x7f8e89155850_0 .net "rst_in", 0 0, v0x7f8e89156340_0;  1 drivers
v0x7f8e89155920_0 .var "state", 2 0;
v0x7f8e891559b0_0 .net "tabulate_in", 0 0, v0x7f8e891563e0_0;  1 drivers
v0x7f8e89155a40_0 .net "valid_in", 0 0, v0x7f8e89156470_0;  1 drivers
v0x7f8e89155bd0_0 .var "valid_out", 0 0;
v0x7f8e89155c60_0 .var "valid_pixels_count", 19 0;
v0x7f8e89155cf0_0 .net "x_in", 10 0, v0x7f8e891565f0_0;  1 drivers
v0x7f8e89155d90_0 .net "x_loc_found", 0 0, v0x7f8e891537c0_0;  1 drivers
v0x7f8e89155e40_0 .net "x_out", 10 0, L_0x7f8e89156b90;  alias, 1 drivers
v0x7f8e89155ed0_0 .var "x_pixel_locs", 28 0;
v0x7f8e89155f60_0 .net "y_in", 9 0, v0x7f8e89156750_0;  1 drivers
v0x7f8e89155ff0_0 .net "y_loc_found", 0 0, v0x7f8e891546f0_0;  1 drivers
v0x7f8e89156080_0 .net "y_out", 9 0, L_0x7f8e89156f60;  alias, 1 drivers
v0x7f8e89156110_0 .var "y_pixel_locs", 28 0;
L_0x7f8e89156930 .concat [ 29 3 0 0], v0x7f8e89155ed0_0, L_0x7f8e88763008;
L_0x7f8e89156a50 .concat [ 20 12 0 0], v0x7f8e89155c60_0, L_0x7f8e88763050;
L_0x7f8e89156b90 .part v0x7f8e89153cb0_0, 0, 11;
L_0x7f8e89156c70 .concat [ 29 3 0 0], v0x7f8e89156110_0, L_0x7f8e88763098;
L_0x7f8e89156dd0 .concat [ 20 12 0 0], v0x7f8e89155c60_0, L_0x7f8e887630e0;
L_0x7f8e89156f60 .part v0x7f8e89154be0_0, 0, 10;
S_0x7f8e89153030 .scope module, "x_com_finder" "divider" 4 130, 5 4 0, S_0x7f8e89152960;
 .timescale -9 -12;
    .port_info 0 /INPUT 1 "clk_in";
    .port_info 1 /INPUT 1 "rst_in";
    .port_info 2 /INPUT 32 "dividend_in";
    .port_info 3 /INPUT 32 "divisor_in";
    .port_info 4 /INPUT 1 "data_valid_in";
    .port_info 5 /OUTPUT 32 "quotient_out";
    .port_info 6 /OUTPUT 32 "remainder_out";
    .port_info 7 /OUTPUT 1 "data_valid_out";
    .port_info 8 /OUTPUT 1 "error_out";
    .port_info 9 /OUTPUT 1 "busy_out";
P_0x7f8e891531f0 .param/l "DIVIDING" 1 5 15, +C4<00000000000000000000000000000001>;
P_0x7f8e89153230 .param/l "RESTING" 1 5 14, +C4<00000000000000000000000000000000>;
P_0x7f8e89153270 .param/l "WIDTH" 0 5 4, +C4<00000000000000000000000000100000>;
v0x7f8e891535e0_0 .var "busy_out", 0 0;
v0x7f8e89153690_0 .net "clk_in", 0 0, v0x7f8e891562a0_0;  alias, 1 drivers
v0x7f8e89153730_0 .net "data_valid_in", 0 0, v0x7f8e891551c0_0;  1 drivers
v0x7f8e891537c0_0 .var "data_valid_out", 0 0;
v0x7f8e89153850_0 .var "dividend", 31 0;
v0x7f8e891538f0_0 .net "dividend_in", 31 0, L_0x7f8e89156930;  1 drivers
v0x7f8e891539a0_0 .var "divisor", 31 0;
v0x7f8e89153a50_0 .net "divisor_in", 31 0, L_0x7f8e89156a50;  1 drivers
v0x7f8e89153b00_0 .var "error_out", 0 0;
v0x7f8e89153c10_0 .var "quotient", 31 0;
v0x7f8e89153cb0_0 .var "quotient_out", 31 0;
v0x7f8e89153d60_0 .var "remainder_out", 31 0;
v0x7f8e89153e10_0 .net "rst_in", 0 0, v0x7f8e89156340_0;  alias, 1 drivers
v0x7f8e89153eb0_0 .var "state", 0 0;
E_0x7f8e89153590 .event posedge, v0x7f8e89153690_0;
S_0x7f8e89154040 .scope module, "y_com_finder" "divider" 4 143, 5 4 0, S_0x7f8e89152960;
 .timescale -9 -12;
    .port_info 0 /INPUT 1 "clk_in";
    .port_info 1 /INPUT 1 "rst_in";
    .port_info 2 /INPUT 32 "dividend_in";
    .port_info 3 /INPUT 32 "divisor_in";
    .port_info 4 /INPUT 1 "data_valid_in";
    .port_info 5 /OUTPUT 32 "quotient_out";
    .port_info 6 /OUTPUT 32 "remainder_out";
    .port_info 7 /OUTPUT 1 "data_valid_out";
    .port_info 8 /OUTPUT 1 "error_out";
    .port_info 9 /OUTPUT 1 "busy_out";
P_0x7f8e891541b0 .param/l "DIVIDING" 1 5 15, +C4<00000000000000000000000000000001>;
P_0x7f8e891541f0 .param/l "RESTING" 1 5 14, +C4<00000000000000000000000000000000>;
P_0x7f8e89154230 .param/l "WIDTH" 0 5 4, +C4<00000000000000000000000000100000>;
v0x7f8e89154530_0 .var "busy_out", 0 0;
v0x7f8e891545c0_0 .net "clk_in", 0 0, v0x7f8e891562a0_0;  alias, 1 drivers
v0x7f8e89154660_0 .net "data_valid_in", 0 0, v0x7f8e89155290_0;  1 drivers
v0x7f8e891546f0_0 .var "data_valid_out", 0 0;
v0x7f8e89154780_0 .var "dividend", 31 0;
v0x7f8e89154820_0 .net "dividend_in", 31 0, L_0x7f8e89156c70;  1 drivers
v0x7f8e891548d0_0 .var "divisor", 31 0;
v0x7f8e89154980_0 .net "divisor_in", 31 0, L_0x7f8e89156dd0;  1 drivers
v0x7f8e89154a30_0 .var "error_out", 0 0;
v0x7f8e89154b40_0 .var "quotient", 31 0;
v0x7f8e89154be0_0 .var "quotient_out", 31 0;
v0x7f8e89154c90_0 .var "remainder_out", 31 0;
v0x7f8e89154d40_0 .net "rst_in", 0 0, v0x7f8e89156340_0;  alias, 1 drivers
v0x7f8e89154df0_0 .var "state", 0 0;
    .scope S_0x7f8e89153030;
T_0 ;
    %wait E_0x7f8e89153590;
    %load/vec4 v0x7f8e89153e10_0;
    %flag_set/vec4 8;
    %jmp/0xz  T_0.0, 8;
    %pushi/vec4 0, 0, 32;
    %assign/vec4 v0x7f8e89153c10_0, 0;
    %pushi/vec4 0, 0, 32;
    %assign/vec4 v0x7f8e89153850_0, 0;
    %pushi/vec4 0, 0, 32;
    %assign/vec4 v0x7f8e891539a0_0, 0;
    %pushi/vec4 0, 0, 32;
    %assign/vec4 v0x7f8e89153d60_0, 0;
    %pushi/vec4 0, 0, 1;
    %assign/vec4 v0x7f8e891535e0_0, 0;
    %pushi/vec4 0, 0, 1;
    %assign/vec4 v0x7f8e89153b00_0, 0;
    %pushi/vec4 0, 0, 1;
    %assign/vec4 v0x7f8e89153eb0_0, 0;
    %pushi/vec4 0, 0, 1;
    %assign/vec4 v0x7f8e891537c0_0, 0;
    %jmp T_0.1;
T_0.0 ;
    %load/vec4 v0x7f8e89153eb0_0;
    %dup/vec4;
    %pushi/vec4 0, 0, 1;
    %cmp/u;
    %jmp/1 T_0.2, 6;
    %dup/vec4;
    %pushi/vec4 1, 0, 1;
    %cmp/u;
    %jmp/1 T_0.3, 6;
    %jmp T_0.4;
T_0.2 ;
    %load/vec4 v0x7f8e89153730_0;
    %flag_set/vec4 8;
    %jmp/0xz  T_0.5, 8;
    %pushi/vec4 1, 0, 1;
    %assign/vec4 v0x7f8e89153eb0_0, 0;
    %pushi/vec4 0, 0, 32;
    %assign/vec4 v0x7f8e89153c10_0, 0;
    %load/vec4 v0x7f8e891538f0_0;
    %assign/vec4 v0x7f8e89153850_0, 0;
    %load/vec4 v0x7f8e89153a50_0;
    %assign/vec4 v0x7f8e891539a0_0, 0;
    %pushi/vec4 1, 0, 1;
    %assign/vec4 v0x7f8e891535e0_0, 0;
    %pushi/vec4 0, 0, 1;
    %assign/vec4 v0x7f8e89153b00_0, 0;
T_0.5 ;
    %pushi/vec4 0, 0, 1;
    %assign/vec4 v0x7f8e891537c0_0, 0;
    %jmp T_0.4;
T_0.3 ;
    %load/vec4 v0x7f8e89153850_0;
    %cmpi/u 0, 0, 32;
    %flag_or 5, 4;
    %jmp/0xz  T_0.7, 5;
    %pushi/vec4 0, 0, 1;
    %assign/vec4 v0x7f8e89153eb0_0, 0;
    %load/vec4 v0x7f8e89153850_0;
    %assign/vec4 v0x7f8e89153d60_0, 0;
    %load/vec4 v0x7f8e89153c10_0;
    %assign/vec4 v0x7f8e89153cb0_0, 0;
    %pushi/vec4 0, 0, 1;
    %assign/vec4 v0x7f8e891535e0_0, 0;
    %pushi/vec4 0, 0, 1;
    %assign/vec4 v0x7f8e89153b00_0, 0;
    %pushi/vec4 1, 0, 1;
    %assign/vec4 v0x7f8e891537c0_0, 0;
    %jmp T_0.8;
T_0.7 ;
    %load/vec4 v0x7f8e891539a0_0;
    %cmpi/e 0, 0, 32;
    %jmp/0xz  T_0.9, 4;
    %pushi/vec4 0, 0, 1;
    %assign/vec4 v0x7f8e89153eb0_0, 0;
    %pushi/vec4 0, 0, 32;
    %assign/vec4 v0x7f8e89153d60_0, 0;
    %pushi/vec4 0, 0, 32;
    %assign/vec4 v0x7f8e89153cb0_0, 0;
    %pushi/vec4 0, 0, 1;
    %assign/vec4 v0x7f8e891535e0_0, 0;
    %pushi/vec4 1, 0, 1;
    %assign/vec4 v0x7f8e89153b00_0, 0;
    %pushi/vec4 1, 0, 1;
    %assign/vec4 v0x7f8e891537c0_0, 0;
    %jmp T_0.10;
T_0.9 ;
    %load/vec4 v0x7f8e89153850_0;
    %load/vec4 v0x7f8e891539a0_0;
    %cmp/u;
    %jmp/0xz  T_0.11, 5;
    %pushi/vec4 0, 0, 1;
    %assign/vec4 v0x7f8e89153eb0_0, 0;
    %load/vec4 v0x7f8e89153850_0;
    %assign/vec4 v0x7f8e89153d60_0, 0;
    %load/vec4 v0x7f8e89153c10_0;
    %assign/vec4 v0x7f8e89153cb0_0, 0;
    %pushi/vec4 0, 0, 1;
    %assign/vec4 v0x7f8e891535e0_0, 0;
    %pushi/vec4 0, 0, 1;
    %assign/vec4 v0x7f8e89153b00_0, 0;
    %pushi/vec4 1, 0, 1;
    %assign/vec4 v0x7f8e891537c0_0, 0;
    %jmp T_0.12;
T_0.11 ;
    %pushi/vec4 1, 0, 1;
    %assign/vec4 v0x7f8e89153eb0_0, 0;
    %load/vec4 v0x7f8e89153c10_0;
    %addi 1, 0, 32;
    %assign/vec4 v0x7f8e89153c10_0, 0;
    %load/vec4 v0x7f8e89153850_0;
    %load/vec4 v0x7f8e891539a0_0;
    %sub;
    %assign/vec4 v0x7f8e89153850_0, 0;
T_0.12 ;
T_0.10 ;
T_0.8 ;
    %jmp T_0.4;
T_0.4 ;
    %pop/vec4 1;
T_0.1 ;
    %jmp T_0;
    .thread T_0;
    .scope S_0x7f8e89154040;
T_1 ;
    %wait E_0x7f8e89153590;
    %load/vec4 v0x7f8e89154d40_0;
    %flag_set/vec4 8;
    %jmp/0xz  T_1.0, 8;
    %pushi/vec4 0, 0, 32;
    %assign/vec4 v0x7f8e89154b40_0, 0;
    %pushi/vec4 0, 0, 32;
    %assign/vec4 v0x7f8e89154780_0, 0;
    %pushi/vec4 0, 0, 32;
    %assign/vec4 v0x7f8e891548d0_0, 0;
    %pushi/vec4 0, 0, 32;
    %assign/vec4 v0x7f8e89154c90_0, 0;
    %pushi/vec4 0, 0, 1;
    %assign/vec4 v0x7f8e89154530_0, 0;
    %pushi/vec4 0, 0, 1;
    %assign/vec4 v0x7f8e89154a30_0, 0;
    %pushi/vec4 0, 0, 1;
    %assign/vec4 v0x7f8e89154df0_0, 0;
    %pushi/vec4 0, 0, 1;
    %assign/vec4 v0x7f8e891546f0_0, 0;
    %jmp T_1.1;
T_1.0 ;
    %load/vec4 v0x7f8e89154df0_0;
    %dup/vec4;
    %pushi/vec4 0, 0, 1;
    %cmp/u;
    %jmp/1 T_1.2, 6;
    %dup/vec4;
    %pushi/vec4 1, 0, 1;
    %cmp/u;
    %jmp/1 T_1.3, 6;
    %jmp T_1.4;
T_1.2 ;
    %load/vec4 v0x7f8e89154660_0;
    %flag_set/vec4 8;
    %jmp/0xz  T_1.5, 8;
    %pushi/vec4 1, 0, 1;
    %assign/vec4 v0x7f8e89154df0_0, 0;
    %pushi/vec4 0, 0, 32;
    %assign/vec4 v0x7f8e89154b40_0, 0;
    %load/vec4 v0x7f8e89154820_0;
    %assign/vec4 v0x7f8e89154780_0, 0;
    %load/vec4 v0x7f8e89154980_0;
    %assign/vec4 v0x7f8e891548d0_0, 0;
    %pushi/vec4 1, 0, 1;
    %assign/vec4 v0x7f8e89154530_0, 0;
    %pushi/vec4 0, 0, 1;
    %assign/vec4 v0x7f8e89154a30_0, 0;
T_1.5 ;
    %pushi/vec4 0, 0, 1;
    %assign/vec4 v0x7f8e891546f0_0, 0;
    %jmp T_1.4;
T_1.3 ;
    %load/vec4 v0x7f8e89154780_0;
    %cmpi/u 0, 0, 32;
    %flag_or 5, 4;
    %jmp/0xz  T_1.7, 5;
    %pushi/vec4 0, 0, 1;
    %assign/vec4 v0x7f8e89154df0_0, 0;
    %load/vec4 v0x7f8e89154780_0;
    %assign/vec4 v0x7f8e89154c90_0, 0;
    %load/vec4 v0x7f8e89154b40_0;
    %assign/vec4 v0x7f8e89154be0_0, 0;
    %pushi/vec4 0, 0, 1;
    %assign/vec4 v0x7f8e89154530_0, 0;
    %pushi/vec4 0, 0, 1;
    %assign/vec4 v0x7f8e89154a30_0, 0;
    %pushi/vec4 1, 0, 1;
    %assign/vec4 v0x7f8e891546f0_0, 0;
    %jmp T_1.8;
T_1.7 ;
    %load/vec4 v0x7f8e891548d0_0;
    %cmpi/e 0, 0, 32;
    %jmp/0xz  T_1.9, 4;
    %pushi/vec4 0, 0, 1;
    %assign/vec4 v0x7f8e89154df0_0, 0;
    %pushi/vec4 0, 0, 32;
    %assign/vec4 v0x7f8e89154c90_0, 0;
    %pushi/vec4 0, 0, 32;
    %assign/vec4 v0x7f8e89154be0_0, 0;
    %pushi/vec4 0, 0, 1;
    %assign/vec4 v0x7f8e89154530_0, 0;
    %pushi/vec4 1, 0, 1;
    %assign/vec4 v0x7f8e89154a30_0, 0;
    %pushi/vec4 1, 0, 1;
    %assign/vec4 v0x7f8e891546f0_0, 0;
    %jmp T_1.10;
T_1.9 ;
    %load/vec4 v0x7f8e89154780_0;
    %load/vec4 v0x7f8e891548d0_0;
    %cmp/u;
    %jmp/0xz  T_1.11, 5;
    %pushi/vec4 0, 0, 1;
    %assign/vec4 v0x7f8e89154df0_0, 0;
    %load/vec4 v0x7f8e89154780_0;
    %assign/vec4 v0x7f8e89154c90_0, 0;
    %load/vec4 v0x7f8e89154b40_0;
    %assign/vec4 v0x7f8e89154be0_0, 0;
    %pushi/vec4 0, 0, 1;
    %assign/vec4 v0x7f8e89154530_0, 0;
    %pushi/vec4 0, 0, 1;
    %assign/vec4 v0x7f8e89154a30_0, 0;
    %pushi/vec4 1, 0, 1;
    %assign/vec4 v0x7f8e891546f0_0, 0;
    %jmp T_1.12;
T_1.11 ;
    %pushi/vec4 1, 0, 1;
    %assign/vec4 v0x7f8e89154df0_0, 0;
    %load/vec4 v0x7f8e89154b40_0;
    %addi 1, 0, 32;
    %assign/vec4 v0x7f8e89154b40_0, 0;
    %load/vec4 v0x7f8e89154780_0;
    %load/vec4 v0x7f8e891548d0_0;
    %sub;
    %assign/vec4 v0x7f8e89154780_0, 0;
T_1.12 ;
T_1.10 ;
T_1.8 ;
    %jmp T_1.4;
T_1.4 ;
    %pop/vec4 1;
T_1.1 ;
    %jmp T_1;
    .thread T_1;
    .scope S_0x7f8e89152960;
T_2 ;
    %wait E_0x7f8e89153590;
    %load/vec4 v0x7f8e89155850_0;
    %flag_set/vec4 8;
    %jmp/0xz  T_2.0, 8;
    %pushi/vec4 0, 0, 3;
    %assign/vec4 v0x7f8e89155920_0, 0;
    %pushi/vec4 0, 0, 1;
    %assign/vec4 v0x7f8e89155bd0_0, 0;
    %pushi/vec4 0, 0, 20;
    %assign/vec4 v0x7f8e89155c60_0, 0;
    %pushi/vec4 0, 0, 29;
    %assign/vec4 v0x7f8e89155ed0_0, 0;
    %pushi/vec4 0, 0, 29;
    %assign/vec4 v0x7f8e89156110_0, 0;
    %pushi/vec4 0, 0, 1;
    %assign/vec4 v0x7f8e891551c0_0, 0;
    %pushi/vec4 0, 0, 1;
    %assign/vec4 v0x7f8e89155290_0, 0;
    %jmp T_2.1;
T_2.0 ;
    %load/vec4 v0x7f8e89155920_0;
    %dup/vec4;
    %pushi/vec4 4, 0, 3;
    %cmp/u;
    %jmp/1 T_2.2, 6;
    %dup/vec4;
    %pushi/vec4 0, 0, 3;
    %cmp/u;
    %jmp/1 T_2.3, 6;
    %dup/vec4;
    %pushi/vec4 1, 0, 3;
    %cmp/u;
    %jmp/1 T_2.4, 6;
    %dup/vec4;
    %pushi/vec4 2, 0, 3;
    %cmp/u;
    %jmp/1 T_2.5, 6;
    %dup/vec4;
    %pushi/vec4 3, 0, 3;
    %cmp/u;
    %jmp/1 T_2.6, 6;
    %jmp T_2.7;
T_2.2 ;
    %pushi/vec4 0, 0, 3;
    %assign/vec4 v0x7f8e89155920_0, 0;
    %pushi/vec4 0, 0, 1;
    %assign/vec4 v0x7f8e89155bd0_0, 0;
    %pushi/vec4 0, 0, 20;
    %assign/vec4 v0x7f8e89155c60_0, 0;
    %pushi/vec4 0, 0, 29;
    %assign/vec4 v0x7f8e89155ed0_0, 0;
    %pushi/vec4 0, 0, 29;
    %assign/vec4 v0x7f8e89156110_0, 0;
    %pushi/vec4 0, 0, 1;
    %assign/vec4 v0x7f8e891551c0_0, 0;
    %pushi/vec4 0, 0, 1;
    %assign/vec4 v0x7f8e89155290_0, 0;
    %jmp T_2.7;
T_2.3 ;
    %load/vec4 v0x7f8e89155a40_0;
    %flag_set/vec4 8;
    %jmp/0xz  T_2.8, 8;
    %pushi/vec4 0, 0, 3;
    %assign/vec4 v0x7f8e89155920_0, 0;
    %load/vec4 v0x7f8e89155ed0_0;
    %load/vec4 v0x7f8e89155cf0_0;
    %pad/u 29;
    %add;
    %assign/vec4 v0x7f8e89155ed0_0, 0;
    %load/vec4 v0x7f8e89156110_0;
    %load/vec4 v0x7f8e89155f60_0;
    %pad/u 29;
    %add;
    %assign/vec4 v0x7f8e89156110_0, 0;
    %load/vec4 v0x7f8e89155c60_0;
    %addi 1, 0, 20;
    %assign/vec4 v0x7f8e89155c60_0, 0;
    %jmp T_2.9;
T_2.8 ;
    %load/vec4 v0x7f8e891559b0_0;
    %flag_set/vec4 8;
    %jmp/0xz  T_2.10, 8;
    %pushi/vec4 1, 0, 3;
    %assign/vec4 v0x7f8e89155920_0, 0;
T_2.10 ;
T_2.9 ;
    %jmp T_2.7;
T_2.4 ;
    %load/vec4 v0x7f8e89155c60_0;
    %pad/u 32;
    %cmpi/u 0, 0, 32;
    %flag_or 5, 4; GT is !LE
    %flag_inv 5;
    %jmp/0xz  T_2.12, 5;
    %pushi/vec4 2, 0, 3;
    %assign/vec4 v0x7f8e89155920_0, 0;
    %pushi/vec4 1, 0, 1;
    %assign/vec4 v0x7f8e891551c0_0, 0;
    %pushi/vec4 1, 0, 1;
    %assign/vec4 v0x7f8e89155290_0, 0;
    %jmp T_2.13;
T_2.12 ;
    %pushi/vec4 0, 0, 3;
    %assign/vec4 v0x7f8e89155920_0, 0;
T_2.13 ;
    %jmp T_2.7;
T_2.5 ;
    %pushi/vec4 0, 0, 1;
    %assign/vec4 v0x7f8e891551c0_0, 0;
    %pushi/vec4 0, 0, 1;
    %assign/vec4 v0x7f8e89155290_0, 0;
    %load/vec4 v0x7f8e891555b0_0;
    %pad/u 32;
    %cmpi/e 1, 0, 32;
    %flag_mov 8, 4;
    %load/vec4 v0x7f8e89155640_0;
    %pad/u 32;
    %cmpi/e 1, 0, 32;
    %flag_or 4, 8;
    %jmp/0xz  T_2.14, 4;
    %pushi/vec4 4, 0, 3;
    %assign/vec4 v0x7f8e89155920_0, 0;
    %jmp T_2.15;
T_2.14 ;
    %load/vec4 v0x7f8e89155340_0;
    %pad/u 32;
    %pushi/vec4 0, 0, 32;
    %cmp/e;
    %flag_get/vec4 4;
    %load/vec4 v0x7f8e891553f0_0;
    %pad/u 32;
    %pushi/vec4 0, 0, 32;
    %cmp/e;
    %flag_get/vec4 4;
    %and;
    %flag_set/vec4 8;
    %jmp/0xz  T_2.16, 8;
    %pushi/vec4 3, 0, 3;
    %assign/vec4 v0x7f8e89155920_0, 0;
T_2.16 ;
T_2.15 ;
    %jmp T_2.7;
T_2.6 ;
    %pushi/vec4 4, 0, 3;
    %assign/vec4 v0x7f8e89155920_0, 0;
    %pushi/vec4 1, 0, 1;
    %assign/vec4 v0x7f8e89155bd0_0, 0;
    %jmp T_2.7;
T_2.7 ;
    %pop/vec4 1;
T_2.1 ;
    %jmp T_2;
    .thread T_2;
    .scope S_0x7f8e89133200;
T_3 ;
    %delay 5000, 0;
    %load/vec4 v0x7f8e891562a0_0;
    %nor/r;
    %store/vec4 v0x7f8e891562a0_0, 0, 1;
    %jmp T_3;
    .thread T_3;
    .scope S_0x7f8e89133200;
T_4 ;
    %vpi_call/w 3 32 "$dumpfile", "com.vcd" {0 0 0};
    %vpi_call/w 3 33 "$dumpvars", 32'sb00000000000000000000000000000000, S_0x7f8e89133200 {0 0 0};
    %vpi_call/w 3 34 "$display", "Starting Sim" {0 0 0};
    %pushi/vec4 0, 0, 1;
    %store/vec4 v0x7f8e891562a0_0, 0, 1;
    %pushi/vec4 0, 0, 1;
    %store/vec4 v0x7f8e89156340_0, 0, 1;
    %pushi/vec4 0, 0, 11;
    %store/vec4 v0x7f8e891565f0_0, 0, 11;
    %pushi/vec4 0, 0, 10;
    %store/vec4 v0x7f8e89156750_0, 0, 10;
    %pushi/vec4 0, 0, 1;
    %store/vec4 v0x7f8e89156470_0, 0, 1;
    %pushi/vec4 0, 0, 1;
    %store/vec4 v0x7f8e891563e0_0, 0, 1;
    %delay 10000, 0;
    %pushi/vec4 1, 0, 1;
    %store/vec4 v0x7f8e89156340_0, 0, 1;
    %delay 10000, 0;
    %pushi/vec4 0, 0, 1;
    %store/vec4 v0x7f8e89156340_0, 0, 1;
    %delay 10000, 0;
    %vpi_call/w 3 46 "$display", "Test 1: 0 to 999" {0 0 0};
    %fork t_1, S_0x7f8e89137a90;
    %jmp t_0;
    .scope S_0x7f8e89137a90;
t_1 ;
    %pushi/vec4 0, 0, 32;
    %store/vec4 v0x7f8e89135470_0, 0, 32;
T_4.0 ;
    %load/vec4 v0x7f8e89135470_0;
    %cmpi/s 1000, 0, 32;
    %jmp/0xz T_4.1, 5;
    %load/vec4 v0x7f8e89135470_0;
    %pad/s 11;
    %store/vec4 v0x7f8e891565f0_0, 0, 11;
    %load/vec4 v0x7f8e89135470_0;
    %pad/s 10;
    %store/vec4 v0x7f8e89156750_0, 0, 10;
    %pushi/vec4 1, 0, 1;
    %store/vec4 v0x7f8e89156470_0, 0, 1;
    %delay 10000, 0;
    %load/vec4 v0x7f8e89135470_0;
    %addi 1, 0, 32;
    %cast2;
    %store/vec4 v0x7f8e89135470_0, 0, 32;
    %jmp T_4.0;
T_4.1 ;
    %end;
    .scope S_0x7f8e89133200;
t_0 %join;
    %pushi/vec4 0, 0, 1;
    %store/vec4 v0x7f8e89156470_0, 0, 1;
    %delay 100000, 0;
    %pushi/vec4 1, 0, 1;
    %store/vec4 v0x7f8e891563e0_0, 0, 1;
    %delay 10000000, 0;
    %vpi_call/w 3 57 "$display", "Test 1 results: x_out = %4d y_out = %4d", v0x7f8e891566a0_0, v0x7f8e89156800_0 {0 0 0};
    %pushi/vec4 0, 0, 11;
    %store/vec4 v0x7f8e891565f0_0, 0, 11;
    %pushi/vec4 0, 0, 10;
    %store/vec4 v0x7f8e89156750_0, 0, 10;
    %pushi/vec4 0, 0, 1;
    %store/vec4 v0x7f8e89156470_0, 0, 1;
    %pushi/vec4 0, 0, 1;
    %store/vec4 v0x7f8e891563e0_0, 0, 1;
    %delay 10000, 0;
    %pushi/vec4 1, 0, 1;
    %store/vec4 v0x7f8e89156340_0, 0, 1;
    %delay 10000, 0;
    %pushi/vec4 0, 0, 1;
    %store/vec4 v0x7f8e89156340_0, 0, 1;
    %delay 10000, 0;
    %vpi_call/w 3 73 "$display", "Test 2: 0 to 999 for x, 0 to 499 for y" {0 0 0};
    %fork t_3, S_0x7f8e89151a20;
    %jmp t_2;
    .scope S_0x7f8e89151a20;
t_3 ;
    %pushi/vec4 0, 0, 32;
    %store/vec4 v0x7f8e89151bf0_0, 0, 32;
T_4.2 ;
    %load/vec4 v0x7f8e89151bf0_0;
    %cmpi/s 1000, 0, 32;
    %jmp/0xz T_4.3, 5;
    %load/vec4 v0x7f8e89151bf0_0;
    %pad/s 11;
    %store/vec4 v0x7f8e891565f0_0, 0, 11;
    %load/vec4 v0x7f8e89151bf0_0;
    %pushi/vec4 2, 0, 32;
    %div/s;
    %pad/s 10;
    %store/vec4 v0x7f8e89156750_0, 0, 10;
    %pushi/vec4 1, 0, 1;
    %store/vec4 v0x7f8e89156470_0, 0, 1;
    %delay 10000, 0;
    %load/vec4 v0x7f8e89151bf0_0;
    %addi 1, 0, 32;
    %cast2;
    %store/vec4 v0x7f8e89151bf0_0, 0, 32;
    %jmp T_4.2;
T_4.3 ;
    %end;
    .scope S_0x7f8e89133200;
t_2 %join;
    %pushi/vec4 0, 0, 1;
    %store/vec4 v0x7f8e89156470_0, 0, 1;
    %delay 100000, 0;
    %pushi/vec4 1, 0, 1;
    %store/vec4 v0x7f8e891563e0_0, 0, 1;
    %delay 10000000, 0;
    %vpi_call/w 3 84 "$display", "Test 2 results: x_out = %4d y_out = %4d", v0x7f8e891566a0_0, v0x7f8e89156800_0 {0 0 0};
    %pushi/vec4 0, 0, 11;
    %store/vec4 v0x7f8e891565f0_0, 0, 11;
    %pushi/vec4 0, 0, 10;
    %store/vec4 v0x7f8e89156750_0, 0, 10;
    %pushi/vec4 0, 0, 1;
    %store/vec4 v0x7f8e89156470_0, 0, 1;
    %pushi/vec4 0, 0, 1;
    %store/vec4 v0x7f8e891563e0_0, 0, 1;
    %delay 10000, 0;
    %pushi/vec4 1, 0, 1;
    %store/vec4 v0x7f8e89156340_0, 0, 1;
    %delay 10000, 0;
    %pushi/vec4 0, 0, 1;
    %store/vec4 v0x7f8e89156340_0, 0, 1;
    %delay 10000, 0;
    %vpi_call/w 3 95 "$display", "Test 3: 0 to 999 for x, 10 for y" {0 0 0};
    %fork t_5, S_0x7f8e89151c80;
    %jmp t_4;
    .scope S_0x7f8e89151c80;
t_5 ;
    %pushi/vec4 0, 0, 32;
    %store/vec4 v0x7f8e89151e60_0, 0, 32;
T_4.4 ;
    %load/vec4 v0x7f8e89151e60_0;
    %cmpi/s 1000, 0, 32;
    %jmp/0xz T_4.5, 5;
    %load/vec4 v0x7f8e89151e60_0;
    %pad/s 11;
    %store/vec4 v0x7f8e891565f0_0, 0, 11;
    %pushi/vec4 10, 0, 10;
    %store/vec4 v0x7f8e89156750_0, 0, 10;
    %pushi/vec4 1, 0, 1;
    %store/vec4 v0x7f8e89156470_0, 0, 1;
    %delay 10000, 0;
    %load/vec4 v0x7f8e89151e60_0;
    %addi 1, 0, 32;
    %cast2;
    %store/vec4 v0x7f8e89151e60_0, 0, 32;
    %jmp T_4.4;
T_4.5 ;
    %end;
    .scope S_0x7f8e89133200;
t_4 %join;
    %pushi/vec4 0, 0, 1;
    %store/vec4 v0x7f8e89156470_0, 0, 1;
    %delay 100000, 0;
    %pushi/vec4 1, 0, 1;
    %store/vec4 v0x7f8e891563e0_0, 0, 1;
    %delay 10000000, 0;
    %vpi_call/w 3 106 "$display", "Test 3 results: x_out = %4d y_out = %4d", v0x7f8e891566a0_0, v0x7f8e89156800_0 {0 0 0};
    %delay 10000, 0;
    %vpi_call/w 3 109 "$display", "Test 4: 0 to 999 no reset" {0 0 0};
    %fork t_7, S_0x7f8e89151f10;
    %jmp t_6;
    .scope S_0x7f8e89151f10;
t_7 ;
    %pushi/vec4 0, 0, 32;
    %store/vec4 v0x7f8e891520d0_0, 0, 32;
T_4.6 ;
    %load/vec4 v0x7f8e891520d0_0;
    %cmpi/s 1000, 0, 32;
    %jmp/0xz T_4.7, 5;
    %load/vec4 v0x7f8e891520d0_0;
    %pad/s 11;
    %store/vec4 v0x7f8e891565f0_0, 0, 11;
    %load/vec4 v0x7f8e891520d0_0;
    %pad/s 10;
    %store/vec4 v0x7f8e89156750_0, 0, 10;
    %pushi/vec4 1, 0, 1;
    %store/vec4 v0x7f8e89156470_0, 0, 1;
    %delay 10000, 0;
    %load/vec4 v0x7f8e891520d0_0;
    %addi 1, 0, 32;
    %cast2;
    %store/vec4 v0x7f8e891520d0_0, 0, 32;
    %jmp T_4.6;
T_4.7 ;
    %end;
    .scope S_0x7f8e89133200;
t_6 %join;
    %pushi/vec4 0, 0, 1;
    %store/vec4 v0x7f8e89156470_0, 0, 1;
    %delay 100000, 0;
    %pushi/vec4 1, 0, 1;
    %store/vec4 v0x7f8e891563e0_0, 0, 1;
    %delay 10000000, 0;
    %vpi_call/w 3 120 "$display", "Test 4 results: x_out = %4d y_out = %4d", v0x7f8e891566a0_0, v0x7f8e89156800_0 {0 0 0};
    %delay 10000, 0;
    %vpi_call/w 3 123 "$display", "Test 5: 1 valid pixel (466, 234)" {0 0 0};
    %pushi/vec4 466, 0, 11;
    %store/vec4 v0x7f8e891565f0_0, 0, 11;
    %pushi/vec4 234, 0, 10;
    %store/vec4 v0x7f8e89156750_0, 0, 10;
    %pushi/vec4 1, 0, 1;
    %store/vec4 v0x7f8e89156470_0, 0, 1;
    %delay 10000, 0;
    %fork t_9, S_0x7f8e89152190;
    %jmp t_8;
    .scope S_0x7f8e89152190;
t_9 ;
    %pushi/vec4 0, 0, 32;
    %store/vec4 v0x7f8e89152390_0, 0, 32;
T_4.8 ;
    %load/vec4 v0x7f8e89152390_0;
    %cmpi/s 1000, 0, 32;
    %jmp/0xz T_4.9, 5;
    %load/vec4 v0x7f8e89152390_0;
    %pad/s 11;
    %store/vec4 v0x7f8e891565f0_0, 0, 11;
    %load/vec4 v0x7f8e89152390_0;
    %pad/s 10;
    %store/vec4 v0x7f8e89156750_0, 0, 10;
    %pushi/vec4 0, 0, 1;
    %store/vec4 v0x7f8e89156470_0, 0, 1;
    %delay 10000, 0;
    %load/vec4 v0x7f8e89152390_0;
    %addi 1, 0, 32;
    %cast2;
    %store/vec4 v0x7f8e89152390_0, 0, 32;
    %jmp T_4.8;
T_4.9 ;
    %end;
    .scope S_0x7f8e89133200;
t_8 %join;
    %pushi/vec4 0, 0, 1;
    %store/vec4 v0x7f8e89156470_0, 0, 1;
    %delay 100000, 0;
    %pushi/vec4 1, 0, 1;
    %store/vec4 v0x7f8e891563e0_0, 0, 1;
    %delay 10000000, 0;
    %vpi_call/w 3 138 "$display", "Test 5 results: x_out = %4d y_out = %4d", v0x7f8e891566a0_0, v0x7f8e89156800_0 {0 0 0};
    %delay 10000, 0;
    %vpi_call/w 3 141 "$display", "Test 6: all valid pixel" {0 0 0};
    %fork t_11, S_0x7f8e89152450;
    %jmp t_10;
    .scope S_0x7f8e89152450;
t_11 ;
    %pushi/vec4 0, 0, 32;
    %store/vec4 v0x7f8e891528a0_0, 0, 32;
T_4.10 ;
    %load/vec4 v0x7f8e891528a0_0;
    %cmpi/s 768, 0, 32;
    %jmp/0xz T_4.11, 5;
    %fork t_13, S_0x7f8e89152610;
    %jmp t_12;
    .scope S_0x7f8e89152610;
t_13 ;
    %pushi/vec4 0, 0, 32;
    %store/vec4 v0x7f8e891527e0_0, 0, 32;
T_4.12 ;
    %load/vec4 v0x7f8e891527e0_0;
    %cmpi/s 1024, 0, 32;
    %jmp/0xz T_4.13, 5;
    %load/vec4 v0x7f8e891527e0_0;
    %pad/s 11;
    %store/vec4 v0x7f8e891565f0_0, 0, 11;
    %load/vec4 v0x7f8e891528a0_0;
    %pad/s 10;
    %store/vec4 v0x7f8e89156750_0, 0, 10;
    %pushi/vec4 1, 0, 1;
    %store/vec4 v0x7f8e89156470_0, 0, 1;
    %delay 10000, 0;
    %load/vec4 v0x7f8e891527e0_0;
    %addi 1, 0, 32;
    %cast2;
    %store/vec4 v0x7f8e891527e0_0, 0, 32;
    %jmp T_4.12;
T_4.13 ;
    %end;
    .scope S_0x7f8e89152450;
t_12 %join;
    %load/vec4 v0x7f8e891528a0_0;
    %addi 1, 0, 32;
    %cast2;
    %store/vec4 v0x7f8e891528a0_0, 0, 32;
    %jmp T_4.10;
T_4.11 ;
    %end;
    .scope S_0x7f8e89133200;
t_10 %join;
    %pushi/vec4 0, 0, 1;
    %store/vec4 v0x7f8e89156470_0, 0, 1;
    %delay 100000, 0;
    %pushi/vec4 1, 0, 1;
    %store/vec4 v0x7f8e891563e0_0, 0, 1;
    %delay 10000000, 0;
    %pushi/vec4 0, 0, 1;
    %store/vec4 v0x7f8e891563e0_0, 0, 1;
    %vpi_call/w 3 155 "$display", "Test 6 results: x_out = %4d y_out = %4d", v0x7f8e891566a0_0, v0x7f8e89156800_0 {0 0 0};
    %delay 10000, 0;
    %vpi_call/w 3 158 "$display", "Test 7: no valid pixel" {0 0 0};
    %delay 10000, 0;
    %pushi/vec4 1, 0, 1;
    %store/vec4 v0x7f8e89156340_0, 0, 1;
    %delay 10000, 0;
    %pushi/vec4 0, 0, 1;
    %store/vec4 v0x7f8e89156340_0, 0, 1;
    %delay 10000, 0;
    %pushi/vec4 466, 0, 11;
    %store/vec4 v0x7f8e891565f0_0, 0, 11;
    %pushi/vec4 234, 0, 10;
    %store/vec4 v0x7f8e89156750_0, 0, 10;
    %pushi/vec4 0, 0, 1;
    %store/vec4 v0x7f8e89156470_0, 0, 1;
    %delay 100000, 0;
    %pushi/vec4 1, 0, 1;
    %store/vec4 v0x7f8e891563e0_0, 0, 1;
    %delay 10000000, 0;
    %vpi_call/w 3 170 "$display", "Test 7 results: x_out = %4d y_out = %4d", v0x7f8e891566a0_0, v0x7f8e89156800_0 {0 0 0};
    %vpi_call/w 3 172 "$display", "Finishing Sim" {0 0 0};
    %vpi_call/w 3 173 "$finish" {0 0 0};
    %end;
    .thread T_4;
# The file index is used to find the file name in the following table.
:file_names 6;
    "N/A";
    "<interactive>";
    "-";
    "sim/com_tb.sv";
    "src/center_of_mass.sv";
    "src/divider.sv";
