#! /usr/local/Cellar/icarus-verilog/11.0/bin/vvp
:ivl_version "11.0 (stable)";
:ivl_delay_selection "TYPICAL";
:vpi_time_precision - 12;
:vpi_module "/usr/local/Cellar/icarus-verilog/11.0/lib/ivl/system.vpi";
:vpi_module "/usr/local/Cellar/icarus-verilog/11.0/lib/ivl/vhdl_sys.vpi";
:vpi_module "/usr/local/Cellar/icarus-verilog/11.0/lib/ivl/vhdl_textio.vpi";
:vpi_module "/usr/local/Cellar/icarus-verilog/11.0/lib/ivl/v2005_math.vpi";
:vpi_module "/usr/local/Cellar/icarus-verilog/11.0/lib/ivl/va_math.vpi";
:vpi_module "/usr/local/Cellar/icarus-verilog/11.0/lib/ivl/v2009.vpi";
S_0x7fa4d1d052f0 .scope package, "$unit" "$unit" 2 1;
 .timescale 0 0;
S_0x7fa4d1d05460 .scope module, "scale_tb" "scale_tb" 3 4;
 .timescale -9 -12;
v0x7fa4d1d17fb0_0 .net "cam_out", 15 0, v0x7fa4d1d17b60_0;  1 drivers
v0x7fa4d1d18060_0 .var "frame_buff_in", 15 0;
v0x7fa4d1d180f0_0 .var "hcount_in", 10 0;
v0x7fa4d1d181c0_0 .var "scale_in", 1 0;
v0x7fa4d1d18270_0 .var "vcount_in", 9 0;
S_0x7fa4d1d055d0 .scope begin, "$ivl_for_loop0" "$ivl_for_loop0" 3 24, 3 24 0, S_0x7fa4d1d05460;
 .timescale -9 -12;
v0x7fa4d1d15960_0 .var/2s "i", 31 0;
S_0x7fa4d1d05740 .scope begin, "$ivl_for_loop1" "$ivl_for_loop1" 3 25, 3 25 0, S_0x7fa4d1d055d0;
 .timescale -9 -12;
v0x7fa4d1d05900_0 .var/2s "j", 31 0;
S_0x7fa4d1d15a20 .scope begin, "$ivl_for_loop10" "$ivl_for_loop10" 3 76, 3 76 0, S_0x7fa4d1d05460;
 .timescale -9 -12;
v0x7fa4d1d15e50_0 .var/2s "i", 31 0;
S_0x7fa4d1d15bf0 .scope begin, "$ivl_for_loop11" "$ivl_for_loop11" 3 77, 3 77 0, S_0x7fa4d1d15a20;
 .timescale -9 -12;
v0x7fa4d1d15db0_0 .var/2s "j", 31 0;
S_0x7fa4d1d15f10 .scope begin, "$ivl_for_loop12" "$ivl_for_loop12" 3 86, 3 86 0, S_0x7fa4d1d05460;
 .timescale -9 -12;
v0x7fa4d1d16370_0 .var/2s "i", 31 0;
S_0x7fa4d1d160f0 .scope begin, "$ivl_for_loop13" "$ivl_for_loop13" 3 87, 3 87 0, S_0x7fa4d1d15f10;
 .timescale -9 -12;
v0x7fa4d1d162b0_0 .var/2s "j", 31 0;
S_0x7fa4d1d16430 .scope begin, "$ivl_for_loop2" "$ivl_for_loop2" 3 35, 3 35 0, S_0x7fa4d1d05460;
 .timescale -9 -12;
v0x7fa4d1d16880_0 .var/2s "i", 31 0;
S_0x7fa4d1d165f0 .scope begin, "$ivl_for_loop3" "$ivl_for_loop3" 3 36, 3 36 0, S_0x7fa4d1d16430;
 .timescale -9 -12;
v0x7fa4d1d167c0_0 .var/2s "j", 31 0;
S_0x7fa4d1d16940 .scope begin, "$ivl_for_loop4" "$ivl_for_loop4" 3 45, 3 45 0, S_0x7fa4d1d05460;
 .timescale -9 -12;
v0x7fa4d1d16dd0_0 .var/2s "i", 31 0;
S_0x7fa4d1d16b40 .scope begin, "$ivl_for_loop5" "$ivl_for_loop5" 3 46, 3 46 0, S_0x7fa4d1d16940;
 .timescale -9 -12;
v0x7fa4d1d16d10_0 .var/2s "j", 31 0;
S_0x7fa4d1d16e90 .scope begin, "$ivl_for_loop6" "$ivl_for_loop6" 3 55, 3 55 0, S_0x7fa4d1d05460;
 .timescale -9 -12;
v0x7fa4d1d172e0_0 .var/2s "i", 31 0;
S_0x7fa4d1d17050 .scope begin, "$ivl_for_loop7" "$ivl_for_loop7" 3 56, 3 56 0, S_0x7fa4d1d16e90;
 .timescale -9 -12;
v0x7fa4d1d17220_0 .var/2s "j", 31 0;
S_0x7fa4d1d173a0 .scope begin, "$ivl_for_loop8" "$ivl_for_loop8" 3 66, 3 66 0, S_0x7fa4d1d05460;
 .timescale -9 -12;
v0x7fa4d1d177f0_0 .var/2s "i", 31 0;
S_0x7fa4d1d17560 .scope begin, "$ivl_for_loop9" "$ivl_for_loop9" 3 67, 3 67 0, S_0x7fa4d1d173a0;
 .timescale -9 -12;
v0x7fa4d1d17730_0 .var/2s "j", 31 0;
S_0x7fa4d1d178b0 .scope module, "uut" "scale" 3 12, 4 4 0, S_0x7fa4d1d05460;
 .timescale -9 -12;
    .port_info 0 /INPUT 2 "scale_in";
    .port_info 1 /INPUT 11 "hcount_in";
    .port_info 2 /INPUT 10 "vcount_in";
    .port_info 3 /INPUT 16 "frame_buff_in";
    .port_info 4 /OUTPUT 16 "cam_out";
v0x7fa4d1d17b60_0 .var "cam_out", 15 0;
v0x7fa4d1d17c20_0 .net "frame_buff_in", 15 0, v0x7fa4d1d18060_0;  1 drivers
v0x7fa4d1d17cd0_0 .net "hcount_in", 10 0, v0x7fa4d1d180f0_0;  1 drivers
v0x7fa4d1d17d90_0 .net "scale_in", 1 0, v0x7fa4d1d181c0_0;  1 drivers
v0x7fa4d1d17e40_0 .net "vcount_in", 9 0, v0x7fa4d1d18270_0;  1 drivers
E_0x7fa4d1d17b20 .event edge, v0x7fa4d1d17d90_0, v0x7fa4d1d17cd0_0, v0x7fa4d1d17e40_0, v0x7fa4d1d17c20_0;
    .scope S_0x7fa4d1d178b0;
T_0 ;
Ewait_0 .event/or E_0x7fa4d1d17b20, E_0x0;
    %wait Ewait_0;
    %load/vec4 v0x7fa4d1d17d90_0;
    %cmpi/e 0, 0, 2;
    %jmp/0xz  T_0.0, 4;
    %load/vec4 v0x7fa4d1d17cd0_0;
    %pad/u 32;
    %cmpi/u 240, 0, 32;
    %flag_get/vec4 5;
    %load/vec4 v0x7fa4d1d17e40_0;
    %pad/u 32;
    %cmpi/u 320, 0, 32;
    %flag_get/vec4 5;
    %and;
    %flag_set/vec4 8;
    %jmp/0xz  T_0.2, 8;
    %load/vec4 v0x7fa4d1d17c20_0;
    %store/vec4 v0x7fa4d1d17b60_0, 0, 16;
    %jmp T_0.3;
T_0.2 ;
    %pushi/vec4 0, 0, 16;
    %store/vec4 v0x7fa4d1d17b60_0, 0, 16;
T_0.3 ;
    %jmp T_0.1;
T_0.0 ;
    %load/vec4 v0x7fa4d1d17d90_0;
    %cmpi/e 1, 0, 2;
    %jmp/0xz  T_0.4, 4;
    %load/vec4 v0x7fa4d1d17cd0_0;
    %pad/u 32;
    %cmpi/u 480, 0, 32;
    %flag_get/vec4 5;
    %load/vec4 v0x7fa4d1d17e40_0;
    %pad/u 32;
    %cmpi/u 640, 0, 32;
    %flag_get/vec4 5;
    %and;
    %flag_set/vec4 8;
    %jmp/0xz  T_0.6, 8;
    %load/vec4 v0x7fa4d1d17c20_0;
    %store/vec4 v0x7fa4d1d17b60_0, 0, 16;
    %jmp T_0.7;
T_0.6 ;
    %pushi/vec4 0, 0, 16;
    %store/vec4 v0x7fa4d1d17b60_0, 0, 16;
T_0.7 ;
    %jmp T_0.5;
T_0.4 ;
    %load/vec4 v0x7fa4d1d17d90_0;
    %cmpi/e 2, 0, 2;
    %jmp/0xz  T_0.8, 4;
    %load/vec4 v0x7fa4d1d17cd0_0;
    %pad/u 32;
    %cmpi/u 640, 0, 32;
    %flag_get/vec4 5;
    %load/vec4 v0x7fa4d1d17e40_0;
    %pad/u 32;
    %cmpi/u 853, 0, 32;
    %flag_get/vec4 5;
    %and;
    %flag_set/vec4 8;
    %jmp/0xz  T_0.10, 8;
    %load/vec4 v0x7fa4d1d17c20_0;
    %store/vec4 v0x7fa4d1d17b60_0, 0, 16;
    %jmp T_0.11;
T_0.10 ;
    %pushi/vec4 0, 0, 16;
    %store/vec4 v0x7fa4d1d17b60_0, 0, 16;
T_0.11 ;
    %jmp T_0.9;
T_0.8 ;
    %pushi/vec4 0, 0, 16;
    %store/vec4 v0x7fa4d1d17b60_0, 0, 16;
T_0.9 ;
T_0.5 ;
T_0.1 ;
    %jmp T_0;
    .thread T_0, $push;
    .scope S_0x7fa4d1d05460;
T_1 ;
    %vpi_call/w 3 20 "$display", "Starting Sim" {0 0 0};
    %vpi_call/w 3 21 "$dumpfile", "scale.vcd" {0 0 0};
    %vpi_call/w 3 22 "$dumpvars", 32'sb00000000000000000000000000000000, S_0x7fa4d1d05460 {0 0 0};
    %vpi_call/w 3 23 "$display", "Testing assorted values" {0 0 0};
    %fork t_1, S_0x7fa4d1d055d0;
    %jmp t_0;
    .scope S_0x7fa4d1d055d0;
t_1 ;
    %pushi/vec4 0, 0, 32;
    %store/vec4 v0x7fa4d1d15960_0, 0, 32;
T_1.0 ;
    %load/vec4 v0x7fa4d1d15960_0;
    %cmpi/s 1000, 0, 32;
    %jmp/0xz T_1.1, 5;
    %fork t_3, S_0x7fa4d1d05740;
    %jmp t_2;
    .scope S_0x7fa4d1d05740;
t_3 ;
    %pushi/vec4 0, 0, 32;
    %store/vec4 v0x7fa4d1d05900_0, 0, 32;
T_1.2 ;
    %load/vec4 v0x7fa4d1d05900_0;
    %cmpi/s 3, 0, 32;
    %jmp/0xz T_1.3, 5;
    %load/vec4 v0x7fa4d1d05900_0;
    %pad/s 2;
    %store/vec4 v0x7fa4d1d181c0_0, 0, 2;
    %load/vec4 v0x7fa4d1d15960_0;
    %addi 18, 0, 32;
    %pad/s 11;
    %store/vec4 v0x7fa4d1d180f0_0, 0, 11;
    %load/vec4 v0x7fa4d1d15960_0;
    %pushi/vec4 2, 0, 32;
    %div/s;
    %pad/s 10;
    %store/vec4 v0x7fa4d1d18270_0, 0, 10;
    %pushi/vec4 43409, 0, 16;
    %store/vec4 v0x7fa4d1d18060_0, 0, 16;
    %delay 10000, 0;
    %vpi_call/w 3 31 "$display", "hcount=%4d vcount= %3d scale=%2b frame=%16b cam=%16b", v0x7fa4d1d180f0_0, v0x7fa4d1d18270_0, v0x7fa4d1d181c0_0, v0x7fa4d1d18060_0, v0x7fa4d1d17fb0_0 {0 0 0};
    %load/vec4 v0x7fa4d1d05900_0;
    %addi 1, 0, 32;
    %cast2;
    %store/vec4 v0x7fa4d1d05900_0, 0, 32;
    %jmp T_1.2;
T_1.3 ;
    %end;
    .scope S_0x7fa4d1d055d0;
t_2 %join;
    %load/vec4 v0x7fa4d1d15960_0;
    %addi 50, 0, 32;
    %cast2;
    %store/vec4 v0x7fa4d1d15960_0, 0, 32;
    %jmp T_1.0;
T_1.1 ;
    %end;
    .scope S_0x7fa4d1d05460;
t_0 %join;
    %vpi_call/w 3 34 "$display", "Testing horizontal cutoffs" {0 0 0};
    %fork t_5, S_0x7fa4d1d16430;
    %jmp t_4;
    .scope S_0x7fa4d1d16430;
t_5 ;
    %pushi/vec4 238, 0, 32;
    %store/vec4 v0x7fa4d1d16880_0, 0, 32;
T_1.4 ;
    %load/vec4 v0x7fa4d1d16880_0;
    %cmpi/s 242, 0, 32;
    %jmp/0xz T_1.5, 5;
    %fork t_7, S_0x7fa4d1d165f0;
    %jmp t_6;
    .scope S_0x7fa4d1d165f0;
t_7 ;
    %pushi/vec4 0, 0, 32;
    %store/vec4 v0x7fa4d1d167c0_0, 0, 32;
T_1.6 ;
    %load/vec4 v0x7fa4d1d167c0_0;
    %cmpi/s 3, 0, 32;
    %jmp/0xz T_1.7, 5;
    %load/vec4 v0x7fa4d1d167c0_0;
    %pad/s 2;
    %store/vec4 v0x7fa4d1d181c0_0, 0, 2;
    %load/vec4 v0x7fa4d1d16880_0;
    %pad/s 11;
    %store/vec4 v0x7fa4d1d180f0_0, 0, 11;
    %pushi/vec4 120, 0, 10;
    %store/vec4 v0x7fa4d1d18270_0, 0, 10;
    %pushi/vec4 43409, 0, 16;
    %store/vec4 v0x7fa4d1d18060_0, 0, 16;
    %delay 10000, 0;
    %vpi_call/w 3 42 "$display", "hcount=%4d vcount= %3d scale=%2b frame=%16b cam=%16b", v0x7fa4d1d180f0_0, v0x7fa4d1d18270_0, v0x7fa4d1d181c0_0, v0x7fa4d1d18060_0, v0x7fa4d1d17fb0_0 {0 0 0};
    %load/vec4 v0x7fa4d1d167c0_0;
    %addi 1, 0, 32;
    %cast2;
    %store/vec4 v0x7fa4d1d167c0_0, 0, 32;
    %jmp T_1.6;
T_1.7 ;
    %end;
    .scope S_0x7fa4d1d16430;
t_6 %join;
    %load/vec4 v0x7fa4d1d16880_0;
    %addi 1, 0, 32;
    %cast2;
    %store/vec4 v0x7fa4d1d16880_0, 0, 32;
    %jmp T_1.4;
T_1.5 ;
    %end;
    .scope S_0x7fa4d1d05460;
t_4 %join;
    %fork t_9, S_0x7fa4d1d16940;
    %jmp t_8;
    .scope S_0x7fa4d1d16940;
t_9 ;
    %pushi/vec4 478, 0, 32;
    %store/vec4 v0x7fa4d1d16dd0_0, 0, 32;
T_1.8 ;
    %load/vec4 v0x7fa4d1d16dd0_0;
    %cmpi/s 482, 0, 32;
    %jmp/0xz T_1.9, 5;
    %fork t_11, S_0x7fa4d1d16b40;
    %jmp t_10;
    .scope S_0x7fa4d1d16b40;
t_11 ;
    %pushi/vec4 0, 0, 32;
    %store/vec4 v0x7fa4d1d16d10_0, 0, 32;
T_1.10 ;
    %load/vec4 v0x7fa4d1d16d10_0;
    %cmpi/s 3, 0, 32;
    %jmp/0xz T_1.11, 5;
    %load/vec4 v0x7fa4d1d16d10_0;
    %pad/s 2;
    %store/vec4 v0x7fa4d1d181c0_0, 0, 2;
    %load/vec4 v0x7fa4d1d16dd0_0;
    %pad/s 11;
    %store/vec4 v0x7fa4d1d180f0_0, 0, 11;
    %pushi/vec4 120, 0, 10;
    %store/vec4 v0x7fa4d1d18270_0, 0, 10;
    %pushi/vec4 43473, 0, 16;
    %store/vec4 v0x7fa4d1d18060_0, 0, 16;
    %delay 10000, 0;
    %vpi_call/w 3 52 "$display", "hcount=%4d vcount= %3d scale=%2b frame=%16b cam=%16b", v0x7fa4d1d180f0_0, v0x7fa4d1d18270_0, v0x7fa4d1d181c0_0, v0x7fa4d1d18060_0, v0x7fa4d1d17fb0_0 {0 0 0};
    %load/vec4 v0x7fa4d1d16d10_0;
    %addi 1, 0, 32;
    %cast2;
    %store/vec4 v0x7fa4d1d16d10_0, 0, 32;
    %jmp T_1.10;
T_1.11 ;
    %end;
    .scope S_0x7fa4d1d16940;
t_10 %join;
    %load/vec4 v0x7fa4d1d16dd0_0;
    %addi 1, 0, 32;
    %cast2;
    %store/vec4 v0x7fa4d1d16dd0_0, 0, 32;
    %jmp T_1.8;
T_1.9 ;
    %end;
    .scope S_0x7fa4d1d05460;
t_8 %join;
    %fork t_13, S_0x7fa4d1d16e90;
    %jmp t_12;
    .scope S_0x7fa4d1d16e90;
t_13 ;
    %pushi/vec4 638, 0, 32;
    %store/vec4 v0x7fa4d1d172e0_0, 0, 32;
T_1.12 ;
    %load/vec4 v0x7fa4d1d172e0_0;
    %cmpi/s 642, 0, 32;
    %jmp/0xz T_1.13, 5;
    %fork t_15, S_0x7fa4d1d17050;
    %jmp t_14;
    .scope S_0x7fa4d1d17050;
t_15 ;
    %pushi/vec4 0, 0, 32;
    %store/vec4 v0x7fa4d1d17220_0, 0, 32;
T_1.14 ;
    %load/vec4 v0x7fa4d1d17220_0;
    %cmpi/s 3, 0, 32;
    %jmp/0xz T_1.15, 5;
    %load/vec4 v0x7fa4d1d17220_0;
    %pad/s 2;
    %store/vec4 v0x7fa4d1d181c0_0, 0, 2;
    %load/vec4 v0x7fa4d1d172e0_0;
    %pad/s 11;
    %store/vec4 v0x7fa4d1d180f0_0, 0, 11;
    %pushi/vec4 120, 0, 10;
    %store/vec4 v0x7fa4d1d18270_0, 0, 10;
    %pushi/vec4 59793, 0, 16;
    %store/vec4 v0x7fa4d1d18060_0, 0, 16;
    %delay 10000, 0;
    %vpi_call/w 3 62 "$display", "hcount=%4d vcount= %3d scale=%2b frame=%16b cam=%16b", v0x7fa4d1d180f0_0, v0x7fa4d1d18270_0, v0x7fa4d1d181c0_0, v0x7fa4d1d18060_0, v0x7fa4d1d17fb0_0 {0 0 0};
    %load/vec4 v0x7fa4d1d17220_0;
    %addi 1, 0, 32;
    %cast2;
    %store/vec4 v0x7fa4d1d17220_0, 0, 32;
    %jmp T_1.14;
T_1.15 ;
    %end;
    .scope S_0x7fa4d1d16e90;
t_14 %join;
    %load/vec4 v0x7fa4d1d172e0_0;
    %addi 1, 0, 32;
    %cast2;
    %store/vec4 v0x7fa4d1d172e0_0, 0, 32;
    %jmp T_1.12;
T_1.13 ;
    %end;
    .scope S_0x7fa4d1d05460;
t_12 %join;
    %vpi_call/w 3 65 "$display", "Testing vertical cutoffs" {0 0 0};
    %fork t_17, S_0x7fa4d1d173a0;
    %jmp t_16;
    .scope S_0x7fa4d1d173a0;
t_17 ;
    %pushi/vec4 318, 0, 32;
    %store/vec4 v0x7fa4d1d177f0_0, 0, 32;
T_1.16 ;
    %load/vec4 v0x7fa4d1d177f0_0;
    %cmpi/s 322, 0, 32;
    %jmp/0xz T_1.17, 5;
    %fork t_19, S_0x7fa4d1d17560;
    %jmp t_18;
    .scope S_0x7fa4d1d17560;
t_19 ;
    %pushi/vec4 0, 0, 32;
    %store/vec4 v0x7fa4d1d17730_0, 0, 32;
T_1.18 ;
    %load/vec4 v0x7fa4d1d17730_0;
    %cmpi/s 3, 0, 32;
    %jmp/0xz T_1.19, 5;
    %load/vec4 v0x7fa4d1d17730_0;
    %pad/s 2;
    %store/vec4 v0x7fa4d1d181c0_0, 0, 2;
    %pushi/vec4 19, 0, 11;
    %store/vec4 v0x7fa4d1d180f0_0, 0, 11;
    %load/vec4 v0x7fa4d1d177f0_0;
    %pad/s 10;
    %store/vec4 v0x7fa4d1d18270_0, 0, 10;
    %pushi/vec4 43413, 0, 16;
    %store/vec4 v0x7fa4d1d18060_0, 0, 16;
    %delay 10000, 0;
    %vpi_call/w 3 73 "$display", "hcount=%4d vcount= %3d scale=%2b frame=%16b cam=%16b", v0x7fa4d1d180f0_0, v0x7fa4d1d18270_0, v0x7fa4d1d181c0_0, v0x7fa4d1d18060_0, v0x7fa4d1d17fb0_0 {0 0 0};
    %load/vec4 v0x7fa4d1d17730_0;
    %addi 1, 0, 32;
    %cast2;
    %store/vec4 v0x7fa4d1d17730_0, 0, 32;
    %jmp T_1.18;
T_1.19 ;
    %end;
    .scope S_0x7fa4d1d173a0;
t_18 %join;
    %load/vec4 v0x7fa4d1d177f0_0;
    %addi 1, 0, 32;
    %cast2;
    %store/vec4 v0x7fa4d1d177f0_0, 0, 32;
    %jmp T_1.16;
T_1.17 ;
    %end;
    .scope S_0x7fa4d1d05460;
t_16 %join;
    %fork t_21, S_0x7fa4d1d15a20;
    %jmp t_20;
    .scope S_0x7fa4d1d15a20;
t_21 ;
    %pushi/vec4 638, 0, 32;
    %store/vec4 v0x7fa4d1d15e50_0, 0, 32;
T_1.20 ;
    %load/vec4 v0x7fa4d1d15e50_0;
    %cmpi/s 642, 0, 32;
    %jmp/0xz T_1.21, 5;
    %fork t_23, S_0x7fa4d1d15bf0;
    %jmp t_22;
    .scope S_0x7fa4d1d15bf0;
t_23 ;
    %pushi/vec4 0, 0, 32;
    %store/vec4 v0x7fa4d1d15db0_0, 0, 32;
T_1.22 ;
    %load/vec4 v0x7fa4d1d15db0_0;
    %cmpi/s 3, 0, 32;
    %jmp/0xz T_1.23, 5;
    %load/vec4 v0x7fa4d1d15db0_0;
    %pad/s 2;
    %store/vec4 v0x7fa4d1d181c0_0, 0, 2;
    %pushi/vec4 19, 0, 11;
    %store/vec4 v0x7fa4d1d180f0_0, 0, 11;
    %load/vec4 v0x7fa4d1d15e50_0;
    %pad/s 10;
    %store/vec4 v0x7fa4d1d18270_0, 0, 10;
    %pushi/vec4 43473, 0, 16;
    %store/vec4 v0x7fa4d1d18060_0, 0, 16;
    %delay 10000, 0;
    %vpi_call/w 3 83 "$display", "hcount=%4d vcount= %3d scale=%2b frame=%16b cam=%16b", v0x7fa4d1d180f0_0, v0x7fa4d1d18270_0, v0x7fa4d1d181c0_0, v0x7fa4d1d18060_0, v0x7fa4d1d17fb0_0 {0 0 0};
    %load/vec4 v0x7fa4d1d15db0_0;
    %addi 1, 0, 32;
    %cast2;
    %store/vec4 v0x7fa4d1d15db0_0, 0, 32;
    %jmp T_1.22;
T_1.23 ;
    %end;
    .scope S_0x7fa4d1d15a20;
t_22 %join;
    %load/vec4 v0x7fa4d1d15e50_0;
    %addi 1, 0, 32;
    %cast2;
    %store/vec4 v0x7fa4d1d15e50_0, 0, 32;
    %jmp T_1.20;
T_1.21 ;
    %end;
    .scope S_0x7fa4d1d05460;
t_20 %join;
    %fork t_25, S_0x7fa4d1d15f10;
    %jmp t_24;
    .scope S_0x7fa4d1d15f10;
t_25 ;
    %pushi/vec4 851, 0, 32;
    %store/vec4 v0x7fa4d1d16370_0, 0, 32;
T_1.24 ;
    %load/vec4 v0x7fa4d1d16370_0;
    %cmpi/s 855, 0, 32;
    %jmp/0xz T_1.25, 5;
    %fork t_27, S_0x7fa4d1d160f0;
    %jmp t_26;
    .scope S_0x7fa4d1d160f0;
t_27 ;
    %pushi/vec4 0, 0, 32;
    %store/vec4 v0x7fa4d1d162b0_0, 0, 32;
T_1.26 ;
    %load/vec4 v0x7fa4d1d162b0_0;
    %cmpi/s 3, 0, 32;
    %jmp/0xz T_1.27, 5;
    %load/vec4 v0x7fa4d1d162b0_0;
    %pad/s 2;
    %store/vec4 v0x7fa4d1d181c0_0, 0, 2;
    %pushi/vec4 19, 0, 11;
    %store/vec4 v0x7fa4d1d180f0_0, 0, 11;
    %load/vec4 v0x7fa4d1d16370_0;
    %pad/s 10;
    %store/vec4 v0x7fa4d1d18270_0, 0, 10;
    %pushi/vec4 59793, 0, 16;
    %store/vec4 v0x7fa4d1d18060_0, 0, 16;
    %delay 10000, 0;
    %vpi_call/w 3 93 "$display", "hcount=%4d vcount= %3d scale=%2b frame=%16b cam=%16b", v0x7fa4d1d180f0_0, v0x7fa4d1d18270_0, v0x7fa4d1d181c0_0, v0x7fa4d1d18060_0, v0x7fa4d1d17fb0_0 {0 0 0};
    %load/vec4 v0x7fa4d1d162b0_0;
    %addi 1, 0, 32;
    %cast2;
    %store/vec4 v0x7fa4d1d162b0_0, 0, 32;
    %jmp T_1.26;
T_1.27 ;
    %end;
    .scope S_0x7fa4d1d15f10;
t_26 %join;
    %load/vec4 v0x7fa4d1d16370_0;
    %addi 1, 0, 32;
    %cast2;
    %store/vec4 v0x7fa4d1d16370_0, 0, 32;
    %jmp T_1.24;
T_1.25 ;
    %end;
    .scope S_0x7fa4d1d05460;
t_24 %join;
    %vpi_call/w 3 96 "$display", "Finishing Sim" {0 0 0};
    %vpi_call/w 3 97 "$finish" {0 0 0};
    %end;
    .thread T_1;
# The file index is used to find the file name in the following table.
:file_names 5;
    "N/A";
    "<interactive>";
    "-";
    "sim/scale_tb.sv";
    "src/scale.sv";
