#! /usr/local/Cellar/icarus-verilog/11.0/bin/vvp
:ivl_version "11.0 (stable)";
:ivl_delay_selection "TYPICAL";
:vpi_time_precision - 12;
:vpi_module "/usr/local/Cellar/icarus-verilog/11.0/lib/ivl/system.vpi";
:vpi_module "/usr/local/Cellar/icarus-verilog/11.0/lib/ivl/vhdl_sys.vpi";
:vpi_module "/usr/local/Cellar/icarus-verilog/11.0/lib/ivl/vhdl_textio.vpi";
:vpi_module "/usr/local/Cellar/icarus-verilog/11.0/lib/ivl/v2005_math.vpi";
:vpi_module "/usr/local/Cellar/icarus-verilog/11.0/lib/ivl/va_math.vpi";
:vpi_module "/usr/local/Cellar/icarus-verilog/11.0/lib/ivl/v2009.vpi";
S_0x7fa57d204080 .scope package, "$unit" "$unit" 2 1;
 .timescale 0 0;
S_0x7fa57d2041f0 .scope module, "frame_packager" "frame_packager" 3 4;
 .timescale -9 -12;
    .port_info 0 /INPUT 1 "clk";
    .port_info 1 /INPUT 1 "rst";
    .port_info 2 /INPUT 1 "addr_axiiv";
    .port_info 3 /INPUT 24 "addr_axiid";
    .port_info 4 /INPUT 1 "pixel_axiiv";
    .port_info 5 /INPUT 8 "pixel_axiid";
    .port_info 6 /OUTPUT 1 "axiov";
    .port_info 7 /OUTPUT 17 "addr_axiod";
    .port_info 8 /OUTPUT 8 "pixel_axiod";
o0x7fa57d032008 .functor BUFZ 24, C4<zzzzzzzzzzzzzzzzzzzzzzzz>; HiZ drive
v0x600001094000_0 .net "addr_axiid", 23 0, o0x7fa57d032008;  0 drivers
o0x7fa57d032038 .functor BUFZ 1, C4<z>; HiZ drive
v0x600001094090_0 .net "addr_axiiv", 0 0, o0x7fa57d032038;  0 drivers
v0x600001094120_0 .var "addr_axiod", 16 0;
v0x6000010941b0_0 .var "axiov", 0 0;
o0x7fa57d0320c8 .functor BUFZ 1, C4<z>; HiZ drive
v0x600001094240_0 .net "clk", 0 0, o0x7fa57d0320c8;  0 drivers
o0x7fa57d0320f8 .functor BUFZ 8, C4<zzzzzzzz>; HiZ drive
v0x6000010942d0_0 .net "pixel_axiid", 7 0, o0x7fa57d0320f8;  0 drivers
o0x7fa57d032128 .functor BUFZ 1, C4<z>; HiZ drive
v0x600001094360_0 .net "pixel_axiiv", 0 0, o0x7fa57d032128;  0 drivers
v0x6000010943f0_0 .var "pixel_axiod", 7 0;
o0x7fa57d032188 .functor BUFZ 1, C4<z>; HiZ drive
v0x600001094480_0 .net "rst", 0 0, o0x7fa57d032188;  0 drivers
E_0x600002c975d0 .event posedge, v0x600001094240_0;
S_0x7fa57d204360 .scope module, "image_audio_splitter_tb" "image_audio_splitter_tb" 4 3;
 .timescale -9 -12;
v0x600001095050_0 .net "addr", 23 0, v0x600001094900_0;  1 drivers
v0x6000010950e0_0 .net "addr_axiov", 0 0, v0x600001094990_0;  1 drivers
v0x600001095170_0 .net "audio", 7 0, v0x600001094a20_0;  1 drivers
v0x600001095200_0 .net "audio_axiov", 0 0, v0x600001094ab0_0;  1 drivers
v0x600001095290_0 .var "axiid", 1 0;
v0x600001095320_0 .var "axiiv", 0 0;
v0x6000010953b0_0 .var "clk", 0 0;
v0x600001095440_0 .net "pixel", 7 0, v0x600001094e10_0;  1 drivers
v0x6000010954d0_0 .net "pixel_axiov", 0 0, v0x600001094ea0_0;  1 drivers
v0x600001095560_0 .var "rst", 0 0;
S_0x7fa57d2044d0 .scope begin, "$ivl_for_loop0" "$ivl_for_loop0" 4 51, 4 51 0, S_0x7fa57d204360;
 .timescale -9 -12;
v0x600001094510_0 .var/2s "i", 31 0;
S_0x7fa57d204640 .scope begin, "$ivl_for_loop1" "$ivl_for_loop1" 4 58, 4 58 0, S_0x7fa57d204360;
 .timescale -9 -12;
v0x6000010945a0_0 .var/2s "i", 31 0;
S_0x7fa57d2047b0 .scope begin, "$ivl_for_loop2" "$ivl_for_loop2" 4 63, 4 63 0, S_0x7fa57d204360;
 .timescale -9 -12;
v0x600001094630_0 .var/2s "i", 31 0;
S_0x7fa57d204920 .scope begin, "$ivl_for_loop3" "$ivl_for_loop3" 4 76, 4 76 0, S_0x7fa57d204360;
 .timescale -9 -12;
v0x6000010946c0_0 .var/2s "i", 31 0;
S_0x7fa57d204a90 .scope begin, "$ivl_for_loop4" "$ivl_for_loop4" 4 81, 4 81 0, S_0x7fa57d204360;
 .timescale -9 -12;
v0x600001094750_0 .var/2s "i", 31 0;
S_0x7fa57d204c00 .scope begin, "$ivl_for_loop5" "$ivl_for_loop5" 4 88, 4 88 0, S_0x7fa57d204360;
 .timescale -9 -12;
v0x6000010947e0_0 .var/2s "i", 31 0;
S_0x7fa57d204d70 .scope begin, "$ivl_for_loop6" "$ivl_for_loop6" 4 93, 4 93 0, S_0x7fa57d204360;
 .timescale -9 -12;
v0x600001094870_0 .var/2s "i", 31 0;
S_0x7fa57d204ee0 .scope module, "image_audio_splitter" "image_audio_splitter" 4 18, 5 4 0, S_0x7fa57d204360;
 .timescale -9 -12;
    .port_info 0 /INPUT 1 "clk";
    .port_info 1 /INPUT 1 "rst";
    .port_info 2 /INPUT 1 "axiiv";
    .port_info 3 /INPUT 2 "axiid";
    .port_info 4 /OUTPUT 1 "addr_axiov";
    .port_info 5 /OUTPUT 1 "pixel_axiov";
    .port_info 6 /OUTPUT 1 "audio_axiov";
    .port_info 7 /OUTPUT 24 "addr";
    .port_info 8 /OUTPUT 8 "pixel";
    .port_info 9 /OUTPUT 8 "audio";
enum0x600001090000 .enum2/s (32)
   "Idle" 0,
   "RecieveAddr" 1,
   "RecievePixels" 2,
   "RecieveAudio" 3
 ;
v0x600001094900_0 .var "addr", 23 0;
v0x600001094990_0 .var "addr_axiov", 0 0;
v0x600001094a20_0 .var "audio", 7 0;
v0x600001094ab0_0 .var "audio_axiov", 0 0;
v0x600001094b40_0 .net "axiid", 1 0, v0x600001095290_0;  1 drivers
v0x600001094bd0_0 .net "axiiv", 0 0, v0x600001095320_0;  1 drivers
v0x600001094c60_0 .var "byte_bit_counter", 2 0;
v0x600001094cf0_0 .net "clk", 0 0, v0x6000010953b0_0;  1 drivers
v0x600001094d80_0 .var "output_counter", 8 0;
v0x600001094e10_0 .var "pixel", 7 0;
v0x600001094ea0_0 .var "pixel_axiov", 0 0;
v0x600001094f30_0 .net "rst", 0 0, v0x600001095560_0;  1 drivers
v0x600001094fc0_0 .var "state", 1 0;
E_0x600002c97450 .event posedge, v0x600001094cf0_0;
    .scope S_0x7fa57d2041f0;
T_0 ;
    %wait E_0x600002c975d0;
    %load/vec4 v0x600001094480_0;
    %flag_set/vec4 8;
    %jmp/0xz  T_0.0, 8;
    %pushi/vec4 0, 0, 1;
    %assign/vec4 v0x6000010941b0_0, 0;
    %pushi/vec4 0, 0, 17;
    %assign/vec4 v0x600001094120_0, 0;
    %pushi/vec4 0, 0, 8;
    %assign/vec4 v0x6000010943f0_0, 0;
    %jmp T_0.1;
T_0.0 ;
    %load/vec4 v0x600001094090_0;
    %flag_set/vec4 8;
    %jmp/0xz  T_0.2, 8;
    %load/vec4 v0x600001094000_0;
    %parti/s 17, 0, 2;
    %assign/vec4 v0x600001094120_0, 0;
    %jmp T_0.3;
T_0.2 ;
    %load/vec4 v0x600001094360_0;
    %flag_set/vec4 8;
    %jmp/0xz  T_0.4, 8;
    %load/vec4 v0x600001094120_0;
    %addi 1, 0, 17;
    %assign/vec4 v0x600001094120_0, 0;
T_0.4 ;
T_0.3 ;
    %load/vec4 v0x600001094360_0;
    %flag_set/vec4 8;
    %jmp/0xz  T_0.6, 8;
    %load/vec4 v0x6000010942d0_0;
    %assign/vec4 v0x6000010943f0_0, 0;
    %pushi/vec4 1, 0, 1;
    %assign/vec4 v0x6000010941b0_0, 0;
    %jmp T_0.7;
T_0.6 ;
    %pushi/vec4 0, 0, 1;
    %assign/vec4 v0x6000010941b0_0, 0;
T_0.7 ;
T_0.1 ;
    %jmp T_0;
    .thread T_0;
    .scope S_0x7fa57d204ee0;
T_1 ;
    %wait E_0x600002c97450;
    %load/vec4 v0x600001094f30_0;
    %flag_set/vec4 8;
    %jmp/0xz  T_1.0, 8;
    %pushi/vec4 1, 0, 2;
    %assign/vec4 v0x600001094fc0_0, 0;
    %pushi/vec4 0, 0, 9;
    %assign/vec4 v0x600001094d80_0, 0;
    %pushi/vec4 0, 0, 3;
    %assign/vec4 v0x600001094c60_0, 0;
    %pushi/vec4 0, 0, 24;
    %assign/vec4 v0x600001094900_0, 0;
    %pushi/vec4 0, 0, 8;
    %assign/vec4 v0x600001094e10_0, 0;
    %pushi/vec4 0, 0, 8;
    %assign/vec4 v0x600001094a20_0, 0;
    %pushi/vec4 0, 0, 1;
    %assign/vec4 v0x600001094990_0, 0;
    %pushi/vec4 0, 0, 1;
    %assign/vec4 v0x600001094ea0_0, 0;
    %pushi/vec4 0, 0, 1;
    %assign/vec4 v0x600001094ab0_0, 0;
    %jmp T_1.1;
T_1.0 ;
    %load/vec4 v0x600001094bd0_0;
    %flag_set/vec4 8;
    %jmp/0xz  T_1.2, 8;
    %load/vec4 v0x600001094c60_0;
    %pad/u 32;
    %cmpi/e 6, 0, 32;
    %jmp/0xz  T_1.4, 4;
    %pushi/vec4 0, 0, 3;
    %assign/vec4 v0x600001094c60_0, 0;
    %jmp T_1.5;
T_1.4 ;
    %load/vec4 v0x600001094c60_0;
    %addi 2, 0, 3;
    %assign/vec4 v0x600001094c60_0, 0;
T_1.5 ;
    %load/vec4 v0x600001094fc0_0;
    %dup/vec4;
    %pushi/vec4 1, 0, 2;
    %cmp/u;
    %jmp/1 T_1.6, 6;
    %dup/vec4;
    %pushi/vec4 2, 0, 2;
    %cmp/u;
    %jmp/1 T_1.7, 6;
    %dup/vec4;
    %pushi/vec4 3, 0, 2;
    %cmp/u;
    %jmp/1 T_1.8, 6;
    %jmp T_1.9;
T_1.6 ;
    %load/vec4 v0x600001094d80_0;
    %pad/u 32;
    %cmpi/u 6, 0, 32;
    %flag_or 5, 4;
    %jmp/0xz  T_1.10, 5;
    %load/vec4 v0x600001094b40_0;
    %parti/s 1, 1, 2;
    %ix/load 5, 0, 0;
    %pushi/vec4 17, 0, 32;
    %load/vec4 v0x600001094c60_0;
    %pad/u 32;
    %add;
    %ix/vec4 4;
    %assign/vec4/off/d v0x600001094900_0, 4, 5;
    %load/vec4 v0x600001094b40_0;
    %parti/s 1, 0, 2;
    %ix/load 5, 0, 0;
    %pushi/vec4 16, 0, 32;
    %load/vec4 v0x600001094c60_0;
    %pad/u 32;
    %add;
    %ix/vec4 4;
    %assign/vec4/off/d v0x600001094900_0, 4, 5;
    %jmp T_1.11;
T_1.10 ;
    %load/vec4 v0x600001094d80_0;
    %pad/u 32;
    %cmpi/u 14, 0, 32;
    %flag_or 5, 4;
    %jmp/0xz  T_1.12, 5;
    %load/vec4 v0x600001094b40_0;
    %parti/s 1, 1, 2;
    %ix/load 5, 0, 0;
    %pushi/vec4 9, 0, 32;
    %load/vec4 v0x600001094c60_0;
    %pad/u 32;
    %add;
    %ix/vec4 4;
    %assign/vec4/off/d v0x600001094900_0, 4, 5;
    %load/vec4 v0x600001094b40_0;
    %parti/s 1, 0, 2;
    %ix/load 5, 0, 0;
    %pushi/vec4 8, 0, 32;
    %load/vec4 v0x600001094c60_0;
    %pad/u 32;
    %add;
    %ix/vec4 4;
    %assign/vec4/off/d v0x600001094900_0, 4, 5;
    %jmp T_1.13;
T_1.12 ;
    %load/vec4 v0x600001094d80_0;
    %pad/u 32;
    %cmpi/u 22, 0, 32;
    %flag_or 5, 4;
    %jmp/0xz  T_1.14, 5;
    %load/vec4 v0x600001094b40_0;
    %parti/s 1, 1, 2;
    %ix/load 5, 0, 0;
    %pushi/vec4 1, 0, 32;
    %load/vec4 v0x600001094c60_0;
    %pad/u 32;
    %add;
    %ix/vec4 4;
    %assign/vec4/off/d v0x600001094900_0, 4, 5;
    %load/vec4 v0x600001094b40_0;
    %parti/s 1, 0, 2;
    %ix/load 5, 0, 0;
    %ix/getv 4, v0x600001094c60_0;
    %assign/vec4/off/d v0x600001094900_0, 4, 5;
T_1.14 ;
T_1.13 ;
T_1.11 ;
    %load/vec4 v0x600001094d80_0;
    %pad/u 32;
    %cmpi/u 22, 0, 32;
    %jmp/0xz  T_1.16, 5;
    %load/vec4 v0x600001094d80_0;
    %addi 2, 0, 9;
    %assign/vec4 v0x600001094d80_0, 0;
    %jmp T_1.17;
T_1.16 ;
    %pushi/vec4 1, 0, 1;
    %assign/vec4 v0x600001094990_0, 0;
    %pushi/vec4 0, 0, 9;
    %assign/vec4 v0x600001094d80_0, 0;
    %pushi/vec4 2, 0, 2;
    %assign/vec4 v0x600001094fc0_0, 0;
T_1.17 ;
    %jmp T_1.9;
T_1.7 ;
    %pushi/vec4 0, 0, 1;
    %assign/vec4 v0x600001094990_0, 0;
    %load/vec4 v0x600001094c60_0;
    %pad/u 32;
    %cmpi/e 6, 0, 32;
    %jmp/0xz  T_1.18, 4;
    %pushi/vec4 1, 0, 1;
    %assign/vec4 v0x600001094ea0_0, 0;
    %jmp T_1.19;
T_1.18 ;
    %pushi/vec4 0, 0, 1;
    %assign/vec4 v0x600001094ea0_0, 0;
T_1.19 ;
    %load/vec4 v0x600001094b40_0;
    %load/vec4 v0x600001094e10_0;
    %parti/s 6, 2, 3;
    %concat/vec4; draw_concat_vec4
    %assign/vec4 v0x600001094e10_0, 0;
    %load/vec4 v0x600001094d80_0;
    %pad/u 32;
    %cmpi/u 320, 0, 32;
    %jmp/0xz  T_1.20, 5;
    %load/vec4 v0x600001094d80_0;
    %addi 1, 0, 9;
    %assign/vec4 v0x600001094d80_0, 0;
    %jmp T_1.21;
T_1.20 ;
    %pushi/vec4 0, 0, 9;
    %assign/vec4 v0x600001094d80_0, 0;
    %pushi/vec4 3, 0, 2;
    %assign/vec4 v0x600001094fc0_0, 0;
T_1.21 ;
    %jmp T_1.9;
T_1.8 ;
    %pushi/vec4 0, 0, 1;
    %assign/vec4 v0x600001094990_0, 0;
    %pushi/vec4 0, 0, 1;
    %assign/vec4 v0x600001094ea0_0, 0;
    %load/vec4 v0x600001094c60_0;
    %pad/u 32;
    %cmpi/e 6, 0, 32;
    %jmp/0xz  T_1.22, 4;
    %pushi/vec4 1, 0, 1;
    %assign/vec4 v0x600001094ab0_0, 0;
    %jmp T_1.23;
T_1.22 ;
    %pushi/vec4 0, 0, 1;
    %assign/vec4 v0x600001094ab0_0, 0;
T_1.23 ;
    %load/vec4 v0x600001094b40_0;
    %load/vec4 v0x600001094a20_0;
    %parti/s 6, 2, 3;
    %concat/vec4; draw_concat_vec4
    %assign/vec4 v0x600001094a20_0, 0;
    %jmp T_1.9;
T_1.9 ;
    %pop/vec4 1;
    %jmp T_1.3;
T_1.2 ;
    %pushi/vec4 1, 0, 2;
    %assign/vec4 v0x600001094fc0_0, 0;
    %pushi/vec4 0, 0, 9;
    %assign/vec4 v0x600001094d80_0, 0;
    %pushi/vec4 0, 0, 3;
    %assign/vec4 v0x600001094c60_0, 0;
    %pushi/vec4 0, 0, 8;
    %assign/vec4 v0x600001094e10_0, 0;
    %pushi/vec4 0, 0, 8;
    %assign/vec4 v0x600001094a20_0, 0;
    %pushi/vec4 0, 0, 1;
    %assign/vec4 v0x600001094990_0, 0;
    %vpi_call/w 5 96 "$display", "setting pixel_axiov to 0" {0 0 0};
    %pushi/vec4 0, 0, 1;
    %assign/vec4 v0x600001094ea0_0, 0;
    %pushi/vec4 0, 0, 1;
    %assign/vec4 v0x600001094ab0_0, 0;
T_1.3 ;
T_1.1 ;
    %jmp T_1;
    .thread T_1;
    .scope S_0x7fa57d204360;
T_2 ;
    %delay 10000, 0;
    %load/vec4 v0x6000010953b0_0;
    %nor/r;
    %store/vec4 v0x6000010953b0_0, 0, 1;
    %jmp T_2;
    .thread T_2;
    .scope S_0x7fa57d204360;
T_3 ;
    %vpi_call/w 4 39 "$dumpfile", "obj/image_audio_splitter.vcd" {0 0 0};
    %vpi_call/w 4 40 "$dumpvars", 32'sb00000000000000000000000000000000, S_0x7fa57d204360 {0 0 0};
    %vpi_call/w 4 41 "$display", "Starting Sim" {0 0 0};
    %pushi/vec4 0, 0, 1;
    %store/vec4 v0x6000010953b0_0, 0, 1;
    %pushi/vec4 0, 0, 1;
    %store/vec4 v0x600001095560_0, 0, 1;
    %delay 20000, 0;
    %pushi/vec4 1, 0, 1;
    %store/vec4 v0x600001095560_0, 0, 1;
    %delay 20000, 0;
    %pushi/vec4 0, 0, 1;
    %store/vec4 v0x600001095560_0, 0, 1;
    %delay 10000, 0;
    %fork t_1, S_0x7fa57d2044d0;
    %jmp t_0;
    .scope S_0x7fa57d2044d0;
t_1 ;
    %pushi/vec4 0, 0, 32;
    %store/vec4 v0x600001094510_0, 0, 32;
T_3.0 ;
    %load/vec4 v0x600001094510_0;
    %cmpi/s 12, 0, 32;
    %jmp/0xz T_3.1, 5;
    %pushi/vec4 1, 0, 1;
    %store/vec4 v0x600001095320_0, 0, 1;
    %pushi/vec4 1, 0, 2;
    %store/vec4 v0x600001095290_0, 0, 2;
    %delay 20000, 0;
    %load/vec4 v0x600001094510_0;
    %addi 1, 0, 32;
    %cast2;
    %store/vec4 v0x600001094510_0, 0, 32;
    %jmp T_3.0;
T_3.1 ;
    %end;
    .scope S_0x7fa57d204360;
t_0 %join;
    %load/vec4 v0x6000010950e0_0;
    %nor/r;
    %flag_set/vec4 8;
    %load/vec4 v0x600001095050_0;
    %cmpi/ne 5592405, 0, 24;
    %flag_or 4, 8;
    %jmp/0xz  T_3.2, 4;
    %vpi_call/w 4 56 "$display", "Test1: Error in addr" {0 0 0};
    %jmp T_3.3;
T_3.2 ;
    %vpi_call/w 4 57 "$display", "Test1: addr looks good!" {0 0 0};
T_3.3 ;
    %fork t_3, S_0x7fa57d204640;
    %jmp t_2;
    .scope S_0x7fa57d204640;
t_3 ;
    %pushi/vec4 0, 0, 32;
    %store/vec4 v0x6000010945a0_0, 0, 32;
T_3.4 ;
    %load/vec4 v0x6000010945a0_0;
    %cmpi/s 4, 0, 32;
    %jmp/0xz T_3.5, 5;
    %pushi/vec4 1, 0, 1;
    %store/vec4 v0x600001095320_0, 0, 1;
    %load/vec4 v0x6000010945a0_0;
    %pad/s 2;
    %store/vec4 v0x600001095290_0, 0, 2;
    %delay 20000, 0;
    %load/vec4 v0x6000010945a0_0;
    %addi 1, 0, 32;
    %cast2;
    %store/vec4 v0x6000010945a0_0, 0, 32;
    %jmp T_3.4;
T_3.5 ;
    %end;
    .scope S_0x7fa57d204360;
t_2 %join;
    %fork t_5, S_0x7fa57d2047b0;
    %jmp t_4;
    .scope S_0x7fa57d2047b0;
t_5 ;
    %pushi/vec4 0, 0, 32;
    %store/vec4 v0x600001094630_0, 0, 32;
T_3.6 ;
    %load/vec4 v0x600001094630_0;
    %cmpi/s 4, 0, 32;
    %jmp/0xz T_3.7, 5;
    %pushi/vec4 1, 0, 1;
    %store/vec4 v0x600001095320_0, 0, 1;
    %load/vec4 v0x600001094630_0;
    %pad/s 2;
    %store/vec4 v0x600001095290_0, 0, 2;
    %delay 20000, 0;
    %load/vec4 v0x600001094630_0;
    %addi 1, 0, 32;
    %cast2;
    %store/vec4 v0x600001094630_0, 0, 32;
    %jmp T_3.6;
T_3.7 ;
    %end;
    .scope S_0x7fa57d204360;
t_4 %join;
    %load/vec4 v0x6000010954d0_0;
    %nor/r;
    %flag_set/vec4 8;
    %load/vec4 v0x600001095440_0;
    %cmpi/ne 228, 0, 8;
    %flag_or 4, 8;
    %jmp/0xz  T_3.8, 4;
    %vpi_call/w 4 68 "$display", "Test2: Error in pixel" {0 0 0};
    %jmp T_3.9;
T_3.8 ;
    %vpi_call/w 4 69 "$display", "Test2: pixel looks good!" {0 0 0};
T_3.9 ;
    %pushi/vec4 1, 0, 1;
    %store/vec4 v0x600001095560_0, 0, 1;
    %delay 20000, 0;
    %pushi/vec4 0, 0, 1;
    %store/vec4 v0x600001095560_0, 0, 1;
    %fork t_7, S_0x7fa57d204920;
    %jmp t_6;
    .scope S_0x7fa57d204920;
t_7 ;
    %pushi/vec4 0, 0, 32;
    %store/vec4 v0x6000010946c0_0, 0, 32;
T_3.10 ;
    %load/vec4 v0x6000010946c0_0;
    %cmpi/s 12, 0, 32;
    %jmp/0xz T_3.11, 5;
    %pushi/vec4 1, 0, 1;
    %store/vec4 v0x600001095320_0, 0, 1;
    %pushi/vec4 1, 0, 2;
    %store/vec4 v0x600001095290_0, 0, 2;
    %delay 20000, 0;
    %load/vec4 v0x6000010946c0_0;
    %addi 1, 0, 32;
    %cast2;
    %store/vec4 v0x6000010946c0_0, 0, 32;
    %jmp T_3.10;
T_3.11 ;
    %end;
    .scope S_0x7fa57d204360;
t_6 %join;
    %fork t_9, S_0x7fa57d204a90;
    %jmp t_8;
    .scope S_0x7fa57d204a90;
t_9 ;
    %pushi/vec4 0, 0, 32;
    %store/vec4 v0x600001094750_0, 0, 32;
T_3.12 ;
    %load/vec4 v0x600001094750_0;
    %cmpi/s 7, 0, 32;
    %jmp/0xz T_3.13, 5;
    %pushi/vec4 1, 0, 1;
    %store/vec4 v0x600001095320_0, 0, 1;
    %load/vec4 v0x600001094750_0;
    %pad/s 2;
    %store/vec4 v0x600001095290_0, 0, 2;
    %delay 20000, 0;
    %load/vec4 v0x600001094750_0;
    %addi 1, 0, 32;
    %cast2;
    %store/vec4 v0x600001094750_0, 0, 32;
    %jmp T_3.12;
T_3.13 ;
    %end;
    .scope S_0x7fa57d204360;
t_8 %join;
    %pushi/vec4 0, 0, 1;
    %store/vec4 v0x600001095320_0, 0, 1;
    %delay 20000, 0;
    %fork t_11, S_0x7fa57d204c00;
    %jmp t_10;
    .scope S_0x7fa57d204c00;
t_11 ;
    %pushi/vec4 0, 0, 32;
    %store/vec4 v0x6000010947e0_0, 0, 32;
T_3.14 ;
    %load/vec4 v0x6000010947e0_0;
    %cmpi/s 12, 0, 32;
    %jmp/0xz T_3.15, 5;
    %pushi/vec4 1, 0, 1;
    %store/vec4 v0x600001095320_0, 0, 1;
    %pushi/vec4 2, 0, 2;
    %store/vec4 v0x600001095290_0, 0, 2;
    %delay 20000, 0;
    %load/vec4 v0x6000010947e0_0;
    %addi 1, 0, 32;
    %cast2;
    %store/vec4 v0x6000010947e0_0, 0, 32;
    %jmp T_3.14;
T_3.15 ;
    %end;
    .scope S_0x7fa57d204360;
t_10 %join;
    %fork t_13, S_0x7fa57d204d70;
    %jmp t_12;
    .scope S_0x7fa57d204d70;
t_13 ;
    %pushi/vec4 0, 0, 32;
    %store/vec4 v0x600001094870_0, 0, 32;
T_3.16 ;
    %load/vec4 v0x600001094870_0;
    %cmpi/s 8, 0, 32;
    %jmp/0xz T_3.17, 5;
    %pushi/vec4 1, 0, 1;
    %store/vec4 v0x600001095320_0, 0, 1;
    %load/vec4 v0x600001094870_0;
    %pad/s 2;
    %store/vec4 v0x600001095290_0, 0, 2;
    %delay 20000, 0;
    %load/vec4 v0x600001094870_0;
    %addi 1, 0, 32;
    %cast2;
    %store/vec4 v0x600001094870_0, 0, 32;
    %jmp T_3.16;
T_3.17 ;
    %end;
    .scope S_0x7fa57d204360;
t_12 %join;
    %delay 40000, 0;
    %vpi_call/w 4 100 "$display", "Finishing Sim" {0 0 0};
    %vpi_call/w 4 101 "$finish" {0 0 0};
    %end;
    .thread T_3;
# The file index is used to find the file name in the following table.
:file_names 6;
    "N/A";
    "<interactive>";
    "-";
    "src/frame_packager.sv";
    "sim/image_audio_splitter_tb.sv";
    "src/image_audio_splitter.sv";
