#! /usr/local/Cellar/icarus-verilog/11.0/bin/vvp
:ivl_version "11.0 (stable)";
:ivl_delay_selection "TYPICAL";
:vpi_time_precision - 12;
:vpi_module "/usr/local/Cellar/icarus-verilog/11.0/lib/ivl/system.vpi";
:vpi_module "/usr/local/Cellar/icarus-verilog/11.0/lib/ivl/vhdl_sys.vpi";
:vpi_module "/usr/local/Cellar/icarus-verilog/11.0/lib/ivl/vhdl_textio.vpi";
:vpi_module "/usr/local/Cellar/icarus-verilog/11.0/lib/ivl/v2005_math.vpi";
:vpi_module "/usr/local/Cellar/icarus-verilog/11.0/lib/ivl/va_math.vpi";
:vpi_module "/usr/local/Cellar/icarus-verilog/11.0/lib/ivl/v2009.vpi";
S_0x7f93dde04610 .scope package, "$unit" "$unit" 2 1;
 .timescale 0 0;
S_0x7f93dde04780 .scope module, "compare_tb" "compare_tb" 3 4;
 .timescale -9 -12;
v0x7f93dde16b00_0 .net "bram_pixel_addr", 16 0, v0x7f93dde15f40_0;  1 drivers
v0x7f93dde16bd0_0 .var "bram_pixel_in", 7 0;
v0x7f93dde16c60_0 .net "bram_pixel_out", 7 0, v0x7f93dde15ff0_0;  1 drivers
v0x7f93dde16cf0_0 .net "bram_pixelwrite_valid", 0 0, v0x7f93dde164c0_0;  1 drivers
v0x7f93dde16d80_0 .var "clk_in", 0 0;
v0x7f93dde16e50_0 .var "color_sel", 1 0;
v0x7f93dde16f00_0 .var "com_valid_in", 0 0;
v0x7f93dde16fb0_0 .var "hcount_in", 10 0;
v0x7f93dde17060_0 .var "rst_in", 0 0;
v0x7f93dde17190_0 .var "vcount_in", 9 0;
v0x7f93dde17220_0 .net "vga_pixeladdr_valid", 0 0, v0x7f93dde16200_0;  1 drivers
v0x7f93dde172b0_0 .net "vga_pixelread_valid", 0 0, v0x7f93dde162a0_0;  1 drivers
v0x7f93dde17360_0 .var "write_erase_sel", 0 0;
v0x7f93dde17410_0 .var "x_com_in", 10 0;
v0x7f93dde174c0_0 .var "y_com_in", 9 0;
v0x7f93dde17570_0 .var "y_in", 5 0;
S_0x7f93dde048f0 .scope begin, "$ivl_for_loop0" "$ivl_for_loop0" 3 125, 3 125 0, S_0x7f93dde04780;
 .timescale -9 -12;
v0x7f93dde04a60_0 .var/2s "i", 31 0;
S_0x7f93dde14ac0 .scope module, "uut" "compare" 3 24, 4 4 0, S_0x7f93dde04780;
 .timescale -9 -12;
    .port_info 0 /INPUT 1 "clk_in";
    .port_info 1 /INPUT 1 "rst_in";
    .port_info 2 /INPUT 11 "x_com_in";
    .port_info 3 /INPUT 10 "y_com_in";
    .port_info 4 /INPUT 1 "com_valid_in";
    .port_info 5 /INPUT 11 "hcount";
    .port_info 6 /INPUT 10 "vcount";
    .port_info 7 /INPUT 6 "y_pixel";
    .port_info 8 /INPUT 2 "color_select";
    .port_info 9 /INPUT 1 "write_erase_select";
    .port_info 10 /INPUT 8 "pixel_from_bram";
    .port_info 11 /OUTPUT 8 "pixel_for_bram";
    .port_info 12 /OUTPUT 17 "pixel_addr_forbram";
    .port_info 13 /OUTPUT 1 "valid_pixel_forbram";
    .port_info 14 /OUTPUT 1 "pixelread_forvga_valid";
    .port_info 15 /OUTPUT 1 "pixeladdr_forvga_valid";
P_0x7f93dde14c90 .param/l "CALCULATE" 1 4 31, C4<000>;
P_0x7f93dde14cd0 .param/l "CHECK" 1 4 32, C4<001>;
P_0x7f93dde14d10 .param/l "COMPARING" 1 4 28, C4<10>;
P_0x7f93dde14d50 .param/l "COM_RECEIVED" 1 4 27, C4<01>;
P_0x7f93dde14d90 .param/l "GREEN" 1 4 43, C4<11000010>;
P_0x7f93dde14dd0 .param/l "PINK" 1 4 42, C4<11000001>;
P_0x7f93dde14e10 .param/l "RECEIVE" 1 4 34, C4<011>;
P_0x7f93dde14e50 .param/l "RED" 1 4 44, C4<11000011>;
P_0x7f93dde14e90 .param/l "RESTING" 1 4 26, C4<00>;
P_0x7f93dde14ed0 .param/l "STORE" 1 4 35, C4<100>;
P_0x7f93dde14f10 .param/l "VGAREAD" 1 4 37, C4<110>;
P_0x7f93dde14f50 .param/l "WAIT1" 1 4 33, C4<010>;
P_0x7f93dde14f90 .param/l "WAIT2" 1 4 36, C4<101>;
P_0x7f93dde14fd0 .param/l "WAIT3" 1 4 38, C4<111>;
P_0x7f93dde15010 .param/l "YELLOW" 1 4 41, C4<11000000>;
v0x7f93dde15740_0 .var "address_in_com_flag", 0 0;
v0x7f93dde157f0_0 .net "clk_in", 0 0, v0x7f93dde16d80_0;  1 drivers
v0x7f93dde15890_0 .net "color_select", 1 0, v0x7f93dde16e50_0;  1 drivers
v0x7f93dde15930_0 .var "com_address", 16 0;
v0x7f93dde159e0_0 .var "com_addresses_around", 152 0;
v0x7f93dde15ac0_0 .var "com_received_flag", 0 0;
v0x7f93dde15b60_0 .net "com_valid_in", 0 0, v0x7f93dde16f00_0;  1 drivers
v0x7f93dde15c00_0 .var "curr_hcount", 10 0;
v0x7f93dde15cb0_0 .var "curr_vcount", 9 0;
v0x7f93dde15de0_0 .net "hcount", 10 0, v0x7f93dde16fb0_0;  1 drivers
v0x7f93dde15e90_0 .var "inner_state", 2 0;
v0x7f93dde15f40_0 .var "pixel_addr_forbram", 16 0;
v0x7f93dde15ff0_0 .var "pixel_for_bram", 7 0;
v0x7f93dde160a0_0 .net "pixel_from_bram", 7 0, v0x7f93dde16bd0_0;  1 drivers
v0x7f93dde16150_0 .var "pixel_yvalue", 7 0;
v0x7f93dde16200_0 .var "pixeladdr_forvga_valid", 0 0;
v0x7f93dde162a0_0 .var "pixelread_forvga_valid", 0 0;
v0x7f93dde16430_0 .net "rst_in", 0 0, v0x7f93dde17060_0;  1 drivers
v0x7f93dde164c0_0 .var "valid_pixel_forbram", 0 0;
v0x7f93dde16550_0 .net "vcount", 9 0, v0x7f93dde17190_0;  1 drivers
v0x7f93dde165f0_0 .net "write_erase_select", 0 0, v0x7f93dde17360_0;  1 drivers
v0x7f93dde16690_0 .var "x_com_current", 10 0;
v0x7f93dde16740_0 .net "x_com_in", 10 0, v0x7f93dde17410_0;  1 drivers
v0x7f93dde167f0_0 .var "y_com_current", 9 0;
v0x7f93dde168a0_0 .net "y_com_in", 9 0, v0x7f93dde174c0_0;  1 drivers
v0x7f93dde16950_0 .net "y_pixel", 5 0, v0x7f93dde17570_0;  1 drivers
E_0x7f93dde156f0 .event posedge, v0x7f93dde157f0_0;
    .scope S_0x7f93dde14ac0;
T_0 ;
    %wait E_0x7f93dde156f0;
    %load/vec4 v0x7f93dde16430_0;
    %flag_set/vec4 8;
    %jmp/0xz  T_0.0, 8;
    %pushi/vec4 0, 0, 3;
    %assign/vec4 v0x7f93dde15e90_0, 0;
    %pushi/vec4 0, 0, 1;
    %assign/vec4 v0x7f93dde164c0_0, 0;
    %pushi/vec4 0, 0, 11;
    %assign/vec4 v0x7f93dde15c00_0, 0;
    %pushi/vec4 0, 0, 10;
    %assign/vec4 v0x7f93dde15cb0_0, 0;
    %pushi/vec4 0, 0, 8;
    %assign/vec4 v0x7f93dde16150_0, 0;
    %pushi/vec4 0, 0, 17;
    %ix/load 4, 0, 0;
    %ix/load 5, 0, 0;
    %flag_set/imm 4, 0;
    %assign/vec4/off/d v0x7f93dde159e0_0, 4, 5;
    %pushi/vec4 0, 0, 17;
    %ix/load 4, 17, 0;
    %ix/load 5, 0, 0;
    %flag_set/imm 4, 0;
    %assign/vec4/off/d v0x7f93dde159e0_0, 4, 5;
    %pushi/vec4 0, 0, 17;
    %ix/load 4, 34, 0;
    %ix/load 5, 0, 0;
    %flag_set/imm 4, 0;
    %assign/vec4/off/d v0x7f93dde159e0_0, 4, 5;
    %pushi/vec4 0, 0, 17;
    %ix/load 4, 51, 0;
    %ix/load 5, 0, 0;
    %flag_set/imm 4, 0;
    %assign/vec4/off/d v0x7f93dde159e0_0, 4, 5;
    %pushi/vec4 0, 0, 17;
    %ix/load 4, 68, 0;
    %ix/load 5, 0, 0;
    %flag_set/imm 4, 0;
    %assign/vec4/off/d v0x7f93dde159e0_0, 4, 5;
    %pushi/vec4 0, 0, 17;
    %ix/load 4, 85, 0;
    %ix/load 5, 0, 0;
    %flag_set/imm 4, 0;
    %assign/vec4/off/d v0x7f93dde159e0_0, 4, 5;
    %pushi/vec4 0, 0, 17;
    %ix/load 4, 102, 0;
    %ix/load 5, 0, 0;
    %flag_set/imm 4, 0;
    %assign/vec4/off/d v0x7f93dde159e0_0, 4, 5;
    %pushi/vec4 0, 0, 17;
    %ix/load 4, 119, 0;
    %ix/load 5, 0, 0;
    %flag_set/imm 4, 0;
    %assign/vec4/off/d v0x7f93dde159e0_0, 4, 5;
    %pushi/vec4 0, 0, 17;
    %ix/load 4, 136, 0;
    %ix/load 5, 0, 0;
    %flag_set/imm 4, 0;
    %assign/vec4/off/d v0x7f93dde159e0_0, 4, 5;
    %jmp T_0.1;
T_0.0 ;
    %load/vec4 v0x7f93dde15b60_0;
    %flag_set/vec4 8;
    %jmp/0xz  T_0.2, 8;
    %pushi/vec4 1, 0, 1;
    %assign/vec4 v0x7f93dde15ac0_0, 0;
    %load/vec4 v0x7f93dde16740_0;
    %assign/vec4 v0x7f93dde16690_0, 0;
    %load/vec4 v0x7f93dde168a0_0;
    %assign/vec4 v0x7f93dde167f0_0, 0;
    %load/vec4 v0x7f93dde168a0_0;
    %pad/u 17;
    %muli 320, 0, 17;
    %load/vec4 v0x7f93dde16740_0;
    %pad/u 17;
    %add;
    %assign/vec4 v0x7f93dde15930_0, 0;
T_0.2 ;
    %load/vec4 v0x7f93dde15ac0_0;
    %flag_set/vec4 8;
    %jmp/0xz  T_0.4, 8;
    %pushi/vec4 0, 0, 1;
    %assign/vec4 v0x7f93dde15ac0_0, 0;
    %pushi/vec4 0, 0, 32;
    %load/vec4 v0x7f93dde16740_0;
    %pad/u 32;
    %cmp/u;
    %flag_get/vec4 5;
    %load/vec4 v0x7f93dde16740_0;
    %pad/u 32;
    %cmpi/u 319, 0, 32;
    %flag_get/vec4 5;
    %and;
    %flag_set/vec4 8;
    %jmp/0xz  T_0.6, 8;
    %pushi/vec4 0, 0, 32;
    %load/vec4 v0x7f93dde168a0_0;
    %pad/u 32;
    %cmp/u;
    %flag_get/vec4 5;
    %load/vec4 v0x7f93dde168a0_0;
    %pad/u 32;
    %cmpi/u 239, 0, 32;
    %flag_get/vec4 5;
    %and;
    %flag_set/vec4 8;
    %jmp/0xz  T_0.8, 8;
    %load/vec4 v0x7f93dde15930_0;
    %subi 321, 0, 17;
    %ix/load 4, 0, 0;
    %ix/load 5, 0, 0;
    %flag_set/imm 4, 0;
    %assign/vec4/off/d v0x7f93dde159e0_0, 4, 5;
    %load/vec4 v0x7f93dde15930_0;
    %subi 320, 0, 17;
    %ix/load 4, 17, 0;
    %ix/load 5, 0, 0;
    %flag_set/imm 4, 0;
    %assign/vec4/off/d v0x7f93dde159e0_0, 4, 5;
    %load/vec4 v0x7f93dde15930_0;
    %subi 319, 0, 17;
    %ix/load 4, 34, 0;
    %ix/load 5, 0, 0;
    %flag_set/imm 4, 0;
    %assign/vec4/off/d v0x7f93dde159e0_0, 4, 5;
    %load/vec4 v0x7f93dde15930_0;
    %subi 1, 0, 17;
    %ix/load 4, 51, 0;
    %ix/load 5, 0, 0;
    %flag_set/imm 4, 0;
    %assign/vec4/off/d v0x7f93dde159e0_0, 4, 5;
    %load/vec4 v0x7f93dde15930_0;
    %ix/load 4, 68, 0;
    %ix/load 5, 0, 0;
    %flag_set/imm 4, 0;
    %assign/vec4/off/d v0x7f93dde159e0_0, 4, 5;
    %load/vec4 v0x7f93dde15930_0;
    %addi 1, 0, 17;
    %ix/load 4, 85, 0;
    %ix/load 5, 0, 0;
    %flag_set/imm 4, 0;
    %assign/vec4/off/d v0x7f93dde159e0_0, 4, 5;
    %load/vec4 v0x7f93dde15930_0;
    %addi 319, 0, 17;
    %ix/load 4, 102, 0;
    %ix/load 5, 0, 0;
    %flag_set/imm 4, 0;
    %assign/vec4/off/d v0x7f93dde159e0_0, 4, 5;
    %load/vec4 v0x7f93dde15930_0;
    %addi 320, 0, 17;
    %ix/load 4, 119, 0;
    %ix/load 5, 0, 0;
    %flag_set/imm 4, 0;
    %assign/vec4/off/d v0x7f93dde159e0_0, 4, 5;
    %load/vec4 v0x7f93dde15930_0;
    %addi 321, 0, 17;
    %ix/load 4, 136, 0;
    %ix/load 5, 0, 0;
    %flag_set/imm 4, 0;
    %assign/vec4/off/d v0x7f93dde159e0_0, 4, 5;
    %jmp T_0.9;
T_0.8 ;
    %load/vec4 v0x7f93dde168a0_0;
    %pad/u 32;
    %cmpi/e 0, 0, 32;
    %jmp/0xz  T_0.10, 4;
    %pushi/vec4 76801, 0, 17;
    %ix/load 4, 0, 0;
    %ix/load 5, 0, 0;
    %flag_set/imm 4, 0;
    %assign/vec4/off/d v0x7f93dde159e0_0, 4, 5;
    %pushi/vec4 76801, 0, 17;
    %ix/load 4, 17, 0;
    %ix/load 5, 0, 0;
    %flag_set/imm 4, 0;
    %assign/vec4/off/d v0x7f93dde159e0_0, 4, 5;
    %pushi/vec4 76801, 0, 17;
    %ix/load 4, 34, 0;
    %ix/load 5, 0, 0;
    %flag_set/imm 4, 0;
    %assign/vec4/off/d v0x7f93dde159e0_0, 4, 5;
    %load/vec4 v0x7f93dde15930_0;
    %subi 1, 0, 17;
    %ix/load 4, 51, 0;
    %ix/load 5, 0, 0;
    %flag_set/imm 4, 0;
    %assign/vec4/off/d v0x7f93dde159e0_0, 4, 5;
    %load/vec4 v0x7f93dde15930_0;
    %ix/load 4, 68, 0;
    %ix/load 5, 0, 0;
    %flag_set/imm 4, 0;
    %assign/vec4/off/d v0x7f93dde159e0_0, 4, 5;
    %load/vec4 v0x7f93dde15930_0;
    %addi 1, 0, 17;
    %ix/load 4, 85, 0;
    %ix/load 5, 0, 0;
    %flag_set/imm 4, 0;
    %assign/vec4/off/d v0x7f93dde159e0_0, 4, 5;
    %load/vec4 v0x7f93dde15930_0;
    %addi 319, 0, 17;
    %ix/load 4, 102, 0;
    %ix/load 5, 0, 0;
    %flag_set/imm 4, 0;
    %assign/vec4/off/d v0x7f93dde159e0_0, 4, 5;
    %load/vec4 v0x7f93dde15930_0;
    %addi 320, 0, 17;
    %ix/load 4, 119, 0;
    %ix/load 5, 0, 0;
    %flag_set/imm 4, 0;
    %assign/vec4/off/d v0x7f93dde159e0_0, 4, 5;
    %load/vec4 v0x7f93dde15930_0;
    %addi 321, 0, 17;
    %ix/load 4, 136, 0;
    %ix/load 5, 0, 0;
    %flag_set/imm 4, 0;
    %assign/vec4/off/d v0x7f93dde159e0_0, 4, 5;
    %jmp T_0.11;
T_0.10 ;
    %load/vec4 v0x7f93dde168a0_0;
    %pad/u 32;
    %cmpi/e 239, 0, 32;
    %jmp/0xz  T_0.12, 4;
    %load/vec4 v0x7f93dde15930_0;
    %subi 321, 0, 17;
    %ix/load 4, 0, 0;
    %ix/load 5, 0, 0;
    %flag_set/imm 4, 0;
    %assign/vec4/off/d v0x7f93dde159e0_0, 4, 5;
    %load/vec4 v0x7f93dde15930_0;
    %subi 320, 0, 17;
    %ix/load 4, 17, 0;
    %ix/load 5, 0, 0;
    %flag_set/imm 4, 0;
    %assign/vec4/off/d v0x7f93dde159e0_0, 4, 5;
    %load/vec4 v0x7f93dde15930_0;
    %subi 319, 0, 17;
    %ix/load 4, 34, 0;
    %ix/load 5, 0, 0;
    %flag_set/imm 4, 0;
    %assign/vec4/off/d v0x7f93dde159e0_0, 4, 5;
    %load/vec4 v0x7f93dde15930_0;
    %subi 1, 0, 17;
    %ix/load 4, 51, 0;
    %ix/load 5, 0, 0;
    %flag_set/imm 4, 0;
    %assign/vec4/off/d v0x7f93dde159e0_0, 4, 5;
    %load/vec4 v0x7f93dde15930_0;
    %ix/load 4, 68, 0;
    %ix/load 5, 0, 0;
    %flag_set/imm 4, 0;
    %assign/vec4/off/d v0x7f93dde159e0_0, 4, 5;
    %load/vec4 v0x7f93dde15930_0;
    %addi 1, 0, 17;
    %ix/load 4, 85, 0;
    %ix/load 5, 0, 0;
    %flag_set/imm 4, 0;
    %assign/vec4/off/d v0x7f93dde159e0_0, 4, 5;
    %pushi/vec4 76801, 0, 17;
    %ix/load 4, 102, 0;
    %ix/load 5, 0, 0;
    %flag_set/imm 4, 0;
    %assign/vec4/off/d v0x7f93dde159e0_0, 4, 5;
    %pushi/vec4 76801, 0, 17;
    %ix/load 4, 119, 0;
    %ix/load 5, 0, 0;
    %flag_set/imm 4, 0;
    %assign/vec4/off/d v0x7f93dde159e0_0, 4, 5;
    %pushi/vec4 76801, 0, 17;
    %ix/load 4, 136, 0;
    %ix/load 5, 0, 0;
    %flag_set/imm 4, 0;
    %assign/vec4/off/d v0x7f93dde159e0_0, 4, 5;
T_0.12 ;
T_0.11 ;
T_0.9 ;
    %jmp T_0.7;
T_0.6 ;
    %load/vec4 v0x7f93dde16740_0;
    %pad/u 32;
    %cmpi/e 319, 0, 32;
    %jmp/0xz  T_0.14, 4;
    %pushi/vec4 0, 0, 32;
    %load/vec4 v0x7f93dde168a0_0;
    %pad/u 32;
    %cmp/u;
    %flag_get/vec4 5;
    %load/vec4 v0x7f93dde168a0_0;
    %pad/u 32;
    %cmpi/u 239, 0, 32;
    %flag_get/vec4 5;
    %and;
    %flag_set/vec4 8;
    %jmp/0xz  T_0.16, 8;
    %load/vec4 v0x7f93dde15930_0;
    %subi 321, 0, 17;
    %ix/load 4, 0, 0;
    %ix/load 5, 0, 0;
    %flag_set/imm 4, 0;
    %assign/vec4/off/d v0x7f93dde159e0_0, 4, 5;
    %load/vec4 v0x7f93dde15930_0;
    %subi 320, 0, 17;
    %ix/load 4, 17, 0;
    %ix/load 5, 0, 0;
    %flag_set/imm 4, 0;
    %assign/vec4/off/d v0x7f93dde159e0_0, 4, 5;
    %pushi/vec4 76801, 0, 17;
    %ix/load 4, 34, 0;
    %ix/load 5, 0, 0;
    %flag_set/imm 4, 0;
    %assign/vec4/off/d v0x7f93dde159e0_0, 4, 5;
    %load/vec4 v0x7f93dde15930_0;
    %subi 1, 0, 17;
    %ix/load 4, 51, 0;
    %ix/load 5, 0, 0;
    %flag_set/imm 4, 0;
    %assign/vec4/off/d v0x7f93dde159e0_0, 4, 5;
    %load/vec4 v0x7f93dde15930_0;
    %ix/load 4, 68, 0;
    %ix/load 5, 0, 0;
    %flag_set/imm 4, 0;
    %assign/vec4/off/d v0x7f93dde159e0_0, 4, 5;
    %pushi/vec4 76801, 0, 17;
    %ix/load 4, 85, 0;
    %ix/load 5, 0, 0;
    %flag_set/imm 4, 0;
    %assign/vec4/off/d v0x7f93dde159e0_0, 4, 5;
    %load/vec4 v0x7f93dde15930_0;
    %addi 319, 0, 17;
    %ix/load 4, 102, 0;
    %ix/load 5, 0, 0;
    %flag_set/imm 4, 0;
    %assign/vec4/off/d v0x7f93dde159e0_0, 4, 5;
    %load/vec4 v0x7f93dde15930_0;
    %addi 320, 0, 17;
    %ix/load 4, 119, 0;
    %ix/load 5, 0, 0;
    %flag_set/imm 4, 0;
    %assign/vec4/off/d v0x7f93dde159e0_0, 4, 5;
    %pushi/vec4 76801, 0, 17;
    %ix/load 4, 136, 0;
    %ix/load 5, 0, 0;
    %flag_set/imm 4, 0;
    %assign/vec4/off/d v0x7f93dde159e0_0, 4, 5;
    %jmp T_0.17;
T_0.16 ;
    %load/vec4 v0x7f93dde168a0_0;
    %pad/u 32;
    %cmpi/e 0, 0, 32;
    %jmp/0xz  T_0.18, 4;
    %pushi/vec4 76801, 0, 17;
    %ix/load 4, 0, 0;
    %ix/load 5, 0, 0;
    %flag_set/imm 4, 0;
    %assign/vec4/off/d v0x7f93dde159e0_0, 4, 5;
    %pushi/vec4 76801, 0, 17;
    %ix/load 4, 17, 0;
    %ix/load 5, 0, 0;
    %flag_set/imm 4, 0;
    %assign/vec4/off/d v0x7f93dde159e0_0, 4, 5;
    %pushi/vec4 76801, 0, 17;
    %ix/load 4, 34, 0;
    %ix/load 5, 0, 0;
    %flag_set/imm 4, 0;
    %assign/vec4/off/d v0x7f93dde159e0_0, 4, 5;
    %load/vec4 v0x7f93dde15930_0;
    %subi 1, 0, 17;
    %ix/load 4, 51, 0;
    %ix/load 5, 0, 0;
    %flag_set/imm 4, 0;
    %assign/vec4/off/d v0x7f93dde159e0_0, 4, 5;
    %load/vec4 v0x7f93dde15930_0;
    %ix/load 4, 68, 0;
    %ix/load 5, 0, 0;
    %flag_set/imm 4, 0;
    %assign/vec4/off/d v0x7f93dde159e0_0, 4, 5;
    %pushi/vec4 76801, 0, 17;
    %ix/load 4, 85, 0;
    %ix/load 5, 0, 0;
    %flag_set/imm 4, 0;
    %assign/vec4/off/d v0x7f93dde159e0_0, 4, 5;
    %load/vec4 v0x7f93dde15930_0;
    %addi 319, 0, 17;
    %ix/load 4, 102, 0;
    %ix/load 5, 0, 0;
    %flag_set/imm 4, 0;
    %assign/vec4/off/d v0x7f93dde159e0_0, 4, 5;
    %load/vec4 v0x7f93dde15930_0;
    %addi 320, 0, 17;
    %ix/load 4, 119, 0;
    %ix/load 5, 0, 0;
    %flag_set/imm 4, 0;
    %assign/vec4/off/d v0x7f93dde159e0_0, 4, 5;
    %pushi/vec4 76801, 0, 17;
    %ix/load 4, 136, 0;
    %ix/load 5, 0, 0;
    %flag_set/imm 4, 0;
    %assign/vec4/off/d v0x7f93dde159e0_0, 4, 5;
    %jmp T_0.19;
T_0.18 ;
    %load/vec4 v0x7f93dde168a0_0;
    %pad/u 32;
    %cmpi/e 239, 0, 32;
    %jmp/0xz  T_0.20, 4;
    %load/vec4 v0x7f93dde15930_0;
    %subi 321, 0, 17;
    %ix/load 4, 0, 0;
    %ix/load 5, 0, 0;
    %flag_set/imm 4, 0;
    %assign/vec4/off/d v0x7f93dde159e0_0, 4, 5;
    %load/vec4 v0x7f93dde15930_0;
    %subi 320, 0, 17;
    %ix/load 4, 17, 0;
    %ix/load 5, 0, 0;
    %flag_set/imm 4, 0;
    %assign/vec4/off/d v0x7f93dde159e0_0, 4, 5;
    %pushi/vec4 76801, 0, 17;
    %ix/load 4, 34, 0;
    %ix/load 5, 0, 0;
    %flag_set/imm 4, 0;
    %assign/vec4/off/d v0x7f93dde159e0_0, 4, 5;
    %load/vec4 v0x7f93dde15930_0;
    %subi 1, 0, 17;
    %ix/load 4, 51, 0;
    %ix/load 5, 0, 0;
    %flag_set/imm 4, 0;
    %assign/vec4/off/d v0x7f93dde159e0_0, 4, 5;
    %load/vec4 v0x7f93dde15930_0;
    %ix/load 4, 68, 0;
    %ix/load 5, 0, 0;
    %flag_set/imm 4, 0;
    %assign/vec4/off/d v0x7f93dde159e0_0, 4, 5;
    %pushi/vec4 76801, 0, 17;
    %ix/load 4, 85, 0;
    %ix/load 5, 0, 0;
    %flag_set/imm 4, 0;
    %assign/vec4/off/d v0x7f93dde159e0_0, 4, 5;
    %pushi/vec4 76801, 0, 17;
    %ix/load 4, 102, 0;
    %ix/load 5, 0, 0;
    %flag_set/imm 4, 0;
    %assign/vec4/off/d v0x7f93dde159e0_0, 4, 5;
    %pushi/vec4 76801, 0, 17;
    %ix/load 4, 119, 0;
    %ix/load 5, 0, 0;
    %flag_set/imm 4, 0;
    %assign/vec4/off/d v0x7f93dde159e0_0, 4, 5;
    %pushi/vec4 76801, 0, 17;
    %ix/load 4, 136, 0;
    %ix/load 5, 0, 0;
    %flag_set/imm 4, 0;
    %assign/vec4/off/d v0x7f93dde159e0_0, 4, 5;
T_0.20 ;
T_0.19 ;
T_0.17 ;
    %jmp T_0.15;
T_0.14 ;
    %load/vec4 v0x7f93dde16740_0;
    %pad/u 32;
    %cmpi/e 0, 0, 32;
    %jmp/0xz  T_0.22, 4;
    %pushi/vec4 0, 0, 32;
    %load/vec4 v0x7f93dde168a0_0;
    %pad/u 32;
    %cmp/u;
    %flag_get/vec4 5;
    %load/vec4 v0x7f93dde168a0_0;
    %pad/u 32;
    %cmpi/u 239, 0, 32;
    %flag_get/vec4 5;
    %and;
    %flag_set/vec4 8;
    %jmp/0xz  T_0.24, 8;
    %pushi/vec4 76801, 0, 17;
    %ix/load 4, 0, 0;
    %ix/load 5, 0, 0;
    %flag_set/imm 4, 0;
    %assign/vec4/off/d v0x7f93dde159e0_0, 4, 5;
    %load/vec4 v0x7f93dde15930_0;
    %subi 320, 0, 17;
    %ix/load 4, 17, 0;
    %ix/load 5, 0, 0;
    %flag_set/imm 4, 0;
    %assign/vec4/off/d v0x7f93dde159e0_0, 4, 5;
    %load/vec4 v0x7f93dde15930_0;
    %subi 319, 0, 17;
    %ix/load 4, 34, 0;
    %ix/load 5, 0, 0;
    %flag_set/imm 4, 0;
    %assign/vec4/off/d v0x7f93dde159e0_0, 4, 5;
    %pushi/vec4 76801, 0, 17;
    %ix/load 4, 51, 0;
    %ix/load 5, 0, 0;
    %flag_set/imm 4, 0;
    %assign/vec4/off/d v0x7f93dde159e0_0, 4, 5;
    %load/vec4 v0x7f93dde15930_0;
    %ix/load 4, 68, 0;
    %ix/load 5, 0, 0;
    %flag_set/imm 4, 0;
    %assign/vec4/off/d v0x7f93dde159e0_0, 4, 5;
    %load/vec4 v0x7f93dde15930_0;
    %addi 1, 0, 17;
    %ix/load 4, 85, 0;
    %ix/load 5, 0, 0;
    %flag_set/imm 4, 0;
    %assign/vec4/off/d v0x7f93dde159e0_0, 4, 5;
    %pushi/vec4 76801, 0, 17;
    %ix/load 4, 102, 0;
    %ix/load 5, 0, 0;
    %flag_set/imm 4, 0;
    %assign/vec4/off/d v0x7f93dde159e0_0, 4, 5;
    %load/vec4 v0x7f93dde15930_0;
    %addi 320, 0, 17;
    %ix/load 4, 119, 0;
    %ix/load 5, 0, 0;
    %flag_set/imm 4, 0;
    %assign/vec4/off/d v0x7f93dde159e0_0, 4, 5;
    %load/vec4 v0x7f93dde15930_0;
    %addi 321, 0, 17;
    %ix/load 4, 136, 0;
    %ix/load 5, 0, 0;
    %flag_set/imm 4, 0;
    %assign/vec4/off/d v0x7f93dde159e0_0, 4, 5;
    %jmp T_0.25;
T_0.24 ;
    %load/vec4 v0x7f93dde168a0_0;
    %pad/u 32;
    %cmpi/e 0, 0, 32;
    %jmp/0xz  T_0.26, 4;
    %pushi/vec4 76801, 0, 17;
    %ix/load 4, 0, 0;
    %ix/load 5, 0, 0;
    %flag_set/imm 4, 0;
    %assign/vec4/off/d v0x7f93dde159e0_0, 4, 5;
    %pushi/vec4 76801, 0, 17;
    %ix/load 4, 17, 0;
    %ix/load 5, 0, 0;
    %flag_set/imm 4, 0;
    %assign/vec4/off/d v0x7f93dde159e0_0, 4, 5;
    %pushi/vec4 76801, 0, 17;
    %ix/load 4, 34, 0;
    %ix/load 5, 0, 0;
    %flag_set/imm 4, 0;
    %assign/vec4/off/d v0x7f93dde159e0_0, 4, 5;
    %pushi/vec4 76801, 0, 17;
    %ix/load 4, 51, 0;
    %ix/load 5, 0, 0;
    %flag_set/imm 4, 0;
    %assign/vec4/off/d v0x7f93dde159e0_0, 4, 5;
    %load/vec4 v0x7f93dde15930_0;
    %ix/load 4, 68, 0;
    %ix/load 5, 0, 0;
    %flag_set/imm 4, 0;
    %assign/vec4/off/d v0x7f93dde159e0_0, 4, 5;
    %load/vec4 v0x7f93dde15930_0;
    %addi 1, 0, 17;
    %ix/load 4, 85, 0;
    %ix/load 5, 0, 0;
    %flag_set/imm 4, 0;
    %assign/vec4/off/d v0x7f93dde159e0_0, 4, 5;
    %pushi/vec4 76801, 0, 17;
    %ix/load 4, 102, 0;
    %ix/load 5, 0, 0;
    %flag_set/imm 4, 0;
    %assign/vec4/off/d v0x7f93dde159e0_0, 4, 5;
    %load/vec4 v0x7f93dde15930_0;
    %addi 320, 0, 17;
    %ix/load 4, 119, 0;
    %ix/load 5, 0, 0;
    %flag_set/imm 4, 0;
    %assign/vec4/off/d v0x7f93dde159e0_0, 4, 5;
    %load/vec4 v0x7f93dde15930_0;
    %addi 321, 0, 17;
    %ix/load 4, 136, 0;
    %ix/load 5, 0, 0;
    %flag_set/imm 4, 0;
    %assign/vec4/off/d v0x7f93dde159e0_0, 4, 5;
    %jmp T_0.27;
T_0.26 ;
    %load/vec4 v0x7f93dde168a0_0;
    %pad/u 32;
    %cmpi/e 239, 0, 32;
    %jmp/0xz  T_0.28, 4;
    %pushi/vec4 76801, 0, 17;
    %ix/load 4, 0, 0;
    %ix/load 5, 0, 0;
    %flag_set/imm 4, 0;
    %assign/vec4/off/d v0x7f93dde159e0_0, 4, 5;
    %load/vec4 v0x7f93dde15930_0;
    %subi 320, 0, 17;
    %ix/load 4, 17, 0;
    %ix/load 5, 0, 0;
    %flag_set/imm 4, 0;
    %assign/vec4/off/d v0x7f93dde159e0_0, 4, 5;
    %load/vec4 v0x7f93dde15930_0;
    %subi 319, 0, 17;
    %ix/load 4, 34, 0;
    %ix/load 5, 0, 0;
    %flag_set/imm 4, 0;
    %assign/vec4/off/d v0x7f93dde159e0_0, 4, 5;
    %pushi/vec4 76801, 0, 17;
    %ix/load 4, 51, 0;
    %ix/load 5, 0, 0;
    %flag_set/imm 4, 0;
    %assign/vec4/off/d v0x7f93dde159e0_0, 4, 5;
    %load/vec4 v0x7f93dde15930_0;
    %ix/load 4, 68, 0;
    %ix/load 5, 0, 0;
    %flag_set/imm 4, 0;
    %assign/vec4/off/d v0x7f93dde159e0_0, 4, 5;
    %load/vec4 v0x7f93dde15930_0;
    %addi 1, 0, 17;
    %ix/load 4, 85, 0;
    %ix/load 5, 0, 0;
    %flag_set/imm 4, 0;
    %assign/vec4/off/d v0x7f93dde159e0_0, 4, 5;
    %pushi/vec4 76801, 0, 17;
    %ix/load 4, 102, 0;
    %ix/load 5, 0, 0;
    %flag_set/imm 4, 0;
    %assign/vec4/off/d v0x7f93dde159e0_0, 4, 5;
    %pushi/vec4 76801, 0, 17;
    %ix/load 4, 119, 0;
    %ix/load 5, 0, 0;
    %flag_set/imm 4, 0;
    %assign/vec4/off/d v0x7f93dde159e0_0, 4, 5;
    %pushi/vec4 76801, 0, 17;
    %ix/load 4, 136, 0;
    %ix/load 5, 0, 0;
    %flag_set/imm 4, 0;
    %assign/vec4/off/d v0x7f93dde159e0_0, 4, 5;
T_0.28 ;
T_0.27 ;
T_0.25 ;
T_0.22 ;
T_0.15 ;
T_0.7 ;
T_0.4 ;
    %load/vec4 v0x7f93dde15e90_0;
    %dup/vec4;
    %pushi/vec4 0, 0, 3;
    %cmp/u;
    %jmp/1 T_0.30, 6;
    %dup/vec4;
    %pushi/vec4 1, 0, 3;
    %cmp/u;
    %jmp/1 T_0.31, 6;
    %dup/vec4;
    %pushi/vec4 2, 0, 3;
    %cmp/u;
    %jmp/1 T_0.32, 6;
    %dup/vec4;
    %pushi/vec4 3, 0, 3;
    %cmp/u;
    %jmp/1 T_0.33, 6;
    %dup/vec4;
    %pushi/vec4 4, 0, 3;
    %cmp/u;
    %jmp/1 T_0.34, 6;
    %dup/vec4;
    %pushi/vec4 5, 0, 3;
    %cmp/u;
    %jmp/1 T_0.35, 6;
    %dup/vec4;
    %pushi/vec4 6, 0, 3;
    %cmp/u;
    %jmp/1 T_0.36, 6;
    %dup/vec4;
    %pushi/vec4 7, 0, 3;
    %cmp/u;
    %jmp/1 T_0.37, 6;
    %jmp T_0.38;
T_0.30 ;
    %load/vec4 v0x7f93dde15c00_0;
    %load/vec4 v0x7f93dde15de0_0;
    %cmp/ne;
    %flag_mov 8, 4;
    %load/vec4 v0x7f93dde15cb0_0;
    %load/vec4 v0x7f93dde16550_0;
    %cmp/ne;
    %flag_or 4, 8;
    %jmp/0xz  T_0.39, 4;
    %pushi/vec4 1, 0, 3;
    %assign/vec4 v0x7f93dde15e90_0, 0;
    %pushi/vec4 0, 0, 2;
    %load/vec4 v0x7f93dde16950_0;
    %concat/vec4; draw_concat_vec4
    %assign/vec4 v0x7f93dde16150_0, 0;
    %load/vec4 v0x7f93dde15de0_0;
    %assign/vec4 v0x7f93dde15c00_0, 0;
    %load/vec4 v0x7f93dde16550_0;
    %assign/vec4 v0x7f93dde15cb0_0, 0;
    %load/vec4 v0x7f93dde16550_0;
    %pad/u 17;
    %muli 320, 0, 17;
    %load/vec4 v0x7f93dde15de0_0;
    %pad/u 17;
    %add;
    %assign/vec4 v0x7f93dde15f40_0, 0;
T_0.39 ;
    %pushi/vec4 0, 0, 1;
    %assign/vec4 v0x7f93dde162a0_0, 0;
    %jmp T_0.38;
T_0.31 ;
    %pushi/vec4 2, 0, 3;
    %assign/vec4 v0x7f93dde15e90_0, 0;
    %load/vec4 v0x7f93dde15f40_0;
    %load/vec4 v0x7f93dde159e0_0;
    %parti/s 17, 0, 2;
    %cmp/e;
    %flag_mov 8, 4;
    %load/vec4 v0x7f93dde15f40_0;
    %load/vec4 v0x7f93dde159e0_0;
    %parti/s 17, 17, 6;
    %cmp/e;
    %flag_or 4, 8;
    %flag_mov 8, 4;
    %load/vec4 v0x7f93dde15f40_0;
    %load/vec4 v0x7f93dde159e0_0;
    %parti/s 17, 34, 7;
    %cmp/e;
    %flag_or 4, 8;
    %flag_mov 8, 4;
    %load/vec4 v0x7f93dde15f40_0;
    %load/vec4 v0x7f93dde159e0_0;
    %parti/s 17, 51, 7;
    %cmp/e;
    %flag_or 4, 8;
    %flag_mov 8, 4;
    %load/vec4 v0x7f93dde15f40_0;
    %load/vec4 v0x7f93dde159e0_0;
    %parti/s 17, 68, 8;
    %cmp/e;
    %flag_or 4, 8;
    %flag_mov 8, 4;
    %load/vec4 v0x7f93dde15f40_0;
    %load/vec4 v0x7f93dde159e0_0;
    %parti/s 17, 85, 8;
    %cmp/e;
    %flag_or 4, 8;
    %flag_mov 8, 4;
    %load/vec4 v0x7f93dde15f40_0;
    %load/vec4 v0x7f93dde159e0_0;
    %parti/s 17, 102, 8;
    %cmp/e;
    %flag_or 4, 8;
    %flag_mov 8, 4;
    %load/vec4 v0x7f93dde15f40_0;
    %load/vec4 v0x7f93dde159e0_0;
    %parti/s 17, 119, 8;
    %cmp/e;
    %flag_or 4, 8;
    %flag_mov 8, 4;
    %load/vec4 v0x7f93dde15f40_0;
    %load/vec4 v0x7f93dde159e0_0;
    %parti/s 17, 136, 9;
    %cmp/e;
    %flag_or 4, 8;
    %jmp/0xz  T_0.41, 4;
    %pushi/vec4 1, 0, 1;
    %assign/vec4 v0x7f93dde15740_0, 0;
    %jmp T_0.42;
T_0.41 ;
    %pushi/vec4 0, 0, 1;
    %assign/vec4 v0x7f93dde15740_0, 0;
T_0.42 ;
    %jmp T_0.38;
T_0.32 ;
    %pushi/vec4 3, 0, 3;
    %assign/vec4 v0x7f93dde15e90_0, 0;
    %jmp T_0.38;
T_0.33 ;
    %pushi/vec4 4, 0, 3;
    %assign/vec4 v0x7f93dde15e90_0, 0;
    %load/vec4 v0x7f93dde165f0_0;
    %pad/u 32;
    %cmpi/e 0, 0, 32;
    %jmp/0xz  T_0.43, 4;
    %load/vec4 v0x7f93dde160a0_0;
    %parti/s 2, 6, 4;
    %cmpi/e 3, 0, 2;
    %jmp/0xz  T_0.45, 4;
    %pushi/vec4 0, 0, 1;
    %assign/vec4 v0x7f93dde164c0_0, 0;
    %load/vec4 v0x7f93dde160a0_0;
    %assign/vec4 v0x7f93dde15ff0_0, 0;
    %jmp T_0.46;
T_0.45 ;
    %pushi/vec4 1, 0, 1;
    %assign/vec4 v0x7f93dde164c0_0, 0;
    %load/vec4 v0x7f93dde15740_0;
    %flag_set/vec4 8;
    %jmp/0xz  T_0.47, 8;
    %load/vec4 v0x7f93dde15890_0;
    %dup/vec4;
    %pushi/vec4 0, 0, 2;
    %cmp/u;
    %jmp/1 T_0.49, 6;
    %dup/vec4;
    %pushi/vec4 1, 0, 2;
    %cmp/u;
    %jmp/1 T_0.50, 6;
    %dup/vec4;
    %pushi/vec4 2, 0, 2;
    %cmp/u;
    %jmp/1 T_0.51, 6;
    %dup/vec4;
    %pushi/vec4 3, 0, 2;
    %cmp/u;
    %jmp/1 T_0.52, 6;
    %jmp T_0.53;
T_0.49 ;
    %pushi/vec4 192, 0, 8;
    %assign/vec4 v0x7f93dde15ff0_0, 0;
    %jmp T_0.53;
T_0.50 ;
    %pushi/vec4 193, 0, 8;
    %assign/vec4 v0x7f93dde15ff0_0, 0;
    %jmp T_0.53;
T_0.51 ;
    %pushi/vec4 194, 0, 8;
    %assign/vec4 v0x7f93dde15ff0_0, 0;
    %jmp T_0.53;
T_0.52 ;
    %pushi/vec4 195, 0, 8;
    %assign/vec4 v0x7f93dde15ff0_0, 0;
    %jmp T_0.53;
T_0.53 ;
    %pop/vec4 1;
    %jmp T_0.48;
T_0.47 ;
    %load/vec4 v0x7f93dde16150_0;
    %assign/vec4 v0x7f93dde15ff0_0, 0;
T_0.48 ;
T_0.46 ;
    %jmp T_0.44;
T_0.43 ;
    %load/vec4 v0x7f93dde160a0_0;
    %parti/s 2, 6, 4;
    %cmpi/e 3, 0, 2;
    %jmp/0xz  T_0.54, 4;
    %load/vec4 v0x7f93dde15740_0;
    %flag_set/vec4 8;
    %jmp/0xz  T_0.56, 8;
    %pushi/vec4 1, 0, 1;
    %assign/vec4 v0x7f93dde164c0_0, 0;
    %load/vec4 v0x7f93dde16150_0;
    %assign/vec4 v0x7f93dde15ff0_0, 0;
    %jmp T_0.57;
T_0.56 ;
    %pushi/vec4 0, 0, 1;
    %assign/vec4 v0x7f93dde164c0_0, 0;
    %load/vec4 v0x7f93dde160a0_0;
    %assign/vec4 v0x7f93dde15ff0_0, 0;
T_0.57 ;
    %jmp T_0.55;
T_0.54 ;
    %pushi/vec4 1, 0, 1;
    %assign/vec4 v0x7f93dde164c0_0, 0;
    %load/vec4 v0x7f93dde16150_0;
    %assign/vec4 v0x7f93dde15ff0_0, 0;
T_0.55 ;
T_0.44 ;
    %jmp T_0.38;
T_0.34 ;
    %pushi/vec4 5, 0, 3;
    %assign/vec4 v0x7f93dde15e90_0, 0;
    %pushi/vec4 0, 0, 1;
    %assign/vec4 v0x7f93dde164c0_0, 0;
    %jmp T_0.38;
T_0.35 ;
    %pushi/vec4 6, 0, 3;
    %assign/vec4 v0x7f93dde15e90_0, 0;
    %pushi/vec4 1, 0, 1;
    %assign/vec4 v0x7f93dde16200_0, 0;
    %jmp T_0.38;
T_0.36 ;
    %pushi/vec4 7, 0, 3;
    %assign/vec4 v0x7f93dde15e90_0, 0;
    %pushi/vec4 0, 0, 1;
    %assign/vec4 v0x7f93dde16200_0, 0;
    %jmp T_0.38;
T_0.37 ;
    %pushi/vec4 0, 0, 3;
    %assign/vec4 v0x7f93dde15e90_0, 0;
    %pushi/vec4 1, 0, 1;
    %assign/vec4 v0x7f93dde162a0_0, 0;
    %jmp T_0.38;
T_0.38 ;
    %pop/vec4 1;
T_0.1 ;
    %jmp T_0;
    .thread T_0;
    .scope S_0x7f93dde04780;
T_1 ;
    %delay 5000, 0;
    %load/vec4 v0x7f93dde16d80_0;
    %nor/r;
    %store/vec4 v0x7f93dde16d80_0, 0, 1;
    %jmp T_1;
    .thread T_1;
    .scope S_0x7f93dde04780;
T_2 ;
    %vpi_call/w 3 49 "$dumpfile", "compare.vcd" {0 0 0};
    %vpi_call/w 3 50 "$dumpvars", 32'sb00000000000000000000000000000000, S_0x7f93dde04780 {0 0 0};
    %vpi_call/w 3 51 "$display", "Starting Sim" {0 0 0};
    %pushi/vec4 0, 0, 1;
    %store/vec4 v0x7f93dde16d80_0, 0, 1;
    %pushi/vec4 0, 0, 1;
    %store/vec4 v0x7f93dde17060_0, 0, 1;
    %pushi/vec4 0, 0, 11;
    %store/vec4 v0x7f93dde17410_0, 0, 11;
    %pushi/vec4 0, 0, 10;
    %store/vec4 v0x7f93dde174c0_0, 0, 10;
    %pushi/vec4 0, 0, 1;
    %store/vec4 v0x7f93dde16f00_0, 0, 1;
    %pushi/vec4 0, 0, 11;
    %store/vec4 v0x7f93dde16fb0_0, 0, 11;
    %pushi/vec4 0, 0, 10;
    %store/vec4 v0x7f93dde17190_0, 0, 10;
    %pushi/vec4 0, 0, 6;
    %store/vec4 v0x7f93dde17570_0, 0, 6;
    %pushi/vec4 1, 0, 2;
    %store/vec4 v0x7f93dde16e50_0, 0, 2;
    %pushi/vec4 0, 0, 1;
    %store/vec4 v0x7f93dde17360_0, 0, 1;
    %delay 10000, 0;
    %pushi/vec4 1, 0, 1;
    %store/vec4 v0x7f93dde17060_0, 0, 1;
    %delay 10000, 0;
    %pushi/vec4 0, 0, 1;
    %store/vec4 v0x7f93dde17060_0, 0, 1;
    %delay 5000, 0;
    %vpi_call/w 3 124 "$display", "Test 3: 17 clock cycles - write mode in pink, second pixel in COM" {0 0 0};
    %fork t_1, S_0x7f93dde048f0;
    %jmp t_0;
    .scope S_0x7f93dde048f0;
t_1 ;
    %pushi/vec4 0, 0, 32;
    %store/vec4 v0x7f93dde04a60_0, 0, 32;
T_2.0 ;
    %load/vec4 v0x7f93dde04a60_0;
    %cmpi/s 17, 0, 32;
    %jmp/0xz T_2.1, 5;
    %load/vec4 v0x7f93dde04a60_0;
    %cmpi/e 0, 0, 32;
    %jmp/0xz  T_2.2, 4;
    %pushi/vec4 150, 0, 11;
    %store/vec4 v0x7f93dde17410_0, 0, 11;
    %pushi/vec4 100, 0, 10;
    %store/vec4 v0x7f93dde174c0_0, 0, 10;
    %pushi/vec4 1, 0, 1;
    %store/vec4 v0x7f93dde16f00_0, 0, 1;
    %jmp T_2.3;
T_2.2 ;
    %load/vec4 v0x7f93dde04a60_0;
    %cmpi/e 1, 0, 32;
    %jmp/0xz  T_2.4, 4;
    %pushi/vec4 100, 0, 11;
    %store/vec4 v0x7f93dde16fb0_0, 0, 11;
    %pushi/vec4 100, 0, 10;
    %store/vec4 v0x7f93dde17190_0, 0, 10;
    %pushi/vec4 21, 0, 6;
    %store/vec4 v0x7f93dde17570_0, 0, 6;
    %jmp T_2.5;
T_2.4 ;
    %load/vec4 v0x7f93dde04a60_0;
    %cmpi/e 4, 0, 32;
    %jmp/0xz  T_2.6, 4;
    %pushi/vec4 63, 0, 8;
    %store/vec4 v0x7f93dde16bd0_0, 0, 8;
    %jmp T_2.7;
T_2.6 ;
    %load/vec4 v0x7f93dde04a60_0;
    %cmpi/e 9, 0, 32;
    %jmp/0xz  T_2.8, 4;
    %pushi/vec4 151, 0, 11;
    %store/vec4 v0x7f93dde16fb0_0, 0, 11;
    %pushi/vec4 100, 0, 10;
    %store/vec4 v0x7f93dde17190_0, 0, 10;
    %pushi/vec4 23, 0, 6;
    %store/vec4 v0x7f93dde17570_0, 0, 6;
    %jmp T_2.9;
T_2.8 ;
    %load/vec4 v0x7f93dde04a60_0;
    %cmpi/e 12, 0, 32;
    %jmp/0xz  T_2.10, 4;
    %pushi/vec4 32, 0, 8;
    %store/vec4 v0x7f93dde16bd0_0, 0, 8;
T_2.10 ;
T_2.9 ;
T_2.7 ;
T_2.5 ;
T_2.3 ;
    %vpi_call/w 3 144 "$display", "Cycle %4d values: ", v0x7f93dde04a60_0 {0 0 0};
    %vpi_call/w 3 145 "$display", "pixel from bram", v0x7f93dde16bd0_0 {0 0 0};
    %vpi_call/w 3 146 "$display", "pixel for bram", v0x7f93dde16c60_0 {0 0 0};
    %vpi_call/w 3 147 "$display", "pixel addr for bram", v0x7f93dde16b00_0 {0 0 0};
    %vpi_call/w 3 148 "$display", "write to bram", v0x7f93dde16cf0_0 {0 0 0};
    %vpi_call/w 3 149 "$display", "read pixel vga signal", v0x7f93dde172b0_0 {0 0 0};
    %vpi_call/w 3 150 "$display", "send address to bram for vga pixel signal", v0x7f93dde17220_0 {0 0 0};
    %vpi_call/w 3 151 "$display", "______" {0 0 0};
    %delay 10000, 0;
    %load/vec4 v0x7f93dde04a60_0;
    %addi 1, 0, 32;
    %cast2;
    %store/vec4 v0x7f93dde04a60_0, 0, 32;
    %jmp T_2.0;
T_2.1 ;
    %end;
    .scope S_0x7f93dde04780;
t_0 %join;
    %vpi_call/w 3 155 "$display", "Finishing Sim" {0 0 0};
    %vpi_call/w 3 156 "$finish" {0 0 0};
    %end;
    .thread T_2;
# The file index is used to find the file name in the following table.
:file_names 5;
    "N/A";
    "<interactive>";
    "-";
    "sim/compare_tb.sv";
    "src/compare.sv";
